[0.021s] Invoking command in '/home/dev/ws/src/dynamic-box/my_rosbag_reader/cluster_node/build/cluster_node': CMAKE_PREFIX_PATH=${CMAKE_PREFIX_PATH}:/home/dev/ws/src/dynamic-box/my_rosbag_reader/install/my_rosbag_reader:/opt/ros/humble /usr/bin/cmake --build /home/dev/ws/src/dynamic-box/my_rosbag_reader/cluster_node/build/cluster_node -- -j22 -l22
[0.111s] [  2%] Built target cluster_node__cpp
[0.113s] [ 12%] Built target cluster_node__rosidl_generator_c
[0.124s] [ 12%] Built target ament_cmake_python_copy_cluster_node
[0.134s] [ 21%] Built target cluster_node__rosidl_typesupport_c
[0.134s] [ 31%] Built target cluster_node__rosidl_typesupport_introspection_cpp
[0.135s] [ 65%] Built target cluster_node__rosidl_typesupport_introspection_c
[0.135s] [ 65%] Built target cluster_node__rosidl_typesupport_cpp
[0.135s] [ 68%] Built target cluster_node__rosidl_typesupport_fastrtps_cpp
[0.135s] [ 70%] Built target cluster_node__rosidl_typesupport_fastrtps_c
[0.148s] [ 70%] Built target cluster_node
[0.164s] [ 73%] Built target cluster_node__py
[0.164s] [35m[1mConsolidate compiler generated dependencies of target cluster_cpp[0m
[0.181s] [ 80%] Built target cluster_node__rosidl_generator_py
[0.186s] [ 82%] [32mBuilding CXX object CMakeFiles/cluster_cpp.dir/src/cluster_node.cpp.o[0m
[0.198s] [ 97%] Built target cluster_node__rosidl_typesupport_c__pyext
[0.198s] [ 97%] Built target cluster_node__rosidl_typesupport_introspection_c__pyext
[0.198s] [ 97%] Built target cluster_node__rosidl_typesupport_fastrtps_c__pyext
[0.259s] running egg_info
[0.266s] writing cluster_node.egg-info/PKG-INFO
[0.267s] writing dependency_links to cluster_node.egg-info/dependency_links.txt
[0.267s] writing top-level names to cluster_node.egg-info/top_level.txt
[0.288s] reading manifest file 'cluster_node.egg-info/SOURCES.txt'
[0.289s] writing manifest file 'cluster_node.egg-info/SOURCES.txt'
[0.310s] [ 97%] Built target ament_cmake_python_build_cluster_node_egg
[5.153s] [01m[K/home/dev/ws/src/dynamic-box/my_rosbag_reader/cluster_node/src/cluster_node.cpp:26:18:[m[K [01;31m[Kerror: [m[Kâ€˜[01m[Kvector[m[Kâ€™ does not name a type
[5.154s]    26 |     KdTree(const [01;31m[Kvector[m[K<PointT>& points, int dim = -1) {
[5.154s]       |                  [01;31m[K^~~~~~[m[K
[5.154s] [01m[K/home/dev/ws/src/dynamic-box/my_rosbag_reader/cluster_node/src/cluster_node.cpp:26:24:[m[K [01;31m[Kerror: [m[Kexpected â€˜[01m[K,[m[Kâ€™ or â€˜[01m[K...[m[Kâ€™ before â€˜[01m[K<[m[Kâ€™ token
[5.154s]    26 |     KdTree(const vector[01;31m[K<[m[KPointT>& points, int dim = -1) {
[5.154s]       |                        [01;31m[K^[m[K
[5.157s] [01m[K/home/dev/ws/src/dynamic-box/my_rosbag_reader/cluster_node/src/cluster_node.cpp:30:22:[m[K [01;31m[Kerror: [m[Kâ€˜[01m[Kvector[m[Kâ€™ does not name a type
[5.157s]    30 |     void build(const [01;31m[Kvector[m[K<PointT>& points, int dim = -1) {
[5.157s]       |                      [01;31m[K^~~~~~[m[K
[5.157s] [01m[K/home/dev/ws/src/dynamic-box/my_rosbag_reader/cluster_node/src/cluster_node.cpp:30:28:[m[K [01;31m[Kerror: [m[Kexpected â€˜[01m[K,[m[Kâ€™ or â€˜[01m[K...[m[Kâ€™ before â€˜[01m[K<[m[Kâ€™ token
[5.157s]    30 |     void build(const vector[01;31m[K<[m[KPointT>& points, int dim = -1) {
[5.157s]       |                            [01;31m[K^[m[K
[5.161s] [01m[K/home/dev/ws/src/dynamic-box/my_rosbag_reader/cluster_node/src/cluster_node.cpp:48:9:[m[K [01;31m[Kerror: [m[Kâ€˜[01m[Karray[m[Kâ€™ does not name a type
[5.161s]    48 |         [01;31m[Karray[m[K<unique_ptr<Node>, 2> next;
[5.161s]       |         [01;31m[K^~~~~[m[K
[5.168s] [01m[K/home/dev/ws/src/dynamic-box/my_rosbag_reader/cluster_node/src/cluster_node.cpp:61:5:[m[K [01;31m[Kerror: [m[Kâ€˜[01m[Kunique_ptr[m[Kâ€™ does not name a type
[5.168s]    61 |     [01;31m[Kunique_ptr[m[K<Node> build_recursive(int* indices, int npoints, int depth) {
[5.168s]       |     [01;31m[K^~~~~~~~~~[m[K
[5.174s] [01m[K/home/dev/ws/src/dynamic-box/my_rosbag_reader/cluster_node/src/cluster_node.cpp:97:5:[m[K [01;31m[Kerror: [m[Kâ€˜[01m[Kunique_ptr[m[Kâ€™ does not name a type
[5.174s]    97 |     [01;31m[Kunique_ptr[m[K<Node> root_;
[5.174s]       |     [01;31m[K^~~~~~~~~~[m[K
[5.177s] [01m[K/home/dev/ws/src/dynamic-box/my_rosbag_reader/cluster_node/src/cluster_node.cpp:98:5:[m[K [01;31m[Kerror: [m[Kâ€˜[01m[Kvector[m[Kâ€™ does not name a type
[5.177s]    98 |     [01;31m[Kvector[m[K<PointT> points_;
[5.177s]       |     [01;31m[K^~~~~~[m[K
[5.186s] [01m[K/home/dev/ws/src/dynamic-box/my_rosbag_reader/cluster_node/src/cluster_node.cpp:[m[K In constructor â€˜[01m[KKdTree<PointT>::KdTree(int)[m[Kâ€™:
[5.186s] [01m[K/home/dev/ws/src/dynamic-box/my_rosbag_reader/cluster_node/src/cluster_node.cpp:27:15:[m[K [01;31m[Kerror: [m[Kâ€˜[01m[Kpoints[m[Kâ€™ was not declared in this scope; did you mean â€˜[01m[KPointT[m[Kâ€™?
[5.186s]    27 |         build([01;31m[Kpoints[m[K, dim);
[5.186s]       |               [01;31m[K^~~~~~[m[K
[5.186s]       |               [32m[KPointT[m[K
[5.194s] [01m[K/home/dev/ws/src/dynamic-box/my_rosbag_reader/cluster_node/src/cluster_node.cpp:27:23:[m[K [01;31m[Kerror: [m[Kâ€˜[01m[Kdim[m[Kâ€™ was not declared in this scope; did you mean â€˜[01m[Kdim_[m[Kâ€™?
[5.194s]    27 |         build(points, [01;31m[Kdim[m[K);
[5.194s]       |                       [01;31m[K^~~[m[K
[5.194s]       |                       [32m[Kdim_[m[K
[5.203s] [01m[K/home/dev/ws/src/dynamic-box/my_rosbag_reader/cluster_node/src/cluster_node.cpp:[m[K In member function â€˜[01m[Kvoid KdTree<PointT>::build(int)[m[Kâ€™:
[5.203s] [01m[K/home/dev/ws/src/dynamic-box/my_rosbag_reader/cluster_node/src/cluster_node.cpp:32:9:[m[K [01;31m[Kerror: [m[Kâ€˜[01m[Kpoints_[m[Kâ€™ was not declared in this scope
[5.203s]    32 |         [01;31m[Kpoints_[m[K = points;
[5.203s]       |         [01;31m[K^~~~~~~[m[K
[5.211s] [01m[K/home/dev/ws/src/dynamic-box/my_rosbag_reader/cluster_node/src/cluster_node.cpp:32:19:[m[K [01;31m[Kerror: [m[Kâ€˜[01m[Kpoints[m[Kâ€™ was not declared in this scope; did you mean â€˜[01m[KPointT[m[Kâ€™?
[5.211s]    32 |         points_ = [01;31m[Kpoints[m[K;
[5.211s]       |                   [01;31m[K^~~~~~[m[K
[5.211s]       |                   [32m[KPointT[m[K
[5.220s] [01m[K/home/dev/ws/src/dynamic-box/my_rosbag_reader/cluster_node/src/cluster_node.cpp:33:17:[m[K [01;31m[Kerror: [m[Kâ€˜[01m[Kdim[m[Kâ€™ was not declared in this scope; did you mean â€˜[01m[Kdim_[m[Kâ€™?
[5.220s]    33 |         dim_ = ([01;31m[Kdim[m[K > 0) ? dim : 3;
[5.220s]       |                 [01;31m[K^~~[m[K
[5.220s]       |                 [32m[Kdim_[m[K
[5.221s] [01m[K/home/dev/ws/src/dynamic-box/my_rosbag_reader/cluster_node/src/cluster_node.cpp:35:9:[m[K [01;31m[Kerror: [m[Kâ€˜[01m[Kvector[m[Kâ€™ was not declared in this scope
[5.221s]    35 |         [01;31m[Kvector[m[K<int> indices(points.size());
[5.221s]       |         [01;31m[K^~~~~~[m[K
[5.223s] [01m[K/home/dev/ws/src/dynamic-box/my_rosbag_reader/cluster_node/src/cluster_node.cpp:35:9:[m[K [01;36m[Knote: [m[Ksuggested alternatives:
[5.224s] In file included from [01m[K/usr/include/c++/11/vector:67[m[K,
[5.224s]                  from [01m[K/usr/include/c++/11/functional:62[m[K,
[5.224s]                  from [01m[K/usr/include/c++/11/pstl/glue_algorithm_defs.h:13[m[K,
[5.224s]                  from [01m[K/usr/include/c++/11/algorithm:74[m[K,
[5.224s]                  from [01m[K/opt/ros/humble/include/rclcpp/rclcpp/executor.hpp:18[m[K,
[5.224s]                  from [01m[K/opt/ros/humble/include/rclcpp/rclcpp/executors/multi_threaded_executor.hpp:25[m[K,
[5.224s]                  from [01m[K/opt/ros/humble/include/rclcpp/rclcpp/executors.hpp:21[m[K,
[5.224s]                  from [01m[K/opt/ros/humble/include/rclcpp/rclcpp/rclcpp.hpp:155[m[K,
[5.224s]                  from [01m[K/home/dev/ws/src/dynamic-box/my_rosbag_reader/cluster_node/src/cluster_node.cpp:1[m[K:
[5.224s] [01m[K/usr/include/c++/11/bits/stl_vector.h:389:11:[m[K [01;36m[Knote: [m[K  â€˜[01m[Kstd::vector[m[Kâ€™
[5.225s]   389 |     class [01;36m[Kvector[m[K : protected _Vector_base<_Tp, _Alloc>
[5.225s]       |           [01;36m[K^~~~~~[m[K
[5.225s] In file included from [01m[K/usr/include/c++/11/functional:62[m[K,
[5.225s]                  from [01m[K/usr/include/c++/11/pstl/glue_algorithm_defs.h:13[m[K,
[5.225s]                  from [01m[K/usr/include/c++/11/algorithm:74[m[K,
[5.225s]                  from [01m[K/opt/ros/humble/include/rclcpp/rclcpp/executor.hpp:18[m[K,
[5.225s]                  from [01m[K/opt/ros/humble/include/rclcpp/rclcpp/executors/multi_threaded_executor.hpp:25[m[K,
[5.225s]                  from [01m[K/opt/ros/humble/include/rclcpp/rclcpp/executors.hpp:21[m[K,
[5.225s]                  from [01m[K/opt/ros/humble/include/rclcpp/rclcpp/rclcpp.hpp:155[m[K,
[5.225s]                  from [01m[K/home/dev/ws/src/dynamic-box/my_rosbag_reader/cluster_node/src/cluster_node.cpp:1[m[K:
[5.225s] [01m[K/usr/include/c++/11/vector:86:13:[m[K [01;36m[Knote: [m[K  â€˜[01m[Kstd::pmr::vector[m[Kâ€™
[5.225s]    86 |       using [01;36m[Kvector[m[K = std::vector<_Tp, polymorphic_allocator<_Tp>>;
[5.225s]       |             [01;36m[K^~~~~~[m[K
[5.225s] In file included from [01m[K/usr/include/boost/mpl/aux_/include_preprocessed.hpp:37[m[K,
[5.225s]                  from [01m[K/usr/include/boost/mpl/vector.hpp:46[m[K,
[5.225s]                  from [01m[K/usr/include/pcl-1.12/pcl/point_struct_traits.h:43[m[K,
[5.225s]                  from [01m[K/usr/include/pcl-1.12/pcl/type_traits.h:40[m[K,
[5.225s]                  from [01m[K/usr/include/pcl-1.12/pcl/memory.h:46[m[K,
[5.225s]                  from [01m[K/usr/include/pcl-1.12/pcl/PCLPointField.h:3[m[K,
[5.225s]                  from [01m[K/usr/include/pcl-1.12/pcl/conversions.h:46[m[K,
[5.225s]                  from [01m[K/opt/ros/humble/include/pcl_conversions/pcl_conversions/pcl_conversions.h:47[m[K,
[5.225s]                  from [01m[K/home/dev/ws/src/dynamic-box/my_rosbag_reader/cluster_node/src/cluster_node.cpp:5[m[K:
[5.225s] [01m[K/usr/include/boost/mpl/aux_/preprocessed/gcc/vector.hpp:22:8:[m[K [01;36m[Knote: [m[K  â€˜[01m[Kboost::mpl::vector[m[Kâ€™
[5.225s]    22 | struct [01;36m[Kvector[m[K;
[5.225s]       |        [01;36m[K^~~~~~[m[K
[5.226s] [01m[K/home/dev/ws/src/dynamic-box/my_rosbag_reader/cluster_node/src/cluster_node.cpp:35:16:[m[K [01;31m[Kerror: [m[Kexpected primary-expression before â€˜[01m[Kint[m[Kâ€™
[5.226s]    35 |         vector<[01;31m[Kint[m[K> indices(points.size());
[5.226s]       |                [01;31m[K^~~[m[K
[5.235s] [01m[K/home/dev/ws/src/dynamic-box/my_rosbag_reader/cluster_node/src/cluster_node.cpp:36:14:[m[K [01;31m[Kerror: [m[Kâ€˜[01m[Kindices[m[Kâ€™ was not declared in this scope; did you mean â€˜[01m[Knice[m[Kâ€™?
[5.235s]    36 |         iota([01;31m[Kindices[m[K.begin(), indices.end(), 0);
[5.235s]       |              [01;31m[K^~~~~~~[m[K
[5.235s]       |              [32m[Knice[m[K
[5.235s] [01m[K/home/dev/ws/src/dynamic-box/my_rosbag_reader/cluster_node/src/cluster_node.cpp:36:9:[m[K [01;31m[Kerror: [m[Kthere are no arguments to â€˜[01m[Kiota[m[Kâ€™ that depend on a template parameter, so a declaration of â€˜[01m[Kiota[m[Kâ€™ must be available [[01;31m[K]8;;https://gcc.gnu.org/onlinedocs/gcc/Warning-Options.html#index-fpermissive-fpermissive]8;;[m[K]
[5.235s]    36 |         [01;31m[Kiota[m[K(indices.begin(), indices.end(), 0);
[5.235s]       |         [01;31m[K^~~~[m[K
[5.235s] [01m[K/home/dev/ws/src/dynamic-box/my_rosbag_reader/cluster_node/src/cluster_node.cpp:36:9:[m[K [01;36m[Knote: [m[K(if you use â€˜[01m[K-fpermissive[m[Kâ€™, G++ will accept your code, but allowing the use of an undeclared name is deprecated)
[5.244s] [01m[K/home/dev/ws/src/dynamic-box/my_rosbag_reader/cluster_node/src/cluster_node.cpp:38:9:[m[K [01;31m[Kerror: [m[Kâ€˜[01m[Kroot_[m[Kâ€™ was not declared in this scope
[5.244s]    38 |         [01;31m[Kroot_[m[K = build_recursive(indices.data(), static_cast<int>(points.size()), 0);
[5.244s]       |         [01;31m[K^~~~~[m[K
[5.244s] [01m[K/home/dev/ws/src/dynamic-box/my_rosbag_reader/cluster_node/src/cluster_node.cpp:38:17:[m[K [01;31m[Kerror: [m[Kthere are no arguments to â€˜[01m[Kbuild_recursive[m[Kâ€™ that depend on a template parameter, so a declaration of â€˜[01m[Kbuild_recursive[m[Kâ€™ must be available [[01;31m[K]8;;https://gcc.gnu.org/onlinedocs/gcc/Warning-Options.html#index-fpermissive-fpermissive]8;;[m[K]
[5.245s]    38 |         root_ = [01;31m[Kbuild_recursive[m[K(indices.data(), static_cast<int>(points.size()), 0);
[5.245s]       |                 [01;31m[K^~~~~~~~~~~~~~~[m[K
[5.254s] [01m[K/home/dev/ws/src/dynamic-box/my_rosbag_reader/cluster_node/src/cluster_node.cpp:[m[K In member function â€˜[01m[Kvoid KdTree<PointT>::clear()[m[Kâ€™:
[5.254s] [01m[K/home/dev/ws/src/dynamic-box/my_rosbag_reader/cluster_node/src/cluster_node.cpp:42:9:[m[K [01;31m[Kerror: [m[Kâ€˜[01m[Kroot_[m[Kâ€™ was not declared in this scope
[5.254s]    42 |         [01;31m[Kroot_[m[K.reset();
[5.254s]       |         [01;31m[K^~~~~[m[K
[5.263s] [01m[K/home/dev/ws/src/dynamic-box/my_rosbag_reader/cluster_node/src/cluster_node.cpp:43:9:[m[K [01;31m[Kerror: [m[Kâ€˜[01m[Kpoints_[m[Kâ€™ was not declared in this scope
[5.263s]    43 |         [01;31m[Kpoints_[m[K.clear();
[5.263s]       |         [01;31m[K^~~~~~~[m[K
[5.264s] [01m[K/home/dev/ws/src/dynamic-box/my_rosbag_reader/cluster_node/src/cluster_node.cpp:[m[K In member function â€˜[01m[Kint KdTree<PointT>::search(const PointT&, double*) const[m[Kâ€™:
[5.264s] [01m[K/home/dev/ws/src/dynamic-box/my_rosbag_reader/cluster_node/src/cluster_node.cpp:54:27:[m[K [01;31m[Kerror: [m[Kâ€˜[01m[Knumeric_limits[m[Kâ€™ was not declared in this scope
[5.264s]    54 |         double _minDist = [01;31m[Knumeric_limits[m[K<double>::max();
[5.265s]       |                           [01;31m[K^~~~~~~~~~~~~~[m[K
[5.265s] [01m[K/home/dev/ws/src/dynamic-box/my_rosbag_reader/cluster_node/src/cluster_node.cpp:54:27:[m[K [01;36m[Knote: [m[Ksuggested alternatives:
[5.265s] In file included from [01m[K/usr/include/c++/11/chrono:41[m[K,
[5.265s]                  from [01m[K/usr/include/c++/11/mutex:39[m[K,
[5.265s]                  from [01m[K/usr/include/c++/11/future:38[m[K,
[5.265s]                  from [01m[K/opt/ros/humble/include/rclcpp/rclcpp/executors.hpp:18[m[K,
[5.265s]                  from [01m[K/opt/ros/humble/include/rclcpp/rclcpp/rclcpp.hpp:155[m[K,
[5.265s]                  from [01m[K/home/dev/ws/src/dynamic-box/my_rosbag_reader/cluster_node/src/cluster_node.cpp:1[m[K:
[5.265s] [01m[K/usr/include/c++/11/limits:312:12:[m[K [01;36m[Knote: [m[K  â€˜[01m[Kstd::numeric_limits[m[Kâ€™
[5.265s]   312 |     struct [01;36m[Knumeric_limits[m[K : public __numeric_limits_base
[5.265s]       |            [01;36m[K^~~~~~~~~~~~~~[m[K
[5.265s] [01m[K/usr/include/c++/11/limits:312:12:[m[K [01;36m[Knote: [m[K  â€˜[01m[Kstd::numeric_limits[m[Kâ€™
[5.265s] [01m[K/home/dev/ws/src/dynamic-box/my_rosbag_reader/cluster_node/src/cluster_node.cpp:54:42:[m[K [01;31m[Kerror: [m[Kexpected primary-expression before â€˜[01m[Kdouble[m[Kâ€™
[5.266s]    54 |         double _minDist = numeric_limits<[01;31m[Kdouble[m[K>::max();
[5.266s]       |                                          [01;31m[K^~~~~~[m[K
[5.273s] [01m[K/home/dev/ws/src/dynamic-box/my_rosbag_reader/cluster_node/src/cluster_node.cpp:55:33:[m[K [01;31m[Kerror: [m[Kâ€˜[01m[Kroot_[m[Kâ€™ was not declared in this scope
[5.273s]    55 |         search_recursive(query, [01;31m[Kroot_[m[K.get(), &guess, &_minDist);
[5.273s]       |                                 [01;31m[K^~~~~[m[K
[5.282s] [01m[K/home/dev/ws/src/dynamic-box/my_rosbag_reader/cluster_node/src/cluster_node.cpp:[m[K In member function â€˜[01m[Kvoid KdTree<PointT>::search_recursive(const PointT&, const KdTree<PointT>::Node*, int*, double*) const[m[Kâ€™:
[5.282s] [01m[K/home/dev/ws/src/dynamic-box/my_rosbag_reader/cluster_node/src/cluster_node.cpp:85:31:[m[K [01;31m[Kerror: [m[Kâ€˜[01m[Kpoints_[m[Kâ€™ was not declared in this scope
[5.282s]    85 |         const PointT& train = [01;31m[Kpoints_[m[K[node->idx];
[5.282s]       |                               [01;31m[K^~~~~~~[m[K
[8.167s] gmake[2]: *** [CMakeFiles/cluster_cpp.dir/build.make:76: CMakeFiles/cluster_cpp.dir/src/cluster_node.cpp.o] Error 1
[8.167s] gmake[1]: *** [CMakeFiles/Makefile2:594: CMakeFiles/cluster_cpp.dir/all] Error 2
[8.168s] gmake: *** [Makefile:146: all] Error 2
[8.170s] Invoked command in '/home/dev/ws/src/dynamic-box/my_rosbag_reader/cluster_node/build/cluster_node' returned '2': CMAKE_PREFIX_PATH=${CMAKE_PREFIX_PATH}:/home/dev/ws/src/dynamic-box/my_rosbag_reader/install/my_rosbag_reader:/opt/ros/humble /usr/bin/cmake --build /home/dev/ws/src/dynamic-box/my_rosbag_reader/cluster_node/build/cluster_node -- -j22 -l22
