[0.012s] Invoking command in '/home/dev/ws/src/dynamic-box/my_rosbag_reader/cluster_node/build/cluster_node': CMAKE_PREFIX_PATH=${CMAKE_PREFIX_PATH}:/home/dev/ws/src/dynamic-box/my_rosbag_reader/install/my_rosbag_reader:/opt/ros/humble /usr/bin/cmake --build /home/dev/ws/src/dynamic-box/my_rosbag_reader/cluster_node/build/cluster_node -- -j22 -l22
[0.045s] [  7%] Built target cluster_node__cpp
[0.045s] [ 12%] Built target cluster_node__rosidl_generator_c
[0.050s] [ 12%] Built target ament_cmake_python_copy_cluster_node
[0.061s] [ 21%] Built target cluster_node__rosidl_typesupport_c
[0.062s] [ 31%] Built target cluster_node__rosidl_typesupport_cpp
[0.063s] [ 51%] Built target cluster_node__rosidl_typesupport_introspection_c
[0.063s] [ 51%] Built target cluster_node__rosidl_typesupport_introspection_cpp
[0.063s] [ 60%] Built target cluster_node__rosidl_typesupport_fastrtps_cpp
[0.066s] [ 70%] Built target cluster_node__rosidl_typesupport_fastrtps_c
[0.077s] [ 70%] Built target cluster_node
[0.087s] [35m[1mConsolidate compiler generated dependencies of target cluster_cpp[0m
[0.089s] [ 73%] Built target cluster_node__py
[0.102s] [ 80%] Built target cluster_node__rosidl_generator_py
[0.105s] [ 82%] [32mBuilding CXX object CMakeFiles/cluster_cpp.dir/src/cluster_node.cpp.o[0m
[0.117s] [ 92%] Built target cluster_node__rosidl_typesupport_c__pyext
[0.117s] [ 92%] Built target cluster_node__rosidl_typesupport_fastrtps_c__pyext
[0.118s] [ 97%] Built target cluster_node__rosidl_typesupport_introspection_c__pyext
[0.169s] running egg_info
[0.177s] writing cluster_node.egg-info/PKG-INFO
[0.177s] writing dependency_links to cluster_node.egg-info/dependency_links.txt
[0.178s] writing top-level names to cluster_node.egg-info/top_level.txt
[0.197s] reading manifest file 'cluster_node.egg-info/SOURCES.txt'
[0.198s] writing manifest file 'cluster_node.egg-info/SOURCES.txt'
[0.218s] [ 97%] Built target ament_cmake_python_build_cluster_node_egg
[4.550s] [01m[K/home/dev/ws/src/dynamic-box/my_rosbag_reader/cluster_node/src/cluster_node.cpp:206:32:[m[K [01;31m[Kerror: [m[Kexpected unqualified-id before â€˜[01m[K>[m[Kâ€™ token
[4.551s]   206 |     std::vector<Eigen::Vector4d[01;31m[K>>[m[K grow_seed(const Vector4d seed, const MatrixXd& data, int itr, const vector<Vector4d>& C_prev) {
[4.551s]       |                                [01;31m[K^~[m[K
[5.104s] [01m[K/home/dev/ws/src/dynamic-box/my_rosbag_reader/cluster_node/src/cluster_node.cpp:[m[K In member function â€˜[01m[Kvoid ClusterNode::listenerCallback(sensor_msgs::msg::PointCloud2_<std::allocator<void> >::SharedPtr)[m[Kâ€™:
[5.105s] [01m[K/home/dev/ws/src/dynamic-box/my_rosbag_reader/cluster_node/src/cluster_node.cpp:194:66:[m[K [01;31m[Kerror: [m[Kâ€˜[01m[Kgrow_seed[m[Kâ€™ was not declared in this scope
[5.105s]   194 |                 futures.push_back(std::async(std::launch::async, [01;31m[Kgrow_seed[m[K, seed, data_, iter_, C_prev_));
[5.105s]       |                                                                  [01;31m[K^~~~~~~~~[m[K
[5.254s] [01m[K/home/dev/ws/src/dynamic-box/my_rosbag_reader/cluster_node/src/cluster_node.cpp:[m[K In member function â€˜[01m[Kstd::tuple<std::vector<std::vector<Eigen::Matrix<double, 4, 1, 0, 4, 1>, std::allocator<Eigen::Matrix<double, 4, 1, 0, 4, 1> > >, std::allocator<std::vector<Eigen::Matrix<double, 4, 1, 0, 4, 1>, std::allocator<Eigen::Matrix<double, 4, 1, 0, 4, 1> > > > >, std::vector<Eigen::Matrix<double, 4, 1, 0, 4, 1>, std::allocator<Eigen::Matrix<double, 4, 1, 0, 4, 1> > > > ClusterNode::euclidean_cluster(Eigen::Vector4d, const MatrixXd&, double, int, const string&, const std::vector<Eigen::Matrix<double, 4, 1> >&, bool, double)[m[Kâ€™:
[5.255s] [01m[K/home/dev/ws/src/dynamic-box/my_rosbag_reader/cluster_node/src/cluster_node.cpp:219:29:[m[K [01;35m[Kwarning: [m[Kunused parameter â€˜[01m[KMIN_CLUSTER_SIZE[m[Kâ€™ [[01;35m[K]8;;https://gcc.gnu.org/onlinedocs/gcc/Warning-Options.html#index-Wunused-parameter-Wunused-parameter]8;;[m[K]
[5.255s]   219 |                         [01;35m[Kint MIN_CLUSTER_SIZE = 1[m[K,
[5.255s]       |                         [01;35m[K~~~~^~~~~~~~~~~~~~~~~~~~[m[K
[7.974s] gmake[2]: *** [CMakeFiles/cluster_cpp.dir/build.make:76: CMakeFiles/cluster_cpp.dir/src/cluster_node.cpp.o] Error 1
[7.974s] gmake[1]: *** [CMakeFiles/Makefile2:594: CMakeFiles/cluster_cpp.dir/all] Error 2
[7.974s] gmake: *** [Makefile:146: all] Error 2
[7.976s] Invoked command in '/home/dev/ws/src/dynamic-box/my_rosbag_reader/cluster_node/build/cluster_node' returned '2': CMAKE_PREFIX_PATH=${CMAKE_PREFIX_PATH}:/home/dev/ws/src/dynamic-box/my_rosbag_reader/install/my_rosbag_reader:/opt/ros/humble /usr/bin/cmake --build /home/dev/ws/src/dynamic-box/my_rosbag_reader/cluster_node/build/cluster_node -- -j22 -l22
