[  2%] Built target cluster_node__cpp
[ 12%] Built target cluster_node__rosidl_generator_c
[ 12%] Built target ament_cmake_python_copy_cluster_node
[ 39%] Built target cluster_node__rosidl_typesupport_introspection_c
[ 39%] Built target cluster_node__rosidl_typesupport_introspection_cpp
[ 41%] Built target cluster_node__rosidl_typesupport_cpp
[ 51%] Built target cluster_node__rosidl_typesupport_fastrtps_cpp
[ 60%] Built target cluster_node__rosidl_typesupport_fastrtps_c
[ 70%] Built target cluster_node__rosidl_typesupport_c
[ 70%] Built target cluster_node
[35m[1mConsolidate compiler generated dependencies of target cluster_cpp[0m
[ 73%] Built target cluster_node__py
[ 80%] Built target cluster_node__rosidl_generator_py
[ 82%] [32mBuilding CXX object CMakeFiles/cluster_cpp.dir/src/cluster_node.cpp.o[0m
[ 92%] Built target cluster_node__rosidl_typesupport_c__pyext
[ 92%] Built target cluster_node__rosidl_typesupport_fastrtps_c__pyext
[ 97%] Built target cluster_node__rosidl_typesupport_introspection_c__pyext
running egg_info
writing cluster_node.egg-info/PKG-INFO
writing dependency_links to cluster_node.egg-info/dependency_links.txt
writing top-level names to cluster_node.egg-info/top_level.txt
reading manifest file 'cluster_node.egg-info/SOURCES.txt'
writing manifest file 'cluster_node.egg-info/SOURCES.txt'
[ 97%] Built target ament_cmake_python_build_cluster_node_egg
[01m[K/home/dev/ws/src/dynamic-box/my_rosbag_reader/cluster_node/src/cluster_node.cpp:321:2:[m[K [01;31m[Kerror: [m[Kexpected â€˜[01m[K}[m[Kâ€™ at end of input
  321 | }
      |  [01;31m[K^[m[K
[01m[K/home/dev/ws/src/dynamic-box/my_rosbag_reader/cluster_node/src/cluster_node.cpp:105:41:[m[K [01;36m[Knote: [m[Kto match this â€˜[01m[K{[m[Kâ€™
  105 | class ClusterNode : public rclcpp::Node [01;36m[K{[m[K
      |                                         [01;36m[K^[m[K
[01m[K/home/dev/ws/src/dynamic-box/my_rosbag_reader/cluster_node/src/cluster_node.cpp:[m[K In constructor â€˜[01m[KClusterNode::ClusterNode()[m[Kâ€™:
[01m[K/home/dev/ws/src/dynamic-box/my_rosbag_reader/cluster_node/src/cluster_node.cpp:108:28:[m[K [01;31m[Kerror: [m[Kclass â€˜[01m[KClusterNode[m[Kâ€™ does not have any field named â€˜[01m[Kiter_[m[Kâ€™
  108 |     : Node("cluster_cpp"), [01;31m[Kiter_[m[K(0)
      |                            [01;31m[K^~~~~[m[K
[01m[K/home/dev/ws/src/dynamic-box/my_rosbag_reader/cluster_node/src/cluster_node.cpp:110:9:[m[K [01;31m[Kerror: [m[Kâ€˜[01m[KC_prev_[m[Kâ€™ was not declared in this scope
  110 |         [01;31m[KC_prev_[m[K = MatrixXd::Zero(1, 4);
      |         [01;31m[K^~~~~~~[m[K
[01m[K/home/dev/ws/src/dynamic-box/my_rosbag_reader/cluster_node/src/cluster_node.cpp:111:9:[m[K [01;31m[Kerror: [m[Kâ€˜[01m[Kdata_[m[Kâ€™ was not declared in this scope
  111 |         [01;31m[Kdata_[m[K = MatrixXd(0, 4);
      |         [01;31m[K^~~~~[m[K
[01m[K/home/dev/ws/src/dynamic-box/my_rosbag_reader/cluster_node/src/cluster_node.cpp:113:9:[m[K [01;31m[Kerror: [m[Kâ€˜[01m[Klidar_sub_[m[Kâ€™ was not declared in this scope
  113 |         [01;31m[Klidar_sub_[m[K = this->create_subscription<sensor_msgs::msg::PointCloud2>(
      |         [01;31m[K^~~~~~~~~~[m[K
[01m[K/home/dev/ws/src/dynamic-box/my_rosbag_reader/cluster_node/src/cluster_node.cpp:[m[K In member function â€˜[01m[Kvoid ClusterNode::listenerCallback(sensor_msgs::msg::PointCloud2_<std::allocator<void> >::SharedPtr)[m[Kâ€™:
[01m[K/home/dev/ws/src/dynamic-box/my_rosbag_reader/cluster_node/src/cluster_node.cpp:122:11:[m[K [01;31m[Kerror: [m[Kâ€˜[01m[Kiter_[m[Kâ€™ was not declared in this scope; did you mean â€˜[01m[Ktimer_t[m[Kâ€™?
  122 |         ++[01;31m[Kiter_[m[K;
      |           [01;31m[K^~~~~[m[K
      |           [32m[Ktimer_t[m[K
[01m[K/home/dev/ws/src/dynamic-box/my_rosbag_reader/cluster_node/src/cluster_node.cpp:154:13:[m[K [01;31m[Kerror: [m[Kâ€˜[01m[Kdata_[m[Kâ€™ was not declared in this scope
  154 |             [01;31m[Kdata_[m[K = cloud;
      |             [01;31m[K^~~~~[m[K
[01m[K/home/dev/ws/src/dynamic-box/my_rosbag_reader/cluster_node/src/cluster_node.cpp:164:33:[m[K [01;31m[Kerror: [m[Kâ€˜[01m[KC_prev_[m[Kâ€™ was not declared in this scope
  164 |             for (int i = 0; i < [01;31m[KC_prev_[m[K.rows(); ++i) {
      |                                 [01;31m[K^~~~~~~[m[K
[01m[K/home/dev/ws/src/dynamic-box/my_rosbag_reader/cluster_node/src/cluster_node.cpp:168:63:[m[K [01;31m[Kerror: [m[Kexpected primary-expression before â€˜[01m[K)[m[Kâ€™ token
  168 |                 Vector3d query_point = C_prev_.row(i).head<3>([01;31m[K)[m[K;
      |                                                               [01;31m[K^[m[K
[01m[K/home/dev/ws/src/dynamic-box/my_rosbag_reader/cluster_node/src/cluster_node.cpp:194:95:[m[K [01;31m[Kerror: [m[Kâ€˜[01m[KC_prev_[m[Kâ€™ was not declared in this scope
  194 |                 futures.push_back(std::async(std::launch::async, [this, seed, &data_, iter_, &[01;31m[KC_prev_[m[K]() {
      |                                                                                               [01;31m[K^~~~~~~[m[K
[01m[K/home/dev/ws/src/dynamic-box/my_rosbag_reader/cluster_node/src/cluster_node.cpp:[m[K In lambda function:
[01m[K/home/dev/ws/src/dynamic-box/my_rosbag_reader/cluster_node/src/cluster_node.cpp:195:30:[m[K [01;31m[Kerror: [m[Kâ€˜[01m[Kclass ClusterNode[m[Kâ€™ has no member named â€˜[01m[Kgrow_seed[m[Kâ€™
  195 |                 return this->[01;31m[Kgrow_seed[m[K(seed, data_, iter_, C_prev_);
      |                              [01;31m[K^~~~~~~~~[m[K
[01m[K/home/dev/ws/src/dynamic-box/my_rosbag_reader/cluster_node/src/cluster_node.cpp:195:46:[m[K [01;31m[Kerror: [m[Kâ€˜[01m[Kdata_[m[Kâ€™ is not captured
  195 |                 return this->grow_seed(seed, [01;31m[Kdata_[m[K, iter_, C_prev_);
      |                                              [01;31m[K^~~~~[m[K
[01m[K/home/dev/ws/src/dynamic-box/my_rosbag_reader/cluster_node/src/cluster_node.cpp:194:102:[m[K [01;36m[Knote: [m[Kthe lambda has no capture-default
  194 |                 futures.push_back(std::async(std::launch::async, [this, seed, &data_, iter_, &C_prev_[01;36m[K][m[K() {
      |                                                                                                      [01;36m[K^[m[K
[01m[K/home/dev/ws/src/dynamic-box/my_rosbag_reader/cluster_node/src/cluster_node.cpp:154:13:[m[K [01;36m[Knote: [m[Kâ€˜[01m[K<typeprefixerror>data_[m[Kâ€™ declared here
  154 |             [01;36m[Kdata_[m[K = cloud;
      |             [01;36m[K^~~~~[m[K
[01m[K/home/dev/ws/src/dynamic-box/my_rosbag_reader/cluster_node/src/cluster_node.cpp:195:53:[m[K [01;31m[Kerror: [m[Kâ€˜[01m[Kiter_[m[Kâ€™ is not captured
  195 |                 return this->grow_seed(seed, data_, [01;31m[Kiter_[m[K, C_prev_);
      |                                                     [01;31m[K^~~~~[m[K
[01m[K/home/dev/ws/src/dynamic-box/my_rosbag_reader/cluster_node/src/cluster_node.cpp:194:102:[m[K [01;36m[Knote: [m[Kthe lambda has no capture-default
  194 |                 futures.push_back(std::async(std::launch::async, [this, seed, &data_, iter_, &C_prev_[01;36m[K][m[K() {
      |                                                                                                      [01;36m[K^[m[K
[01m[K/home/dev/ws/src/dynamic-box/my_rosbag_reader/cluster_node/src/cluster_node.cpp:122:11:[m[K [01;36m[Knote: [m[Kâ€˜[01m[K<typeprefixerror>iter_[m[Kâ€™ declared here
  122 |         ++[01;36m[Kiter_[m[K;
      |           [01;36m[K^~~~~[m[K
[01m[K/home/dev/ws/src/dynamic-box/my_rosbag_reader/cluster_node/src/cluster_node.cpp:195:60:[m[K [01;31m[Kerror: [m[Kâ€˜[01m[KC_prev_[m[Kâ€™ is not captured
  195 |                 return this->grow_seed(seed, data_, iter_, [01;31m[KC_prev_[m[K);
      |                                                            [01;31m[K^~~~~~~[m[K
[01m[K/home/dev/ws/src/dynamic-box/my_rosbag_reader/cluster_node/src/cluster_node.cpp:194:102:[m[K [01;36m[Knote: [m[Kthe lambda has no capture-default
  194 |                 futures.push_back(std::async(std::launch::async, [this, seed, &data_, iter_, &C_prev_[01;36m[K][m[K() {
      |                                                                                                      [01;36m[K^[m[K
[01m[K/home/dev/ws/src/dynamic-box/my_rosbag_reader/cluster_node/src/cluster_node.cpp:194:95:[m[K [01;36m[Knote: [m[Kâ€˜[01m[K<typeprefixerror>C_prev_[m[Kâ€™ declared here
  194 |                 futures.push_back(std::async(std::launch::async, [this, seed, &data_, iter_, &[01;36m[KC_prev_[m[K]() {
      |                                                                                               [01;36m[K^~~~~~~[m[K
[01m[K/home/dev/ws/src/dynamic-box/my_rosbag_reader/cluster_node/src/cluster_node.cpp:[m[K In member function â€˜[01m[Kvoid ClusterNode::listenerCallback(sensor_msgs::msg::PointCloud2_<std::allocator<void> >::SharedPtr)[m[Kâ€™:
[01m[K/home/dev/ws/src/dynamic-box/my_rosbag_reader/cluster_node/src/cluster_node.cpp:198:13:[m[K [01;31m[Kerror: [m[Kexpected â€˜[01m[K)[m[Kâ€™ before â€˜[01m[Kstd[m[Kâ€™
  198 |             [01;31m[Kstd[m[K::vector<std::vector<Vector4d>> C;
      |             [01;31m[K^~~[m[K
[01m[K/home/dev/ws/src/dynamic-box/my_rosbag_reader/cluster_node/src/cluster_node.cpp:194:45:[m[K [01;36m[Knote: [m[Kto match this â€˜[01m[K([m[Kâ€™
  194 |                 futures.push_back(std::async[01;36m[K([m[Kstd::launch::async, [this, seed, &data_, iter_, &C_prev_]() {
      |                                             [01;36m[K^[m[K
[01m[K/home/dev/ws/src/dynamic-box/my_rosbag_reader/cluster_node/src/cluster_node.cpp:201:17:[m[K [01;31m[Kerror: [m[Kâ€˜[01m[KC[m[Kâ€™ was not declared in this scope
  201 |                 [01;31m[KC[m[K.insert(C.end(), clusters.begin(), clusters.end());
      |                 [01;31m[K^[m[K
[01m[K/home/dev/ws/src/dynamic-box/my_rosbag_reader/cluster_node/src/cluster_node.cpp:207:131:[m[K [01;31m[Kerror: [m[Ka function-definition is not allowed here before â€˜[01m[K{[m[Kâ€™ token
  207 |     vector<vector<Eigen::Vector4d>> grow_seed(const Vector4d seed, const MatrixXd& data, int itr, const vector<Vector4d>& C_prev) [01;31m[K{[m[K
      |                                                                                                                                   [01;31m[K^[m[K
[01m[K/home/dev/ws/src/dynamic-box/my_rosbag_reader/cluster_node/src/cluster_node.cpp:226:27:[m[K [01;31m[Kerror: [m[Ka function-definition is not allowed here before â€˜[01m[K{[m[Kâ€™ token
  226 |                         ) [01;31m[K{[m[K
      |                           [01;31m[K^[m[K
[01m[K/home/dev/ws/src/dynamic-box/my_rosbag_reader/cluster_node/src/cluster_node.cpp:[m[K In member function â€˜[01m[Kint ClusterNode::main(int, char**)[m[Kâ€™:
[01m[K/home/dev/ws/src/dynamic-box/my_rosbag_reader/cluster_node/src/cluster_node.cpp:317:39:[m[K [01;31m[Kerror: [m[Kno matching function for call to â€˜[01m[KClusterNode::make_shared<ClusterNode>()[m[Kâ€™
  317 |   auto node = [01;31m[Kmake_shared<ClusterNode>()[m[K;
      |               [01;31m[K~~~~~~~~~~~~~~~~~~~~~~~~^~[m[K
In file included from [01m[K/opt/ros/humble/include/rclcpp/rclcpp/context.hpp:35[m[K,
                 from [01m[K/opt/ros/humble/include/rclcpp/rclcpp/executor.hpp:34[m[K,
                 from [01m[K/opt/ros/humble/include/rclcpp/rclcpp/executors/multi_threaded_executor.hpp:25[m[K,
                 from [01m[K/opt/ros/humble/include/rclcpp/rclcpp/executors.hpp:21[m[K,
                 from [01m[K/opt/ros/humble/include/rclcpp/rclcpp/rclcpp.hpp:155[m[K,
                 from [01m[K/home/dev/ws/src/dynamic-box/my_rosbag_reader/cluster_node/src/cluster_node.cpp:1[m[K:
[01m[K/opt/ros/humble/include/rclcpp/rclcpp/node.hpp:80:3:[m[K [01;36m[Knote: [m[Kcandidate: â€˜[01m[Kstatic std::shared_ptr<rclcpp::Node> rclcpp::Node::make_shared(Args&& ...) [with Args = {ClusterNode}][m[Kâ€™
   80 |   [01;36m[KRCLCPP_SMART_PTR_DEFINITIONS[m[K(Node)
      |   [01;36m[K^~~~~~~~~~~~~~~~~~~~~~~~~~~~[m[K
[01m[K/opt/ros/humble/include/rclcpp/rclcpp/node.hpp:80:3:[m[K [01;36m[Knote: [m[K  candidate expects 1 argument, 0 provided
[01m[K/home/dev/ws/src/dynamic-box/my_rosbag_reader/cluster_node/src/cluster_node.cpp:[m[K At global scope:
[01m[K/home/dev/ws/src/dynamic-box/my_rosbag_reader/cluster_node/src/cluster_node.cpp:321:2:[m[K [01;31m[Kerror: [m[Kexpected unqualified-id at end of input
  321 | }
      |  [01;31m[K^[m[K
gmake[2]: *** [CMakeFiles/cluster_cpp.dir/build.make:76: CMakeFiles/cluster_cpp.dir/src/cluster_node.cpp.o] Error 1
gmake[1]: *** [CMakeFiles/Makefile2:594: CMakeFiles/cluster_cpp.dir/all] Error 2
gmake: *** [Makefile:146: all] Error 2
