[  2%] Built target cluster_node__cpp
[ 12%] Built target cluster_node__rosidl_generator_c
[ 12%] Built target ament_cmake_python_copy_cluster_node
[ 26%] Built target cluster_node__rosidl_typesupport_introspection_c
[ 48%] Built target cluster_node__rosidl_typesupport_fastrtps_cpp
[ 48%] Built target cluster_node__rosidl_typesupport_c
[ 53%] Built target cluster_node__rosidl_typesupport_cpp
[ 60%] Built target cluster_node__rosidl_typesupport_fastrtps_c
[ 70%] Built target cluster_node__rosidl_typesupport_introspection_cpp
[ 70%] Built target cluster_node
[ 73%] Built target cluster_node__py
[35m[1mConsolidate compiler generated dependencies of target cluster_cpp[0m
[ 80%] Built target cluster_node__rosidl_generator_py
[ 82%] [32mBuilding CXX object CMakeFiles/cluster_cpp.dir/src/cluster_node.cpp.o[0m
[ 95%] Built target cluster_node__rosidl_typesupport_introspection_c__pyext
[ 95%] Built target cluster_node__rosidl_typesupport_c__pyext
[ 97%] Built target cluster_node__rosidl_typesupport_fastrtps_c__pyext
running egg_info
writing cluster_node.egg-info/PKG-INFO
writing dependency_links to cluster_node.egg-info/dependency_links.txt
writing top-level names to cluster_node.egg-info/top_level.txt
reading manifest file 'cluster_node.egg-info/SOURCES.txt'
writing manifest file 'cluster_node.egg-info/SOURCES.txt'
[ 97%] Built target ament_cmake_python_build_cluster_node_egg
[01m[K/home/dev/ws/src/dynamic-box/my_rosbag_reader/cluster_node/src/cluster_node.cpp:[m[K In member function â€˜[01m[Kvoid ClusterNode::listenerCallback(sensor_msgs::msg::PointCloud2_<std::allocator<void> >::SharedPtr)[m[Kâ€™:
[01m[K/home/dev/ws/src/dynamic-box/my_rosbag_reader/cluster_node/src/cluster_node.cpp:42:70:[m[K [01;31m[Kerror: [m[Kâ€˜[01m[KPoints[m[Kâ€™ is not a member of â€˜[01m[Kopen3d::geometry::PointCloud[m[Kâ€™
   42 |         pcd.points_ = std::make_shared<open3d::geometry::PointCloud::[01;31m[KPoints[m[K>(
      |                                                                      [01;31m[K^~~~~~[m[K
[01m[K/home/dev/ws/src/dynamic-box/my_rosbag_reader/cluster_node/src/cluster_node.cpp:42:77:[m[K [01;31m[Kerror: [m[Kno matching function for call to â€˜[01m[Kmake_shared<<expression error> >(std::vector<Eigen::Matrix<double, 4, 1> >::iterator, std::vector<Eigen::Matrix<double, 4, 1> >::iterator)[m[Kâ€™
   42 |         pcd.points_ = [01;31m[Kstd::make_shared<open3d::geometry::PointCloud::Points>([m[K
      |                       [01;31m[K~~~~~~~~~~~~~~~~~~~~~~~~~~~~~~~~~~~~~~~~~~~~~~~~~~~~~~^[m[K
   43 | [01;31m[K            cloud.begin(), cloud.end())[m[K;
      |             [01;31m[K~~~~~~~~~~~~~~~~~~~~~~~~~~~[m[K                                      
In file included from [01m[K/usr/include/c++/11/memory:77[m[K,
                 from [01m[K/opt/ros/humble/include/rclcpp/rclcpp/rclcpp.hpp:153[m[K,
                 from [01m[K/home/dev/ws/src/dynamic-box/my_rosbag_reader/cluster_node/src/cluster_node.cpp:1[m[K:
[01m[K/usr/include/c++/11/bits/shared_ptr.h:875:5:[m[K [01;36m[Knote: [m[Kcandidate: â€˜[01m[Ktemplate<class _Tp, class ... _Args> std::shared_ptr<_Tp> std::make_shared(_Args&& ...)[m[Kâ€™
  875 |     [01;36m[Kmake_shared[m[K(_Args&&... __args)
      |     [01;36m[K^~~~~~~~~~~[m[K
[01m[K/usr/include/c++/11/bits/shared_ptr.h:875:5:[m[K [01;36m[Knote: [m[K  template argument deduction/substitution failed:
[01m[K/home/dev/ws/src/dynamic-box/my_rosbag_reader/cluster_node/src/cluster_node.cpp:42:77:[m[K [01;31m[Kerror: [m[Ktemplate argument 1 is invalid
   42 |         pcd.points_ = [01;31m[Kstd::make_shared<open3d::geometry::PointCloud::Points>([m[K
      |                       [01;31m[K~~~~~~~~~~~~~~~~~~~~~~~~~~~~~~~~~~~~~~~~~~~~~~~~~~~~~~^[m[K
   43 | [01;31m[K            cloud.begin(), cloud.end())[m[K;
      |             [01;31m[K~~~~~~~~~~~~~~~~~~~~~~~~~~~[m[K                                      
gmake[2]: *** [CMakeFiles/cluster_cpp.dir/build.make:76: CMakeFiles/cluster_cpp.dir/src/cluster_node.cpp.o] Error 1
gmake[1]: *** [CMakeFiles/Makefile2:594: CMakeFiles/cluster_cpp.dir/all] Error 2
gmake: *** [Makefile:146: all] Error 2
