[0.022s] Invoking command in '/home/dev/ws/src/dynamic-box/my_rosbag_reader/cluster_node/build/cluster_node': CMAKE_PREFIX_PATH=${CMAKE_PREFIX_PATH}:/home/dev/ws/src/dynamic-box/my_rosbag_reader/install/my_rosbag_reader:/opt/ros/humble /usr/bin/cmake --build /home/dev/ws/src/dynamic-box/my_rosbag_reader/cluster_node/build/cluster_node -- -j22 -l22
[0.124s] [  2%] Built target cluster_node__cpp
[0.125s] [ 12%] Built target cluster_node__rosidl_generator_c
[0.137s] [ 12%] Built target ament_cmake_python_copy_cluster_node
[0.146s] [ 26%] Built target cluster_node__rosidl_typesupport_introspection_c
[0.146s] [ 48%] Built target cluster_node__rosidl_typesupport_fastrtps_cpp
[0.146s] [ 48%] Built target cluster_node__rosidl_typesupport_c
[0.146s] [ 53%] Built target cluster_node__rosidl_typesupport_cpp
[0.147s] [ 60%] Built target cluster_node__rosidl_typesupport_fastrtps_c
[0.147s] [ 70%] Built target cluster_node__rosidl_typesupport_introspection_cpp
[0.161s] [ 70%] Built target cluster_node
[0.175s] [ 73%] Built target cluster_node__py
[0.177s] [35m[1mConsolidate compiler generated dependencies of target cluster_cpp[0m
[0.193s] [ 80%] Built target cluster_node__rosidl_generator_py
[0.199s] [ 82%] [32mBuilding CXX object CMakeFiles/cluster_cpp.dir/src/cluster_node.cpp.o[0m
[0.210s] [ 95%] Built target cluster_node__rosidl_typesupport_introspection_c__pyext
[0.210s] [ 95%] Built target cluster_node__rosidl_typesupport_c__pyext
[0.210s] [ 97%] Built target cluster_node__rosidl_typesupport_fastrtps_c__pyext
[0.274s] running egg_info
[0.281s] writing cluster_node.egg-info/PKG-INFO
[0.282s] writing dependency_links to cluster_node.egg-info/dependency_links.txt
[0.282s] writing top-level names to cluster_node.egg-info/top_level.txt
[0.303s] reading manifest file 'cluster_node.egg-info/SOURCES.txt'
[0.304s] writing manifest file 'cluster_node.egg-info/SOURCES.txt'
[0.325s] [ 97%] Built target ament_cmake_python_build_cluster_node_egg
[5.302s] [01m[K/home/dev/ws/src/dynamic-box/my_rosbag_reader/cluster_node/src/cluster_node.cpp:[m[K In member function â€˜[01m[Kvoid ClusterNode::listenerCallback(sensor_msgs::msg::PointCloud2_<std::allocator<void> >::SharedPtr)[m[Kâ€™:
[5.303s] [01m[K/home/dev/ws/src/dynamic-box/my_rosbag_reader/cluster_node/src/cluster_node.cpp:42:70:[m[K [01;31m[Kerror: [m[Kâ€˜[01m[KPoints[m[Kâ€™ is not a member of â€˜[01m[Kopen3d::geometry::PointCloud[m[Kâ€™
[5.303s]    42 |         pcd.points_ = std::make_shared<open3d::geometry::PointCloud::[01;31m[KPoints[m[K>(
[5.303s]       |                                                                      [01;31m[K^~~~~~[m[K
[5.303s] [01m[K/home/dev/ws/src/dynamic-box/my_rosbag_reader/cluster_node/src/cluster_node.cpp:42:77:[m[K [01;31m[Kerror: [m[Kno matching function for call to â€˜[01m[Kmake_shared<<expression error> >(std::vector<Eigen::Matrix<double, 4, 1> >::iterator, std::vector<Eigen::Matrix<double, 4, 1> >::iterator)[m[Kâ€™
[5.303s]    42 |         pcd.points_ = [01;31m[Kstd::make_shared<open3d::geometry::PointCloud::Points>([m[K
[5.303s]       |                       [01;31m[K~~~~~~~~~~~~~~~~~~~~~~~~~~~~~~~~~~~~~~~~~~~~~~~~~~~~~~^[m[K
[5.303s]    43 | [01;31m[K            cloud.begin(), cloud.end())[m[K;
[5.303s]       |             [01;31m[K~~~~~~~~~~~~~~~~~~~~~~~~~~~[m[K                                      
[5.303s] In file included from [01m[K/usr/include/c++/11/memory:77[m[K,
[5.303s]                  from [01m[K/opt/ros/humble/include/rclcpp/rclcpp/rclcpp.hpp:153[m[K,
[5.303s]                  from [01m[K/home/dev/ws/src/dynamic-box/my_rosbag_reader/cluster_node/src/cluster_node.cpp:1[m[K:
[5.303s] [01m[K/usr/include/c++/11/bits/shared_ptr.h:875:5:[m[K [01;36m[Knote: [m[Kcandidate: â€˜[01m[Ktemplate<class _Tp, class ... _Args> std::shared_ptr<_Tp> std::make_shared(_Args&& ...)[m[Kâ€™
[5.303s]   875 |     [01;36m[Kmake_shared[m[K(_Args&&... __args)
[5.303s]       |     [01;36m[K^~~~~~~~~~~[m[K
[5.303s] [01m[K/usr/include/c++/11/bits/shared_ptr.h:875:5:[m[K [01;36m[Knote: [m[K  template argument deduction/substitution failed:
[5.304s] [01m[K/home/dev/ws/src/dynamic-box/my_rosbag_reader/cluster_node/src/cluster_node.cpp:42:77:[m[K [01;31m[Kerror: [m[Ktemplate argument 1 is invalid
[5.304s]    42 |         pcd.points_ = [01;31m[Kstd::make_shared<open3d::geometry::PointCloud::Points>([m[K
[5.304s]       |                       [01;31m[K~~~~~~~~~~~~~~~~~~~~~~~~~~~~~~~~~~~~~~~~~~~~~~~~~~~~~~^[m[K
[5.304s]    43 | [01;31m[K            cloud.begin(), cloud.end())[m[K;
[5.304s]       |             [01;31m[K~~~~~~~~~~~~~~~~~~~~~~~~~~~[m[K                                      
[8.187s] gmake[2]: *** [CMakeFiles/cluster_cpp.dir/build.make:76: CMakeFiles/cluster_cpp.dir/src/cluster_node.cpp.o] Error 1
[8.187s] gmake[1]: *** [CMakeFiles/Makefile2:594: CMakeFiles/cluster_cpp.dir/all] Error 2
[8.187s] gmake: *** [Makefile:146: all] Error 2
[8.190s] Invoked command in '/home/dev/ws/src/dynamic-box/my_rosbag_reader/cluster_node/build/cluster_node' returned '2': CMAKE_PREFIX_PATH=${CMAKE_PREFIX_PATH}:/home/dev/ws/src/dynamic-box/my_rosbag_reader/install/my_rosbag_reader:/opt/ros/humble /usr/bin/cmake --build /home/dev/ws/src/dynamic-box/my_rosbag_reader/cluster_node/build/cluster_node -- -j22 -l22
