[0.020s] Invoking command in '/home/dev/ws/src/dynamic-box/my_rosbag_reader/cluster_node/build/cluster_node': CMAKE_PREFIX_PATH=${CMAKE_PREFIX_PATH}:/home/dev/ws/src/dynamic-box/my_rosbag_reader/install/my_rosbag_reader:/opt/ros/humble /usr/bin/cmake --build /home/dev/ws/src/dynamic-box/my_rosbag_reader/cluster_node/build/cluster_node -- -j22 -l22
[0.116s] [  2%] Built target cluster_node__cpp
[0.118s] [ 12%] Built target cluster_node__rosidl_generator_c
[0.129s] [ 12%] Built target ament_cmake_python_copy_cluster_node
[0.139s] [ 21%] Built target cluster_node__rosidl_typesupport_introspection_c
[0.139s] [ 31%] Built target cluster_node__rosidl_typesupport_c
[0.140s] [ 41%] Built target cluster_node__rosidl_typesupport_cpp
[0.140s] [ 51%] Built target cluster_node__rosidl_typesupport_fastrtps_c
[0.140s] [ 60%] Built target cluster_node__rosidl_typesupport_fastrtps_cpp
[0.140s] [ 70%] Built target cluster_node__rosidl_typesupport_introspection_cpp
[0.154s] [ 70%] Built target cluster_node
[0.168s] [35m[1mConsolidate compiler generated dependencies of target cluster_cpp[0m
[0.168s] [ 73%] Built target cluster_node__py
[0.183s] [ 80%] Built target cluster_node__rosidl_generator_py
[0.191s] [ 82%] [32mBuilding CXX object CMakeFiles/cluster_cpp.dir/src/cluster_node.cpp.o[0m
[0.200s] [ 92%] Built target cluster_node__rosidl_typesupport_c__pyext
[0.200s] [ 92%] Built target cluster_node__rosidl_typesupport_fastrtps_c__pyext
[0.200s] [ 97%] Built target cluster_node__rosidl_typesupport_introspection_c__pyext
[0.264s] running egg_info
[0.271s] writing cluster_node.egg-info/PKG-INFO
[0.272s] writing dependency_links to cluster_node.egg-info/dependency_links.txt
[0.272s] writing top-level names to cluster_node.egg-info/top_level.txt
[0.293s] reading manifest file 'cluster_node.egg-info/SOURCES.txt'
[0.293s] writing manifest file 'cluster_node.egg-info/SOURCES.txt'
[0.313s] [ 97%] Built target ament_cmake_python_build_cluster_node_egg
[5.121s] [01m[K/home/dev/ws/src/dynamic-box/my_rosbag_reader/cluster_node/src/cluster_node.cpp:121:32:[m[K [01;31m[Kerror: [m[Kexpected unqualified-id before â€˜[01m[K>[m[Kâ€™ token
[5.121s]   121 |     std::vector<Eigen::Vector4d[01;31m[K>>[m[K grow_seed(const Vector4d seed, const MatrixXd& data, int itr, const vector<Vector4d>& C_prev) {
[5.121s]       |                                [01;31m[K^~[m[K
[5.650s] [01m[K/home/dev/ws/src/dynamic-box/my_rosbag_reader/cluster_node/src/cluster_node.cpp:[m[K In member function â€˜[01m[Kvoid ClusterNode::listenerCallback(sensor_msgs::msg::PointCloud2_<std::allocator<void> >::SharedPtr)[m[Kâ€™:
[5.650s] [01m[K/home/dev/ws/src/dynamic-box/my_rosbag_reader/cluster_node/src/cluster_node.cpp:203:66:[m[K [01;31m[Kerror: [m[Kâ€˜[01m[Kgrow_seed[m[Kâ€™ was not declared in this scope
[5.650s]   203 |                 futures.push_back(std::async(std::launch::async, [01;31m[Kgrow_seed[m[K, seed, data_, iter_, C_prev_));
[5.650s]       |                                                                  [01;31m[K^~~~~~~~~[m[K
[5.792s] [01m[K/home/dev/ws/src/dynamic-box/my_rosbag_reader/cluster_node/src/cluster_node.cpp:[m[K In member function â€˜[01m[Kstd::tuple<std::vector<std::vector<Eigen::Matrix<double, 4, 1, 0, 4, 1>, std::allocator<Eigen::Matrix<double, 4, 1, 0, 4, 1> > >, std::allocator<std::vector<Eigen::Matrix<double, 4, 1, 0, 4, 1>, std::allocator<Eigen::Matrix<double, 4, 1, 0, 4, 1> > > > >, std::vector<Eigen::Matrix<double, 4, 1, 0, 4, 1>, std::allocator<Eigen::Matrix<double, 4, 1, 0, 4, 1> > > > ClusterNode::euclidean_cluster(Eigen::Vector4d, const MatrixXd&, double, int, const string&, const std::vector<Eigen::Matrix<double, 4, 1> >&, bool, double)[m[Kâ€™:
[5.792s] [01m[K/home/dev/ws/src/dynamic-box/my_rosbag_reader/cluster_node/src/cluster_node.cpp:219:29:[m[K [01;35m[Kwarning: [m[Kunused parameter â€˜[01m[KMIN_CLUSTER_SIZE[m[Kâ€™ [[01;35m[K]8;;https://gcc.gnu.org/onlinedocs/gcc/Warning-Options.html#index-Wunused-parameter-Wunused-parameter]8;;[m[K]
[5.792s]   219 |                         [01;35m[Kint MIN_CLUSTER_SIZE = 1[m[K,
[5.792s]       |                         [01;35m[K~~~~^~~~~~~~~~~~~~~~~~~~[m[K
[8.517s] gmake[2]: *** [CMakeFiles/cluster_cpp.dir/build.make:76: CMakeFiles/cluster_cpp.dir/src/cluster_node.cpp.o] Error 1
[8.517s] gmake[1]: *** [CMakeFiles/Makefile2:594: CMakeFiles/cluster_cpp.dir/all] Error 2
[8.518s] gmake: *** [Makefile:146: all] Error 2
[8.520s] Invoked command in '/home/dev/ws/src/dynamic-box/my_rosbag_reader/cluster_node/build/cluster_node' returned '2': CMAKE_PREFIX_PATH=${CMAKE_PREFIX_PATH}:/home/dev/ws/src/dynamic-box/my_rosbag_reader/install/my_rosbag_reader:/opt/ros/humble /usr/bin/cmake --build /home/dev/ws/src/dynamic-box/my_rosbag_reader/cluster_node/build/cluster_node -- -j22 -l22
