[0.011s] Invoking command in '/home/dev/ws/src/dynamic-box/my_rosbag_reader/cluster_node/build/cluster_node': CMAKE_PREFIX_PATH=${CMAKE_PREFIX_PATH}:/home/dev/ws/src/dynamic-box/my_rosbag_reader/install/my_rosbag_reader:/opt/ros/humble /usr/bin/cmake --build /home/dev/ws/src/dynamic-box/my_rosbag_reader/cluster_node/build/cluster_node -- -j22 -l22
[0.044s] [  2%] Built target cluster_node__cpp
[0.045s] [ 12%] Built target cluster_node__rosidl_generator_c
[0.050s] [ 12%] Built target ament_cmake_python_copy_cluster_node
[0.062s] [ 29%] Built target cluster_node__rosidl_typesupport_c
[0.062s] [ 31%] Built target cluster_node__rosidl_typesupport_cpp
[0.063s] [ 41%] Built target cluster_node__rosidl_typesupport_introspection_c
[0.063s] [ 51%] Built target cluster_node__rosidl_typesupport_introspection_cpp
[0.063s] [ 60%] Built target cluster_node__rosidl_typesupport_fastrtps_c
[0.063s] [ 70%] Built target cluster_node__rosidl_typesupport_fastrtps_cpp
[0.075s] [ 70%] Built target cluster_node
[0.086s] [35m[1mConsolidate compiler generated dependencies of target cluster_cpp[0m
[0.087s] [ 73%] Built target cluster_node__py
[0.102s] [ 80%] Built target cluster_node__rosidl_generator_py
[0.104s] [ 82%] [32mBuilding CXX object CMakeFiles/cluster_cpp.dir/src/cluster_node.cpp.o[0m
[0.118s] [ 97%] Built target cluster_node__rosidl_typesupport_c__pyext
[0.118s] [ 97%] Built target cluster_node__rosidl_typesupport_fastrtps_c__pyext
[0.118s] [ 97%] Built target cluster_node__rosidl_typesupport_introspection_c__pyext
[0.175s] running egg_info
[0.181s] writing cluster_node.egg-info/PKG-INFO
[0.181s] writing dependency_links to cluster_node.egg-info/dependency_links.txt
[0.182s] writing top-level names to cluster_node.egg-info/top_level.txt
[0.201s] reading manifest file 'cluster_node.egg-info/SOURCES.txt'
[0.202s] writing manifest file 'cluster_node.egg-info/SOURCES.txt'
[0.225s] [ 97%] Built target ament_cmake_python_build_cluster_node_egg
[4.305s] [01m[K/home/dev/ws/src/dynamic-box/my_rosbag_reader/cluster_node/src/cluster_node.cpp:159:11:[m[K [01;31m[Kerror: [m[Kdeduced class type â€˜[01m[Ktuple[m[Kâ€™ in function return type
[4.305s]   159 |     tuple [01;31m[Keuclidean_cluster[m[K(const Vector4d seeds,
[4.306s]       |           [01;31m[K^~~~~~~~~~~~~~~~~[m[K
[4.306s] In file included from [01m[K/usr/include/c++/11/bits/move.h:57[m[K,
[4.306s]                  from [01m[K/usr/include/c++/11/bits/stl_pair.h:59[m[K,
[4.306s]                  from [01m[K/usr/include/c++/11/bits/stl_algobase.h:64[m[K,
[4.306s]                  from [01m[K/usr/include/c++/11/memory:63[m[K,
[4.306s]                  from [01m[K/opt/ros/humble/include/rclcpp/rclcpp/rclcpp.hpp:153[m[K,
[4.306s]                  from [01m[K/home/dev/ws/src/dynamic-box/my_rosbag_reader/cluster_node/src/cluster_node.cpp:1[m[K:
[4.306s] [01m[K/usr/include/c++/11/type_traits:45:11:[m[K [01;36m[Knote: [m[Kâ€˜[01m[Ktemplate<class ... _Elements> class std::tuple[m[Kâ€™ declared here
[4.306s]    45 |     class [01;36m[Ktuple[m[K;
[4.306s]       |           [01;36m[K^~~~~[m[K
[4.345s] [01m[K/home/dev/ws/src/dynamic-box/my_rosbag_reader/cluster_node/src/cluster_node.cpp:[m[K In constructor â€˜[01m[KClusterNode::ClusterNode()[m[Kâ€™:
[4.345s] [01m[K/home/dev/ws/src/dynamic-box/my_rosbag_reader/cluster_node/src/cluster_node.cpp:115:56:[m[K [01;31m[Kerror: [m[Kreference to â€˜[01m[Kplaceholders[m[Kâ€™ is ambiguous
[4.345s]   115 |             bind(&ClusterNode::listenerCallback, this, [01;31m[Kplaceholders[m[K::_1));
[4.345s]       |                                                        [01;31m[K^~~~~~~~~~~~[m[K
[4.345s] In file included from [01m[K/usr/include/c++/11/pstl/glue_algorithm_defs.h:13[m[K,
[4.346s]                  from [01m[K/usr/include/c++/11/algorithm:74[m[K,
[4.346s]                  from [01m[K/opt/ros/humble/include/rclcpp/rclcpp/executor.hpp:18[m[K,
[4.346s]                  from [01m[K/opt/ros/humble/include/rclcpp/rclcpp/executors/multi_threaded_executor.hpp:25[m[K,
[4.346s]                  from [01m[K/opt/ros/humble/include/rclcpp/rclcpp/executors.hpp:21[m[K,
[4.346s]                  from [01m[K/opt/ros/humble/include/rclcpp/rclcpp/rclcpp.hpp:155[m[K,
[4.346s]                  from [01m[K/home/dev/ws/src/dynamic-box/my_rosbag_reader/cluster_node/src/cluster_node.cpp:1[m[K:
[4.346s] [01m[K/usr/include/c++/11/functional:219:13:[m[K [01;36m[Knote: [m[Kcandidates are: â€˜[01m[Knamespace std::placeholders { }[m[Kâ€™
[4.346s]   219 |   namespace [01;36m[Kplaceholders[m[K
[4.346s]       |             [01;36m[K^~~~~~~~~~~~[m[K
[4.346s] In file included from [01m[K/usr/include/eigen3/Eigen/Core:265[m[K,
[4.346s]                  from [01m[K/usr/include/eigen3/Eigen/Dense:1[m[K,
[4.346s]                  from [01m[K/home/dev/ws/src/dynamic-box/my_rosbag_reader/cluster_node/src/cluster_node.cpp:4[m[K:
[4.346s] [01m[K/usr/include/eigen3/Eigen/src/Core/util/IndexedViewHelper.h:174:11:[m[K [01;36m[Knote: [m[K                â€˜[01m[Knamespace Eigen::placeholders { }[m[Kâ€™
[4.346s]   174 | namespace [01;36m[Kplaceholders[m[K {
[4.346s]       |           [01;36m[K^~~~~~~~~~~~[m[K
[5.919s] gmake[2]: *** [CMakeFiles/cluster_cpp.dir/build.make:76: CMakeFiles/cluster_cpp.dir/src/cluster_node.cpp.o] Error 1
[5.920s] gmake[1]: *** [CMakeFiles/Makefile2:594: CMakeFiles/cluster_cpp.dir/all] Error 2
[5.920s] gmake: *** [Makefile:146: all] Error 2
[5.922s] Invoked command in '/home/dev/ws/src/dynamic-box/my_rosbag_reader/cluster_node/build/cluster_node' returned '2': CMAKE_PREFIX_PATH=${CMAKE_PREFIX_PATH}:/home/dev/ws/src/dynamic-box/my_rosbag_reader/install/my_rosbag_reader:/opt/ros/humble /usr/bin/cmake --build /home/dev/ws/src/dynamic-box/my_rosbag_reader/cluster_node/build/cluster_node -- -j22 -l22
