[0.010s] Invoking command in '/home/dev/ws/src/dynamic-box/my_rosbag_reader/cluster_node/build/cluster_node': CMAKE_PREFIX_PATH=${CMAKE_PREFIX_PATH}:/home/dev/ws/src/dynamic-box/my_rosbag_reader/install/my_rosbag_reader:/opt/ros/humble /usr/bin/cmake --build /home/dev/ws/src/dynamic-box/my_rosbag_reader/cluster_node/build/cluster_node -- -j22 -l22
[0.047s] [  2%] Built target cluster_node__cpp
[0.047s] [ 12%] Built target cluster_node__rosidl_generator_c
[0.052s] [ 12%] Built target ament_cmake_python_copy_cluster_node
[0.064s] [ 31%] Built target cluster_node__rosidl_typesupport_introspection_c
[0.065s] [ 31%] Built target cluster_node__rosidl_typesupport_c
[0.065s] [ 41%] Built target cluster_node__rosidl_typesupport_cpp
[0.065s] [ 60%] Built target cluster_node__rosidl_typesupport_fastrtps_c
[0.065s] [ 60%] Built target cluster_node__rosidl_typesupport_introspection_cpp
[0.066s] [ 70%] Built target cluster_node__rosidl_typesupport_fastrtps_cpp
[0.077s] [ 70%] Built target cluster_node
[0.087s] [35m[1mConsolidate compiler generated dependencies of target cluster_cpp[0m
[0.089s] [ 73%] Built target cluster_node__py
[0.105s] [ 80%] Built target cluster_node__rosidl_generator_py
[0.106s] [ 82%] [32mBuilding CXX object CMakeFiles/cluster_cpp.dir/src/cluster_node.cpp.o[0m
[0.121s] [ 97%] Built target cluster_node__rosidl_typesupport_c__pyext
[0.121s] [ 97%] Built target cluster_node__rosidl_typesupport_introspection_c__pyext
[0.121s] [ 97%] Built target cluster_node__rosidl_typesupport_fastrtps_c__pyext
[0.173s] running egg_info
[0.179s] writing cluster_node.egg-info/PKG-INFO
[0.181s] writing dependency_links to cluster_node.egg-info/dependency_links.txt
[0.182s] writing top-level names to cluster_node.egg-info/top_level.txt
[0.207s] reading manifest file 'cluster_node.egg-info/SOURCES.txt'
[0.207s] writing manifest file 'cluster_node.egg-info/SOURCES.txt'
[0.228s] [ 97%] Built target ament_cmake_python_build_cluster_node_egg
[4.484s] [01m[K/home/dev/ws/src/dynamic-box/my_rosbag_reader/cluster_node/src/cluster_node.cpp:26:18:[m[K [01;31m[Kerror: [m[Kâ€˜[01m[Kvector[m[Kâ€™ does not name a type
[4.484s]    26 |     KdTree(const [01;31m[Kvector[m[K<PointT>& points, int dim = -1) {
[4.484s]       |                  [01;31m[K^~~~~~[m[K
[4.484s] [01m[K/home/dev/ws/src/dynamic-box/my_rosbag_reader/cluster_node/src/cluster_node.cpp:26:24:[m[K [01;31m[Kerror: [m[Kexpected â€˜[01m[K,[m[Kâ€™ or â€˜[01m[K...[m[Kâ€™ before â€˜[01m[K<[m[Kâ€™ token
[4.484s]    26 |     KdTree(const vector[01;31m[K<[m[KPointT>& points, int dim = -1) {
[4.485s]       |                        [01;31m[K^[m[K
[4.487s] [01m[K/home/dev/ws/src/dynamic-box/my_rosbag_reader/cluster_node/src/cluster_node.cpp:30:22:[m[K [01;31m[Kerror: [m[Kâ€˜[01m[Kvector[m[Kâ€™ does not name a type
[4.487s]    30 |     void build(const [01;31m[Kvector[m[K<PointT>& points, int dim = -1) {
[4.487s]       |                      [01;31m[K^~~~~~[m[K
[4.487s] [01m[K/home/dev/ws/src/dynamic-box/my_rosbag_reader/cluster_node/src/cluster_node.cpp:30:28:[m[K [01;31m[Kerror: [m[Kexpected â€˜[01m[K,[m[Kâ€™ or â€˜[01m[K...[m[Kâ€™ before â€˜[01m[K<[m[Kâ€™ token
[4.488s]    30 |     void build(const vector[01;31m[K<[m[KPointT>& points, int dim = -1) {
[4.488s]       |                            [01;31m[K^[m[K
[4.491s] [01m[K/home/dev/ws/src/dynamic-box/my_rosbag_reader/cluster_node/src/cluster_node.cpp:48:9:[m[K [01;31m[Kerror: [m[Kâ€˜[01m[Karray[m[Kâ€™ does not name a type
[4.491s]    48 |         [01;31m[Karray[m[K<unique_ptr<Node>, 2> next;
[4.491s]       |         [01;31m[K^~~~~[m[K
[4.496s] [01m[K/home/dev/ws/src/dynamic-box/my_rosbag_reader/cluster_node/src/cluster_node.cpp:61:5:[m[K [01;31m[Kerror: [m[Kâ€˜[01m[Kunique_ptr[m[Kâ€™ does not name a type
[4.496s]    61 |     [01;31m[Kunique_ptr[m[K<Node> build_recursive(int* indices, int npoints, int depth) {
[4.496s]       |     [01;31m[K^~~~~~~~~~[m[K
[4.502s] [01m[K/home/dev/ws/src/dynamic-box/my_rosbag_reader/cluster_node/src/cluster_node.cpp:97:5:[m[K [01;31m[Kerror: [m[Kâ€˜[01m[Kunique_ptr[m[Kâ€™ does not name a type
[4.502s]    97 |     [01;31m[Kunique_ptr[m[K<Node> root_;
[4.502s]       |     [01;31m[K^~~~~~~~~~[m[K
[4.505s] [01m[K/home/dev/ws/src/dynamic-box/my_rosbag_reader/cluster_node/src/cluster_node.cpp:98:5:[m[K [01;31m[Kerror: [m[Kâ€˜[01m[Kvector[m[Kâ€™ does not name a type
[4.505s]    98 |     [01;31m[Kvector[m[K<PointT> points_;
[4.505s]       |     [01;31m[K^~~~~~[m[K
[4.514s] [01m[K/home/dev/ws/src/dynamic-box/my_rosbag_reader/cluster_node/src/cluster_node.cpp:[m[K In constructor â€˜[01m[KKdTree<PointT>::KdTree(int)[m[Kâ€™:
[4.514s] [01m[K/home/dev/ws/src/dynamic-box/my_rosbag_reader/cluster_node/src/cluster_node.cpp:27:15:[m[K [01;31m[Kerror: [m[Kâ€˜[01m[Kpoints[m[Kâ€™ was not declared in this scope; did you mean â€˜[01m[KPointT[m[Kâ€™?
[4.514s]    27 |         build([01;31m[Kpoints[m[K, dim);
[4.514s]       |               [01;31m[K^~~~~~[m[K
[4.514s]       |               [32m[KPointT[m[K
[4.523s] [01m[K/home/dev/ws/src/dynamic-box/my_rosbag_reader/cluster_node/src/cluster_node.cpp:27:23:[m[K [01;31m[Kerror: [m[Kâ€˜[01m[Kdim[m[Kâ€™ was not declared in this scope; did you mean â€˜[01m[Kdim_[m[Kâ€™?
[4.523s]    27 |         build(points, [01;31m[Kdim[m[K);
[4.523s]       |                       [01;31m[K^~~[m[K
[4.523s]       |                       [32m[Kdim_[m[K
[4.533s] [01m[K/home/dev/ws/src/dynamic-box/my_rosbag_reader/cluster_node/src/cluster_node.cpp:[m[K In member function â€˜[01m[Kvoid KdTree<PointT>::build(int)[m[Kâ€™:
[4.533s] [01m[K/home/dev/ws/src/dynamic-box/my_rosbag_reader/cluster_node/src/cluster_node.cpp:32:9:[m[K [01;31m[Kerror: [m[Kâ€˜[01m[Kpoints_[m[Kâ€™ was not declared in this scope
[4.533s]    32 |         [01;31m[Kpoints_[m[K = points;
[4.533s]       |         [01;31m[K^~~~~~~[m[K
[4.542s] [01m[K/home/dev/ws/src/dynamic-box/my_rosbag_reader/cluster_node/src/cluster_node.cpp:32:19:[m[K [01;31m[Kerror: [m[Kâ€˜[01m[Kpoints[m[Kâ€™ was not declared in this scope; did you mean â€˜[01m[KPointT[m[Kâ€™?
[4.542s]    32 |         points_ = [01;31m[Kpoints[m[K;
[4.542s]       |                   [01;31m[K^~~~~~[m[K
[4.542s]       |                   [32m[KPointT[m[K
[4.551s] [01m[K/home/dev/ws/src/dynamic-box/my_rosbag_reader/cluster_node/src/cluster_node.cpp:33:17:[m[K [01;31m[Kerror: [m[Kâ€˜[01m[Kdim[m[Kâ€™ was not declared in this scope; did you mean â€˜[01m[Kdim_[m[Kâ€™?
[4.551s]    33 |         dim_ = ([01;31m[Kdim[m[K > 0) ? dim : 3;
[4.551s]       |                 [01;31m[K^~~[m[K
[4.551s]       |                 [32m[Kdim_[m[K
[4.553s] [01m[K/home/dev/ws/src/dynamic-box/my_rosbag_reader/cluster_node/src/cluster_node.cpp:35:9:[m[K [01;31m[Kerror: [m[Kâ€˜[01m[Kvector[m[Kâ€™ was not declared in this scope
[4.553s]    35 |         [01;31m[Kvector[m[K<int> indices(points.size());
[4.553s]       |         [01;31m[K^~~~~~[m[K
[4.553s] [01m[K/home/dev/ws/src/dynamic-box/my_rosbag_reader/cluster_node/src/cluster_node.cpp:35:9:[m[K [01;36m[Knote: [m[Ksuggested alternatives:
[4.553s] In file included from [01m[K/usr/include/c++/11/vector:67[m[K,
[4.553s]                  from [01m[K/usr/include/c++/11/functional:62[m[K,
[4.553s]                  from [01m[K/usr/include/c++/11/pstl/glue_algorithm_defs.h:13[m[K,
[4.553s]                  from [01m[K/usr/include/c++/11/algorithm:74[m[K,
[4.553s]                  from [01m[K/opt/ros/humble/include/rclcpp/rclcpp/executor.hpp:18[m[K,
[4.553s]                  from [01m[K/opt/ros/humble/include/rclcpp/rclcpp/executors/multi_threaded_executor.hpp:25[m[K,
[4.553s]                  from [01m[K/opt/ros/humble/include/rclcpp/rclcpp/executors.hpp:21[m[K,
[4.553s]                  from [01m[K/opt/ros/humble/include/rclcpp/rclcpp/rclcpp.hpp:155[m[K,
[4.553s]                  from [01m[K/home/dev/ws/src/dynamic-box/my_rosbag_reader/cluster_node/src/cluster_node.cpp:1[m[K:
[4.553s] [01m[K/usr/include/c++/11/bits/stl_vector.h:389:11:[m[K [01;36m[Knote: [m[K  â€˜[01m[Kstd::vector[m[Kâ€™
[4.553s]   389 |     class [01;36m[Kvector[m[K : protected _Vector_base<_Tp, _Alloc>
[4.553s]       |           [01;36m[K^~~~~~[m[K
[4.553s] In file included from [01m[K/usr/include/c++/11/functional:62[m[K,
[4.553s]                  from [01m[K/usr/include/c++/11/pstl/glue_algorithm_defs.h:13[m[K,
[4.553s]                  from [01m[K/usr/include/c++/11/algorithm:74[m[K,
[4.553s]                  from [01m[K/opt/ros/humble/include/rclcpp/rclcpp/executor.hpp:18[m[K,
[4.553s]                  from [01m[K/opt/ros/humble/include/rclcpp/rclcpp/executors/multi_threaded_executor.hpp:25[m[K,
[4.554s]                  from [01m[K/opt/ros/humble/include/rclcpp/rclcpp/executors.hpp:21[m[K,
[4.554s]                  from [01m[K/opt/ros/humble/include/rclcpp/rclcpp/rclcpp.hpp:155[m[K,
[4.554s]                  from [01m[K/home/dev/ws/src/dynamic-box/my_rosbag_reader/cluster_node/src/cluster_node.cpp:1[m[K:
[4.554s] [01m[K/usr/include/c++/11/vector:86:13:[m[K [01;36m[Knote: [m[K  â€˜[01m[Kstd::pmr::vector[m[Kâ€™
[4.554s]    86 |       using [01;36m[Kvector[m[K = std::vector<_Tp, polymorphic_allocator<_Tp>>;
[4.554s]       |             [01;36m[K^~~~~~[m[K
[4.554s] In file included from [01m[K/usr/include/boost/mpl/aux_/include_preprocessed.hpp:37[m[K,
[4.554s]                  from [01m[K/usr/include/boost/mpl/vector.hpp:46[m[K,
[4.554s]                  from [01m[K/usr/include/pcl-1.12/pcl/point_struct_traits.h:43[m[K,
[4.554s]                  from [01m[K/usr/include/pcl-1.12/pcl/type_traits.h:40[m[K,
[4.554s]                  from [01m[K/usr/include/pcl-1.12/pcl/memory.h:46[m[K,
[4.554s]                  from [01m[K/usr/include/pcl-1.12/pcl/PCLPointField.h:3[m[K,
[4.554s]                  from [01m[K/usr/include/pcl-1.12/pcl/conversions.h:46[m[K,
[4.554s]                  from [01m[K/opt/ros/humble/include/pcl_conversions/pcl_conversions/pcl_conversions.h:47[m[K,
[4.554s]                  from [01m[K/home/dev/ws/src/dynamic-box/my_rosbag_reader/cluster_node/src/cluster_node.cpp:5[m[K:
[4.554s] [01m[K/usr/include/boost/mpl/aux_/preprocessed/gcc/vector.hpp:22:8:[m[K [01;36m[Knote: [m[K  â€˜[01m[Kboost::mpl::vector[m[Kâ€™
[4.554s]    22 | struct [01;36m[Kvector[m[K;
[4.554s]       |        [01;36m[K^~~~~~[m[K
[4.554s] [01m[K/home/dev/ws/src/dynamic-box/my_rosbag_reader/cluster_node/src/cluster_node.cpp:35:16:[m[K [01;31m[Kerror: [m[Kexpected primary-expression before â€˜[01m[Kint[m[Kâ€™
[4.554s]    35 |         vector<[01;31m[Kint[m[K> indices(points.size());
[4.554s]       |                [01;31m[K^~~[m[K
[4.564s] [01m[K/home/dev/ws/src/dynamic-box/my_rosbag_reader/cluster_node/src/cluster_node.cpp:36:14:[m[K [01;31m[Kerror: [m[Kâ€˜[01m[Kindices[m[Kâ€™ was not declared in this scope; did you mean â€˜[01m[Knice[m[Kâ€™?
[4.564s]    36 |         iota([01;31m[Kindices[m[K.begin(), indices.end(), 0);
[4.564s]       |              [01;31m[K^~~~~~~[m[K
[4.564s]       |              [32m[Knice[m[K
[4.564s] [01m[K/home/dev/ws/src/dynamic-box/my_rosbag_reader/cluster_node/src/cluster_node.cpp:36:9:[m[K [01;31m[Kerror: [m[Kthere are no arguments to â€˜[01m[Kiota[m[Kâ€™ that depend on a template parameter, so a declaration of â€˜[01m[Kiota[m[Kâ€™ must be available [[01;31m[K]8;;https://gcc.gnu.org/onlinedocs/gcc/Warning-Options.html#index-fpermissive-fpermissive]8;;[m[K]
[4.564s]    36 |         [01;31m[Kiota[m[K(indices.begin(), indices.end(), 0);
[4.564s]       |         [01;31m[K^~~~[m[K
[4.564s] [01m[K/home/dev/ws/src/dynamic-box/my_rosbag_reader/cluster_node/src/cluster_node.cpp:36:9:[m[K [01;36m[Knote: [m[K(if you use â€˜[01m[K-fpermissive[m[Kâ€™, G++ will accept your code, but allowing the use of an undeclared name is deprecated)
[4.573s] [01m[K/home/dev/ws/src/dynamic-box/my_rosbag_reader/cluster_node/src/cluster_node.cpp:38:9:[m[K [01;31m[Kerror: [m[Kâ€˜[01m[Kroot_[m[Kâ€™ was not declared in this scope
[4.573s]    38 |         [01;31m[Kroot_[m[K = build_recursive(indices.data(), static_cast<int>(points.size()), 0);
[4.573s]       |         [01;31m[K^~~~~[m[K
[4.573s] [01m[K/home/dev/ws/src/dynamic-box/my_rosbag_reader/cluster_node/src/cluster_node.cpp:38:17:[m[K [01;31m[Kerror: [m[Kthere are no arguments to â€˜[01m[Kbuild_recursive[m[Kâ€™ that depend on a template parameter, so a declaration of â€˜[01m[Kbuild_recursive[m[Kâ€™ must be available [[01;31m[K]8;;https://gcc.gnu.org/onlinedocs/gcc/Warning-Options.html#index-fpermissive-fpermissive]8;;[m[K]
[4.573s]    38 |         root_ = [01;31m[Kbuild_recursive[m[K(indices.data(), static_cast<int>(points.size()), 0);
[4.573s]       |                 [01;31m[K^~~~~~~~~~~~~~~[m[K
[4.582s] [01m[K/home/dev/ws/src/dynamic-box/my_rosbag_reader/cluster_node/src/cluster_node.cpp:[m[K In member function â€˜[01m[Kvoid KdTree<PointT>::clear()[m[Kâ€™:
[4.582s] [01m[K/home/dev/ws/src/dynamic-box/my_rosbag_reader/cluster_node/src/cluster_node.cpp:42:9:[m[K [01;31m[Kerror: [m[Kâ€˜[01m[Kroot_[m[Kâ€™ was not declared in this scope
[4.582s]    42 |         [01;31m[Kroot_[m[K.reset();
[4.582s]       |         [01;31m[K^~~~~[m[K
[4.591s] [01m[K/home/dev/ws/src/dynamic-box/my_rosbag_reader/cluster_node/src/cluster_node.cpp:43:9:[m[K [01;31m[Kerror: [m[Kâ€˜[01m[Kpoints_[m[Kâ€™ was not declared in this scope
[4.592s]    43 |         [01;31m[Kpoints_[m[K.clear();
[4.592s]       |         [01;31m[K^~~~~~~[m[K
[4.593s] [01m[K/home/dev/ws/src/dynamic-box/my_rosbag_reader/cluster_node/src/cluster_node.cpp:[m[K In member function â€˜[01m[Kint KdTree<PointT>::search(const PointT&, double*) const[m[Kâ€™:
[4.593s] [01m[K/home/dev/ws/src/dynamic-box/my_rosbag_reader/cluster_node/src/cluster_node.cpp:54:27:[m[K [01;31m[Kerror: [m[Kâ€˜[01m[Knumeric_limits[m[Kâ€™ was not declared in this scope
[4.593s]    54 |         double _minDist = [01;31m[Knumeric_limits[m[K<double>::max();
[4.593s]       |                           [01;31m[K^~~~~~~~~~~~~~[m[K
[4.593s] [01m[K/home/dev/ws/src/dynamic-box/my_rosbag_reader/cluster_node/src/cluster_node.cpp:54:27:[m[K [01;36m[Knote: [m[Ksuggested alternatives:
[4.593s] In file included from [01m[K/usr/include/c++/11/chrono:41[m[K,
[4.594s]                  from [01m[K/usr/include/c++/11/mutex:39[m[K,
[4.594s]                  from [01m[K/usr/include/c++/11/future:38[m[K,
[4.594s]                  from [01m[K/opt/ros/humble/include/rclcpp/rclcpp/executors.hpp:18[m[K,
[4.594s]                  from [01m[K/opt/ros/humble/include/rclcpp/rclcpp/rclcpp.hpp:155[m[K,
[4.594s]                  from [01m[K/home/dev/ws/src/dynamic-box/my_rosbag_reader/cluster_node/src/cluster_node.cpp:1[m[K:
[4.594s] [01m[K/usr/include/c++/11/limits:312:12:[m[K [01;36m[Knote: [m[K  â€˜[01m[Kstd::numeric_limits[m[Kâ€™
[4.594s]   312 |     struct [01;36m[Knumeric_limits[m[K : public __numeric_limits_base
[4.594s]       |            [01;36m[K^~~~~~~~~~~~~~[m[K
[4.594s] [01m[K/usr/include/c++/11/limits:312:12:[m[K [01;36m[Knote: [m[K  â€˜[01m[Kstd::numeric_limits[m[Kâ€™
[4.594s] [01m[K/home/dev/ws/src/dynamic-box/my_rosbag_reader/cluster_node/src/cluster_node.cpp:54:42:[m[K [01;31m[Kerror: [m[Kexpected primary-expression before â€˜[01m[Kdouble[m[Kâ€™
[4.594s]    54 |         double _minDist = numeric_limits<[01;31m[Kdouble[m[K>::max();
[4.594s]       |                                          [01;31m[K^~~~~~[m[K
[4.602s] [01m[K/home/dev/ws/src/dynamic-box/my_rosbag_reader/cluster_node/src/cluster_node.cpp:55:33:[m[K [01;31m[Kerror: [m[Kâ€˜[01m[Kroot_[m[Kâ€™ was not declared in this scope
[4.602s]    55 |         search_recursive(query, [01;31m[Kroot_[m[K.get(), &guess, &_minDist);
[4.602s]       |                                 [01;31m[K^~~~~[m[K
[4.611s] [01m[K/home/dev/ws/src/dynamic-box/my_rosbag_reader/cluster_node/src/cluster_node.cpp:[m[K In member function â€˜[01m[Kvoid KdTree<PointT>::search_recursive(const PointT&, const KdTree<PointT>::Node*, int*, double*) const[m[Kâ€™:
[4.611s] [01m[K/home/dev/ws/src/dynamic-box/my_rosbag_reader/cluster_node/src/cluster_node.cpp:85:31:[m[K [01;31m[Kerror: [m[Kâ€˜[01m[Kpoints_[m[Kâ€™ was not declared in this scope
[4.611s]    85 |         const PointT& train = [01;31m[Kpoints_[m[K[node->idx];
[4.611s]       |                               [01;31m[K^~~~~~~[m[K
[7.498s] gmake[2]: *** [CMakeFiles/cluster_cpp.dir/build.make:76: CMakeFiles/cluster_cpp.dir/src/cluster_node.cpp.o] Error 1
[7.499s] gmake[1]: *** [CMakeFiles/Makefile2:594: CMakeFiles/cluster_cpp.dir/all] Error 2
[7.499s] gmake: *** [Makefile:146: all] Error 2
[7.501s] Invoked command in '/home/dev/ws/src/dynamic-box/my_rosbag_reader/cluster_node/build/cluster_node' returned '2': CMAKE_PREFIX_PATH=${CMAKE_PREFIX_PATH}:/home/dev/ws/src/dynamic-box/my_rosbag_reader/install/my_rosbag_reader:/opt/ros/humble /usr/bin/cmake --build /home/dev/ws/src/dynamic-box/my_rosbag_reader/cluster_node/build/cluster_node -- -j22 -l22
