[0.019s] Invoking command in '/home/dev/ws/src/dynamic-box/my_rosbag_reader/cluster_node/build/cluster_node': CMAKE_PREFIX_PATH=${CMAKE_PREFIX_PATH}:/home/dev/ws/src/dynamic-box/my_rosbag_reader/install/my_rosbag_reader:/opt/ros/humble /usr/bin/cmake --build /home/dev/ws/src/dynamic-box/my_rosbag_reader/cluster_node/build/cluster_node -- -j22 -l22
[0.114s] [  2%] Built target cluster_node__cpp
[0.115s] [ 12%] Built target cluster_node__rosidl_generator_c
[0.128s] [ 12%] Built target ament_cmake_python_copy_cluster_node
[0.137s] [ 21%] Built target cluster_node__rosidl_typesupport_introspection_c
[0.137s] [ 31%] Built target cluster_node__rosidl_typesupport_c
[0.137s] [ 51%] Built target cluster_node__rosidl_typesupport_fastrtps_cpp
[0.137s] [ 51%] Built target cluster_node__rosidl_typesupport_introspection_cpp
[0.138s] [ 65%] Built target cluster_node__rosidl_typesupport_cpp
[0.138s] [ 70%] Built target cluster_node__rosidl_typesupport_fastrtps_c
[0.151s] [ 70%] Built target cluster_node
[0.165s] [ 73%] Built target cluster_node__py
[0.166s] [35m[1mConsolidate compiler generated dependencies of target cluster_cpp[0m
[0.181s] [ 80%] Built target cluster_node__rosidl_generator_py
[0.186s] [ 82%] [32mBuilding CXX object CMakeFiles/cluster_cpp.dir/src/cluster_node.cpp.o[0m
[0.198s] [ 97%] Built target cluster_node__rosidl_typesupport_c__pyext
[0.198s] [ 97%] Built target cluster_node__rosidl_typesupport_fastrtps_c__pyext
[0.198s] [ 97%] Built target cluster_node__rosidl_typesupport_introspection_c__pyext
[0.260s] running egg_info
[0.267s] writing cluster_node.egg-info/PKG-INFO
[0.268s] writing dependency_links to cluster_node.egg-info/dependency_links.txt
[0.268s] writing top-level names to cluster_node.egg-info/top_level.txt
[0.288s] reading manifest file 'cluster_node.egg-info/SOURCES.txt'
[0.289s] writing manifest file 'cluster_node.egg-info/SOURCES.txt'
[0.309s] [ 97%] Built target ament_cmake_python_build_cluster_node_egg
[5.858s] [01m[K/home/dev/ws/src/dynamic-box/my_rosbag_reader/cluster_node/src/cluster_node.cpp:[m[K In member function â€˜[01m[Kvoid ClusterNode::listenerCallback(sensor_msgs::msg::PointCloud2_<std::allocator<void> >::SharedPtr)[m[Kâ€™:
[5.858s] [01m[K/home/dev/ws/src/dynamic-box/my_rosbag_reader/cluster_node/src/cluster_node.cpp:158:31:[m[K [01;31m[Kerror: [m[Kâ€˜[01m[Ktaken[m[Kâ€™ was not declared in this scope; did you mean â€˜[01m[Ktaken_[m[Kâ€™?
[5.858s]   158 |             for (auto &flag : [01;31m[Ktaken[m[K) {
[5.858s]       |                               [01;31m[K^~~~~[m[K
[5.858s]       |                               [32m[Ktaken_[m[K
[6.060s] [01m[K/home/dev/ws/src/dynamic-box/my_rosbag_reader/cluster_node/src/cluster_node.cpp:[m[K In member function â€˜[01m[Kstd::tuple<std::vector<std::vector<Eigen::Matrix<double, 4, 1, 0, 4, 1>, std::allocator<Eigen::Matrix<double, 4, 1, 0, 4, 1> > >, std::allocator<std::vector<Eigen::Matrix<double, 4, 1, 0, 4, 1>, std::allocator<Eigen::Matrix<double, 4, 1, 0, 4, 1> > > > >, std::vector<Eigen::Matrix<double, 4, 1, 0, 4, 1>, std::allocator<Eigen::Matrix<double, 4, 1, 0, 4, 1> > > > ClusterNode::euclidean_cluster(Eigen::Vector4d, const MatrixXd&, double, int, const string&, const std::vector<Eigen::Matrix<double, 4, 1> >&, bool, double)[m[Kâ€™:
[6.060s] [01m[K/home/dev/ws/src/dynamic-box/my_rosbag_reader/cluster_node/src/cluster_node.cpp:241:29:[m[K [01;35m[Kwarning: [m[Kunused parameter â€˜[01m[KMIN_CLUSTER_SIZE[m[Kâ€™ [[01;35m[K]8;;https://gcc.gnu.org/onlinedocs/gcc/Warning-Options.html#index-Wunused-parameter-Wunused-parameter]8;;[m[K]
[6.060s]   241 |                         [01;35m[Kint MIN_CLUSTER_SIZE = 1[m[K,
[6.060s]       |                         [01;35m[K~~~~^~~~~~~~~~~~~~~~~~~~[m[K
[8.978s] gmake[2]: *** [CMakeFiles/cluster_cpp.dir/build.make:76: CMakeFiles/cluster_cpp.dir/src/cluster_node.cpp.o] Error 1
[8.978s] gmake[1]: *** [CMakeFiles/Makefile2:594: CMakeFiles/cluster_cpp.dir/all] Error 2
[8.979s] gmake: *** [Makefile:146: all] Error 2
[8.981s] Invoked command in '/home/dev/ws/src/dynamic-box/my_rosbag_reader/cluster_node/build/cluster_node' returned '2': CMAKE_PREFIX_PATH=${CMAKE_PREFIX_PATH}:/home/dev/ws/src/dynamic-box/my_rosbag_reader/install/my_rosbag_reader:/opt/ros/humble /usr/bin/cmake --build /home/dev/ws/src/dynamic-box/my_rosbag_reader/cluster_node/build/cluster_node -- -j22 -l22
