[0.021s] Invoking command in '/home/dev/ws/src/dynamic-box/my_rosbag_reader/cluster_node/build/cluster_node': CMAKE_PREFIX_PATH=${CMAKE_PREFIX_PATH}:/home/dev/ws/src/dynamic-box/my_rosbag_reader/install/my_rosbag_reader:/opt/ros/humble /usr/bin/cmake --build /home/dev/ws/src/dynamic-box/my_rosbag_reader/cluster_node/build/cluster_node -- -j22 -l22
[0.095s] -- Found ament_cmake: 1.3.12 (/opt/ros/humble/share/ament_cmake/cmake)
[0.203s] -- Found rclcpp: 16.0.15 (/opt/ros/humble/share/rclcpp/cmake)
[0.254s] -- Found rosidl_generator_c: 3.1.7 (/opt/ros/humble/share/rosidl_generator_c/cmake)
[0.257s] -- Found rosidl_adapter: 3.1.7 (/opt/ros/humble/share/rosidl_adapter/cmake)
[0.266s] -- Found rosidl_generator_cpp: 3.1.7 (/opt/ros/humble/share/rosidl_generator_cpp/cmake)
[0.278s] -- Using all available rosidl_typesupport_c: rosidl_typesupport_fastrtps_c;rosidl_typesupport_introspection_c
[0.293s] -- Using all available rosidl_typesupport_cpp: rosidl_typesupport_fastrtps_cpp;rosidl_typesupport_introspection_cpp
[0.334s] -- Found rmw_implementation_cmake: 6.1.2 (/opt/ros/humble/share/rmw_implementation_cmake/cmake)
[0.337s] -- Found rmw_fastrtps_cpp: 6.2.8 (/opt/ros/humble/share/rmw_fastrtps_cpp/cmake)
[0.438s] -- Using RMW implementation 'rmw_fastrtps_cpp' as default
[0.561s] -- Found sensor_msgs: 4.9.0 (/opt/ros/humble/share/sensor_msgs/cmake)
[0.601s] -- Eigen found (include: /usr/include/eigen3, version: 3.4.0)
[0.629s] -- FLANN found (include: /usr/include, lib: /usr/lib/x86_64-linux-gnu/libflann_cpp.so)
[0.840s] -- Found Eigen3: /usr/include/eigen3 (found version "3.4.0") 
[0.969s] -- OpenNI found (version: 1.5.4.0, include: /usr/include/ni, lib: /usr/lib/libOpenNI.so;libusb::libusb)
[0.974s] -- OpenNI2 found (version: 2.2.0.33, include: /usr/include/openni2, lib: /usr/lib/x86_64-linux-gnu/libOpenNI2.so;libusb::libusb)
[0.974s] [0m** WARNING ** io features related to pcap will be disabled[0m
[1.069s] -- Eigen found (include: /usr/include/eigen3, version: 3.4.0)
[1.072s] -- OpenNI found (version: 1.5.4.0, include: /usr/include/ni, lib: /usr/lib/libOpenNI.so;libusb::libusb)
[1.076s] -- OpenNI2 found (version: 2.2.0.33, include: /usr/include/openni2, lib: /usr/lib/x86_64-linux-gnu/libOpenNI2.so;libusb::libusb)
[1.172s] -- Found Qhull version 8.0.2
[1.261s] -- OpenNI found (version: 1.5.4.0, include: /usr/include/ni, lib: /usr/lib/libOpenNI.so;libusb::libusb)
[1.350s] -- looking for PCL_COMMON
[1.350s] -- looking for PCL_KDTREE
[1.350s] -- looking for PCL_OCTREE
[1.350s] -- looking for PCL_SEARCH
[1.350s] -- looking for PCL_SAMPLE_CONSENSUS
[1.350s] -- looking for PCL_FILTERS
[1.351s] -- looking for PCL_2D
[1.351s] -- looking for PCL_GEOMETRY
[1.351s] -- looking for PCL_IO
[1.351s] -- looking for PCL_FEATURES
[1.351s] -- looking for PCL_ML
[1.352s] -- looking for PCL_SEGMENTATION
[1.352s] -- looking for PCL_VISUALIZATION
[1.352s] -- looking for PCL_SURFACE
[1.352s] -- looking for PCL_REGISTRATION
[1.353s] -- looking for PCL_KEYPOINTS
[1.353s] -- looking for PCL_TRACKING
[1.353s] -- looking for PCL_RECOGNITION
[1.353s] -- looking for PCL_STEREO
[1.353s] -- looking for PCL_APPS
[1.354s] -- looking for PCL_IN_HAND_SCANNER
[1.354s] -- looking for PCL_MODELER
[1.354s] -- looking for PCL_POINT_CLOUD_EDITOR
[1.354s] -- looking for PCL_OUTOFCORE
[1.355s] -- looking for PCL_PEOPLE
[1.357s] -- Found pcl_conversions: 2.4.5 (/opt/ros/humble/share/pcl_conversions/cmake)
[1.379s] -- Found pcl_ros: 2.4.5 (/opt/ros/humble/share/pcl_ros/cmake)
[1.396s] -- Found eigen3_cmake_module: 0.1.1 (/opt/ros/humble/share/eigen3_cmake_module/cmake)
[1.397s] -- Found Eigen3: TRUE (found version "3.4.0") 
[1.397s] -- Ensuring Eigen3 include directory is part of orocos-kdl CMake target
[1.481s] -- Found cev_msgs: 0.0.0 (/home/dev/ws/src/install/cev_msgs/share/cev_msgs/cmake)
[1.494s] -- Found rosidl_default_generators: 1.2.0 (/opt/ros/humble/share/rosidl_default_generators/cmake)
[1.507s] -- Found visualization_msgs: 4.9.0 (/opt/ros/humble/share/visualization_msgs/cmake)
[1.834s] -- Found ament_cmake_ros: 0.10.0 (/opt/ros/humble/share/ament_cmake_ros/cmake)
[2.161s] -- Using all available rosidl_typesupport_c: rosidl_typesupport_fastrtps_c;rosidl_typesupport_introspection_c
[2.325s] -- Using all available rosidl_typesupport_cpp: rosidl_typesupport_fastrtps_cpp;rosidl_typesupport_introspection_cpp
[2.339s] -- Found python_cmake_module: 0.10.0 (/opt/ros/humble/share/python_cmake_module/cmake)
[2.351s] -- Using PYTHON_EXECUTABLE: /usr/bin/python3
[2.351s] -- Using PYTHON_INCLUDE_DIRS: /usr/include/python3.10
[2.351s] -- Using PYTHON_LIBRARIES: /usr/lib/x86_64-linux-gnu/libpython3.10.so
[2.456s] -- Found ament_lint_auto: 0.12.14 (/opt/ros/humble/share/ament_lint_auto/cmake)
[2.489s] -- Added test 'cppcheck' to perform static code analysis on C / C++ code
[2.490s] -- Configured cppcheck include dirs: $<BUILD_INTERFACE:/home/dev/ws/src/dynamic-box/my_rosbag_reader/cluster_node/build/cluster_node/rosidl_generator_c>;$<BUILD_INTERFACE:/home/dev/ws/src/dynamic-box/my_rosbag_reader/cluster_node/build/cluster_node/rosidl_typesupport_fastrtps_c>;$<BUILD_INTERFACE:/home/dev/ws/src/dynamic-box/my_rosbag_reader/cluster_node/build/cluster_node/rosidl_generator_cpp>;$<BUILD_INTERFACE:/home/dev/ws/src/dynamic-box/my_rosbag_reader/cluster_node/build/cluster_node/rosidl_typesupport_fastrtps_cpp>;$<BUILD_INTERFACE:/home/dev/ws/src/dynamic-box/my_rosbag_reader/cluster_node/build/cluster_node/rosidl_typesupport_introspection_c>;$<BUILD_INTERFACE:/home/dev/ws/src/dynamic-box/my_rosbag_reader/cluster_node/build/cluster_node/rosidl_typesupport_introspection_cpp>;/home/dev/ws/src/dynamic-box/my_rosbag_reader/cluster_node/build/cluster_node/rosidl_generator_c;/home/dev/ws/src/dynamic-box/my_rosbag_reader/cluster_node/build/cluster_node/rosidl_generator_py
[2.490s] -- Configured cppcheck exclude dirs and/or files: 
[2.492s] -- Added test 'flake8' to check Python code syntax and style conventions
[2.495s] -- Added test 'lint_cmake' to check CMake code style
[2.497s] -- Added test 'pep257' to check Python code against some of the docstring style conventions in PEP 257
[2.510s] -- Added test 'uncrustify' to check C / C++ code style
[2.510s] -- Configured uncrustify additional arguments: 
[2.512s] -- Added test 'xmllint' to check XML markup files
[2.516s] -- Configuring done
[2.662s] -- Generating done
[2.677s] -- Build files have been written to: /home/dev/ws/src/dynamic-box/my_rosbag_reader/cluster_node/build/cluster_node
[2.754s] [35m[1mConsolidate compiler generated dependencies of target cluster_node__rosidl_generator_c[0m
[2.755s] [35m[1mConsolidate compiler generated dependencies of target cluster_cpp[0m
[2.762s] [  9%] Built target cluster_node__rosidl_generator_c
[2.765s] [ 12%] Built target cluster_node__cpp
[2.770s] [35m[1mConsolidate compiler generated dependencies of target cluster_node__rosidl_typesupport_introspection_c[0m
[2.770s] [35m[1mConsolidate compiler generated dependencies of target cluster_node__rosidl_typesupport_c[0m
[2.770s] [35m[1mConsolidate compiler generated dependencies of target cluster_node__rosidl_typesupport_fastrtps_c[0m
[2.775s] [35m[1mConsolidate compiler generated dependencies of target cluster_node__rosidl_typesupport_cpp[0m
[2.775s] [35m[1mConsolidate compiler generated dependencies of target cluster_node__rosidl_typesupport_fastrtps_cpp[0m
[2.775s] [35m[1mConsolidate compiler generated dependencies of target cluster_node__rosidl_typesupport_introspection_cpp[0m
[2.778s] [ 14%] [32mBuilding CXX object CMakeFiles/cluster_cpp.dir/src/cluster_node.cpp.o[0m
[2.779s] [ 24%] Built target cluster_node__rosidl_typesupport_c
[2.779s] [ 34%] Built target cluster_node__rosidl_typesupport_introspection_c
[2.779s] [ 34%] Built target ament_cmake_python_copy_cluster_node
[2.781s] [ 43%] Built target cluster_node__rosidl_typesupport_fastrtps_c
[2.784s] [ 53%] Built target cluster_node__rosidl_typesupport_cpp
[2.784s] [ 63%] Built target cluster_node__rosidl_typesupport_introspection_cpp
[2.785s] [ 73%] Built target cluster_node__rosidl_typesupport_fastrtps_cpp
[2.796s] [ 73%] Built target cluster_node
[2.809s] [ 75%] Built target cluster_node__py
[2.816s] [35m[1mConsolidate compiler generated dependencies of target cluster_node__rosidl_generator_py[0m
[2.825s] [ 82%] Built target cluster_node__rosidl_generator_py
[2.833s] [35m[1mConsolidate compiler generated dependencies of target cluster_node__rosidl_typesupport_fastrtps_c__pyext[0m
[2.833s] [35m[1mConsolidate compiler generated dependencies of target cluster_node__rosidl_typesupport_introspection_c__pyext[0m
[2.833s] [35m[1mConsolidate compiler generated dependencies of target cluster_node__rosidl_typesupport_c__pyext[0m
[2.843s] [ 92%] Built target cluster_node__rosidl_typesupport_fastrtps_c__pyext
[2.843s] [ 92%] Built target cluster_node__rosidl_typesupport_introspection_c__pyext
[2.843s] [ 97%] Built target cluster_node__rosidl_typesupport_c__pyext
[2.906s] running egg_info
[2.913s] writing cluster_node.egg-info/PKG-INFO
[2.913s] writing dependency_links to cluster_node.egg-info/dependency_links.txt
[2.913s] writing top-level names to cluster_node.egg-info/top_level.txt
[2.935s] reading manifest file 'cluster_node.egg-info/SOURCES.txt'
[2.936s] writing manifest file 'cluster_node.egg-info/SOURCES.txt'
[2.956s] [ 97%] Built target ament_cmake_python_build_cluster_node_egg
[6.610s] In file included from [01m[K/opt/ros/humble/include/rclcpp/rclcpp/client.hpp:40[m[K,
[6.610s]                  from [01m[K/opt/ros/humble/include/rclcpp/rclcpp/callback_group.hpp:24[m[K,
[6.611s]                  from [01m[K/opt/ros/humble/include/rclcpp/rclcpp/any_executable.hpp:20[m[K,
[6.611s]                  from [01m[K/opt/ros/humble/include/rclcpp/rclcpp/memory_strategy.hpp:25[m[K,
[6.611s]                  from [01m[K/opt/ros/humble/include/rclcpp/rclcpp/memory_strategies.hpp:18[m[K,
[6.611s]                  from [01m[K/opt/ros/humble/include/rclcpp/rclcpp/executor_options.hpp:20[m[K,
[6.611s]                  from [01m[K/opt/ros/humble/include/rclcpp/rclcpp/executor.hpp:37[m[K,
[6.611s]                  from [01m[K/opt/ros/humble/include/rclcpp/rclcpp/executors/multi_threaded_executor.hpp:25[m[K,
[6.611s]                  from [01m[K/opt/ros/humble/include/rclcpp/rclcpp/executors.hpp:21[m[K,
[6.611s]                  from [01m[K/opt/ros/humble/include/rclcpp/rclcpp/rclcpp.hpp:155[m[K,
[6.611s]                  from [01m[K/home/dev/ws/src/dynamic-box/my_rosbag_reader/cluster_node/src/cluster_node.cpp:1[m[K:
[6.611s] [01m[K/home/dev/ws/src/dynamic-box/my_rosbag_reader/cluster_node/src/cluster_node.cpp:23:5:[m[K [01;31m[Kerror: [m[Kexpected unqualified-id before â€˜[01m[Kdo[m[Kâ€™
[6.611s]    23 |     [01;31m[KRCLCPP_INFO[m[K(this->get_logger(), "ClusterNode started - waiting for PointCloud2 on '/rslidar_points'");
[6.611s]       |     [01;31m[K^~~~~~~~~~~[m[K
[6.611s] [01m[K/home/dev/ws/src/dynamic-box/my_rosbag_reader/cluster_node/src/cluster_node.cpp:23:5:[m[K [01;31m[Kerror: [m[Kexpected unqualified-id before â€˜[01m[Kwhile[m[Kâ€™
[6.611s]    23 |     [01;31m[KRCLCPP_INFO[m[K(this->get_logger(), "ClusterNode started - waiting for PointCloud2 on '/rslidar_points'");
[6.611s]       |     [01;31m[K^~~~~~~~~~~[m[K
[6.612s] [01m[K/home/dev/ws/src/dynamic-box/my_rosbag_reader/cluster_node/src/cluster_node.cpp:39:2:[m[K [01;31m[Kerror: [m[Kexpected â€˜[01m[K;[m[Kâ€™ after class definition
[6.612s]    39 | }
[6.612s]       |  [01;31m[K^[m[K
[6.612s]       |  [32m[K;[m[K
[6.621s] [01m[K/home/dev/ws/src/dynamic-box/my_rosbag_reader/cluster_node/src/cluster_node.cpp:[m[K In constructor â€˜[01m[KClusterNode::ClusterNode()[m[Kâ€™:
[6.621s] [01m[K/home/dev/ws/src/dynamic-box/my_rosbag_reader/cluster_node/src/cluster_node.cpp:18:9:[m[K [01;31m[Kerror: [m[Kâ€˜[01m[Klidar_sub_[m[Kâ€™ was not declared in this scope
[6.621s]    18 |         [01;31m[Klidar_sub_[m[K = this->create_subscription<sensor_msgs::msg::PointCloud2>(
[6.621s]       |         [01;31m[K^~~~~~~~~~[m[K
[6.661s] [01m[K/home/dev/ws/src/dynamic-box/my_rosbag_reader/cluster_node/src/cluster_node.cpp:[m[K In member function â€˜[01m[Kvoid ClusterNode::listenerCallback(sensor_msgs::msg::PointCloud2_<std::allocator<void> >::SharedPtr)[m[Kâ€™:
[6.662s] [01m[K/home/dev/ws/src/dynamic-box/my_rosbag_reader/cluster_node/src/cluster_node.cpp:31:9:[m[K [01;31m[Kerror: [m[Kâ€˜[01m[Kvector[m[Kâ€™ was not declared in this scope
[6.662s]    31 |         [01;31m[Kvector[m[K<Eigen::Vector4d> cloud;
[6.662s]       |         [01;31m[K^~~~~~[m[K
[6.663s] [01m[K/home/dev/ws/src/dynamic-box/my_rosbag_reader/cluster_node/src/cluster_node.cpp:31:9:[m[K [01;36m[Knote: [m[Ksuggested alternatives:
[6.664s] In file included from [01m[K/usr/include/c++/11/vector:67[m[K,
[6.664s]                  from [01m[K/usr/include/c++/11/functional:62[m[K,
[6.664s]                  from [01m[K/usr/include/c++/11/pstl/glue_algorithm_defs.h:13[m[K,
[6.664s]                  from [01m[K/usr/include/c++/11/algorithm:74[m[K,
[6.664s]                  from [01m[K/opt/ros/humble/include/rclcpp/rclcpp/executor.hpp:18[m[K,
[6.664s]                  from [01m[K/opt/ros/humble/include/rclcpp/rclcpp/executors/multi_threaded_executor.hpp:25[m[K,
[6.664s]                  from [01m[K/opt/ros/humble/include/rclcpp/rclcpp/executors.hpp:21[m[K,
[6.664s]                  from [01m[K/opt/ros/humble/include/rclcpp/rclcpp/rclcpp.hpp:155[m[K,
[6.664s]                  from [01m[K/home/dev/ws/src/dynamic-box/my_rosbag_reader/cluster_node/src/cluster_node.cpp:1[m[K:
[6.664s] [01m[K/usr/include/c++/11/bits/stl_vector.h:389:11:[m[K [01;36m[Knote: [m[K  â€˜[01m[Kstd::vector[m[Kâ€™
[6.664s]   389 |     class [01;36m[Kvector[m[K : protected _Vector_base<_Tp, _Alloc>
[6.664s]       |           [01;36m[K^~~~~~[m[K
[6.664s] In file included from [01m[K/usr/include/c++/11/functional:62[m[K,
[6.664s]                  from [01m[K/usr/include/c++/11/pstl/glue_algorithm_defs.h:13[m[K,
[6.664s]                  from [01m[K/usr/include/c++/11/algorithm:74[m[K,
[6.664s]                  from [01m[K/opt/ros/humble/include/rclcpp/rclcpp/executor.hpp:18[m[K,
[6.664s]                  from [01m[K/opt/ros/humble/include/rclcpp/rclcpp/executors/multi_threaded_executor.hpp:25[m[K,
[6.664s]                  from [01m[K/opt/ros/humble/include/rclcpp/rclcpp/executors.hpp:21[m[K,
[6.664s]                  from [01m[K/opt/ros/humble/include/rclcpp/rclcpp/rclcpp.hpp:155[m[K,
[6.664s]                  from [01m[K/home/dev/ws/src/dynamic-box/my_rosbag_reader/cluster_node/src/cluster_node.cpp:1[m[K:
[6.664s] [01m[K/usr/include/c++/11/vector:86:13:[m[K [01;36m[Knote: [m[K  â€˜[01m[Kstd::pmr::vector[m[Kâ€™
[6.664s]    86 |       using [01;36m[Kvector[m[K = std::vector<_Tp, polymorphic_allocator<_Tp>>;
[6.664s]       |             [01;36m[K^~~~~~[m[K
[6.664s] In file included from [01m[K/usr/include/boost/mpl/aux_/include_preprocessed.hpp:37[m[K,
[6.664s]                  from [01m[K/usr/include/boost/mpl/vector.hpp:46[m[K,
[6.664s]                  from [01m[K/usr/include/pcl-1.12/pcl/point_struct_traits.h:43[m[K,
[6.664s]                  from [01m[K/usr/include/pcl-1.12/pcl/type_traits.h:40[m[K,
[6.664s]                  from [01m[K/usr/include/pcl-1.12/pcl/memory.h:46[m[K,
[6.664s]                  from [01m[K/usr/include/pcl-1.12/pcl/PCLPointField.h:3[m[K,
[6.665s]                  from [01m[K/usr/include/pcl-1.12/pcl/conversions.h:46[m[K,
[6.665s]                  from [01m[K/opt/ros/humble/include/pcl_conversions/pcl_conversions/pcl_conversions.h:47[m[K,
[6.665s]                  from [01m[K/home/dev/ws/src/dynamic-box/my_rosbag_reader/cluster_node/src/cluster_node.cpp:5[m[K:
[6.665s] [01m[K/usr/include/boost/mpl/aux_/preprocessed/gcc/vector.hpp:22:8:[m[K [01;36m[Knote: [m[K  â€˜[01m[Kboost::mpl::vector[m[Kâ€™
[6.665s]    22 | struct [01;36m[Kvector[m[K;
[6.665s]       |        [01;36m[K^~~~~~[m[K
[6.665s] [01m[K/home/dev/ws/src/dynamic-box/my_rosbag_reader/cluster_node/src/cluster_node.cpp:31:31:[m[K [01;31m[Kerror: [m[Kexpected primary-expression before â€˜[01m[K>[m[Kâ€™ token
[6.665s]    31 |         vector<Eigen::Vector4d[01;31m[K>[m[K cloud;
[6.665s]       |                               [01;31m[K^[m[K
[6.668s] [01m[K/home/dev/ws/src/dynamic-box/my_rosbag_reader/cluster_node/src/cluster_node.cpp:31:33:[m[K [01;31m[Kerror: [m[Kâ€˜[01m[Kcloud[m[Kâ€™ was not declared in this scope
[6.668s]    31 |         vector<Eigen::Vector4d> [01;31m[Kcloud[m[K;
[6.668s]       |                                 [01;31m[K^~~~~[m[K
[8.711s] gmake[2]: *** [CMakeFiles/cluster_cpp.dir/build.make:76: CMakeFiles/cluster_cpp.dir/src/cluster_node.cpp.o] Error 1
[8.711s] gmake[1]: *** [CMakeFiles/Makefile2:592: CMakeFiles/cluster_cpp.dir/all] Error 2
[8.711s] gmake: *** [Makefile:146: all] Error 2
[8.713s] Invoked command in '/home/dev/ws/src/dynamic-box/my_rosbag_reader/cluster_node/build/cluster_node' returned '2': CMAKE_PREFIX_PATH=${CMAKE_PREFIX_PATH}:/home/dev/ws/src/dynamic-box/my_rosbag_reader/install/my_rosbag_reader:/opt/ros/humble /usr/bin/cmake --build /home/dev/ws/src/dynamic-box/my_rosbag_reader/cluster_node/build/cluster_node -- -j22 -l22
