[0.019s] Invoking command in '/home/dev/ws/src/dynamic-box/my_rosbag_reader/cluster_node/build/cluster_node': CMAKE_PREFIX_PATH=${CMAKE_PREFIX_PATH}:/home/dev/ws/src/dynamic-box/my_rosbag_reader/install/my_rosbag_reader:/opt/ros/humble /usr/bin/cmake --build /home/dev/ws/src/dynamic-box/my_rosbag_reader/cluster_node/build/cluster_node -- -j22 -l22
[0.116s] [  9%] Built target cluster_node__cpp
[0.116s] [ 12%] Built target cluster_node__rosidl_generator_c
[0.127s] [ 12%] Built target ament_cmake_python_copy_cluster_node
[0.137s] [ 21%] Built target cluster_node__rosidl_typesupport_c
[0.137s] [ 51%] Built target cluster_node__rosidl_typesupport_cpp
[0.137s] [ 51%] Built target cluster_node__rosidl_typesupport_fastrtps_c
[0.137s] [ 51%] Built target cluster_node__rosidl_typesupport_introspection_c
[0.138s] [ 60%] Built target cluster_node__rosidl_typesupport_fastrtps_cpp
[0.138s] [ 70%] Built target cluster_node__rosidl_typesupport_introspection_cpp
[0.150s] [ 70%] Built target cluster_node
[0.164s] [ 73%] Built target cluster_node__py
[0.164s] [35m[1mConsolidate compiler generated dependencies of target cluster_cpp[0m
[0.179s] [ 80%] Built target cluster_node__rosidl_generator_py
[0.183s] [ 82%] [32mBuilding CXX object CMakeFiles/cluster_cpp.dir/src/cluster_node.cpp.o[0m
[0.195s] [ 92%] Built target cluster_node__rosidl_typesupport_introspection_c__pyext
[0.196s] [ 92%] Built target cluster_node__rosidl_typesupport_c__pyext
[0.196s] [ 97%] Built target cluster_node__rosidl_typesupport_fastrtps_c__pyext
[0.254s] running egg_info
[0.260s] writing cluster_node.egg-info/PKG-INFO
[0.260s] writing dependency_links to cluster_node.egg-info/dependency_links.txt
[0.261s] writing top-level names to cluster_node.egg-info/top_level.txt
[0.280s] reading manifest file 'cluster_node.egg-info/SOURCES.txt'
[0.281s] writing manifest file 'cluster_node.egg-info/SOURCES.txt'
[0.301s] [ 97%] Built target ament_cmake_python_build_cluster_node_egg
[5.509s] [01m[K/home/dev/ws/src/dynamic-box/my_rosbag_reader/cluster_node/src/cluster_node.cpp:[m[K In lambda function:
[5.509s] [01m[K/home/dev/ws/src/dynamic-box/my_rosbag_reader/cluster_node/src/cluster_node.cpp:196:86:[m[K [01;31m[Kerror: [m[Kcannot convert â€˜[01m[KEigen::MatrixXd[m[Kâ€™ {aka â€˜[01m[KEigen::Matrix<double, -1, -1>[m[Kâ€™} to â€˜[01m[Kconst std::vector<Eigen::Matrix<double, 4, 1> >&[m[Kâ€™
[5.509s]   196 |                         return this->grow_seed(seed, this->data_, this->iter_, [01;31m[Kthis->C_prev_[m[K);
[5.509s]       |                                                                                [01;31m[K~~~~~~^~~~~~~[m[K
[5.509s]       |                                                                                      [01;31m[K|[m[K
[5.509s]       |                                                                                      [01;31m[KEigen::MatrixXd {aka Eigen::Matrix<double, -1, -1>}[m[K
[5.509s] [01m[K/home/dev/ws/src/dynamic-box/my_rosbag_reader/cluster_node/src/cluster_node.cpp:214:33:[m[K [01;36m[Knote: [m[K  initializing argument 4 of â€˜[01m[Kstd::vector<std::vector<Eigen::Matrix<double, 4, 1> > > ClusterNode::grow_seed(const Vector4d&, const MatrixXd&, int, const std::vector<Eigen::Matrix<double, 4, 1> >&)[m[Kâ€™
[5.509s]   214 |         [01;36m[Kconst vector<Vector4d>& C_prev[m[K
[5.510s]       |         [01;36m[K~~~~~~~~~~~~~~~~~~~~~~~~^~~~~~[m[K
[5.510s] [01m[K/home/dev/ws/src/dynamic-box/my_rosbag_reader/cluster_node/src/cluster_node.cpp:[m[K In member function â€˜[01m[Kvoid ClusterNode::listenerCallback(sensor_msgs::msg::PointCloud2_<std::allocator<void> >::SharedPtr)[m[Kâ€™:
[5.510s] [01m[K/home/dev/ws/src/dynamic-box/my_rosbag_reader/cluster_node/src/cluster_node.cpp:194:45:[m[K [01;31m[Kerror: [m[Kno matching function for call to â€˜[01m[Kasync(std::launch, ClusterNode::listenerCallback(sensor_msgs::msg::PointCloud2_<std::allocator<void> >::SharedPtr)::<lambda()>)[m[Kâ€™
[5.510s]   194 |                 futures.push_back([01;31m[Kstd::async(std::launch::async,[m[K
[5.510s]       |                                   [01;31m[K~~~~~~~~~~^~~~~~~~~~~~~~~~~~~~[m[K
[5.510s]   195 | [01;31m[K                    [this, seed]() {[m[K
[5.510s]       |                     [01;31m[K~~~~~~~~~~~~~~~~[m[K         
[5.510s]   196 | [01;31m[K                        return this->grow_seed(seed, this->data_, this->iter_, this->C_prev_);[m[K
[5.510s]       |                         [01;31m[K~~~~~~~~~~~~~~~~~~~~~~~~~~~~~~~~~~~~~~~~~~~~~~~~~~~~~~~~~~~~~~~~~~~~~~[m[K
[5.510s]   197 | [01;31m[K                    }[m[K
[5.510s]       |                     [01;31m[K~[m[K                        
[5.510s]   198 | [01;31m[K                )[m[K);
[5.510s]       |                 [01;31m[K~[m[K                            
[5.511s] In file included from [01m[K/opt/ros/humble/include/rclcpp/rclcpp/executors.hpp:18[m[K,
[5.511s]                  from [01m[K/opt/ros/humble/include/rclcpp/rclcpp/rclcpp.hpp:155[m[K,
[5.511s]                  from [01m[K/home/dev/ws/src/dynamic-box/my_rosbag_reader/cluster_node/src/cluster_node.cpp:1[m[K:
[5.511s] [01m[K/usr/include/c++/11/future:1768:5:[m[K [01;36m[Knote: [m[Kcandidate: â€˜[01m[Ktemplate<class _Fn, class ... _Args> std::future<typename std::__invoke_result<typename std::decay<_Tp>::type, typename std::decay<_Args>::type ...>::type> std::async(std::launch, _Fn&&, _Args&& ...)[m[Kâ€™
[5.511s]  1768 |     [01;36m[Kasync[m[K(launch __policy, _Fn&& __fn, _Args&&... __args)
[5.511s]       |     [01;36m[K^~~~~[m[K
[5.511s] [01m[K/usr/include/c++/11/future:1768:5:[m[K [01;36m[Knote: [m[K  template argument deduction/substitution failed:
[5.511s] /usr/include/c++/11/future: In substitution of â€˜[01m[Ktemplate<class _Fn, class ... _Args> std::future<typename std::__invoke_result<typename std::decay<_Tp>::type, typename std::decay<_Args>::type ...>::type> std::async(std::launch, _Fn&&, _Args&& ...) [with _Fn = ClusterNode::listenerCallback(sensor_msgs::msg::PointCloud2_<std::allocator<void> >::SharedPtr)::<lambda()>; _Args = {}][m[Kâ€™:
[5.511s] [01m[K/home/dev/ws/src/dynamic-box/my_rosbag_reader/cluster_node/src/cluster_node.cpp:194:45:[m[K   required from here
[5.511s] [01m[K/usr/include/c++/11/future:1768:5:[m[K [01;31m[Kerror: [m[Kno type named â€˜[01m[Ktype[m[Kâ€™ in â€˜[01m[Kstruct std::__invoke_result<ClusterNode::listenerCallback(sensor_msgs::msg::PointCloud2_<std::allocator<void> >::SharedPtr)::<lambda()> >[m[Kâ€™
[5.511s] [01m[K/usr/include/c++/11/future:1802:5:[m[K [01;36m[Knote: [m[Kcandidate: â€˜[01m[Ktemplate<class _Fn, class ... _Args> std::future<typename std::__invoke_result<typename std::decay<_Tp>::type, typename std::decay<_Args>::type ...>::type> std::async(_Fn&&, _Args&& ...)[m[Kâ€™
[5.511s]  1802 |     [01;36m[Kasync[m[K(_Fn&& __fn, _Args&&... __args)
[5.511s]       |     [01;36m[K^~~~~[m[K
[5.512s] [01m[K/usr/include/c++/11/future:1802:5:[m[K [01;36m[Knote: [m[K  template argument deduction/substitution failed:
[5.512s] /usr/include/c++/11/future: In substitution of â€˜[01m[Ktemplate<class _Fn, class ... _Args> std::future<typename std::__invoke_result<typename std::decay<_Tp>::type, typename std::decay<_Args>::type ...>::type> std::async(_Fn&&, _Args&& ...) [with _Fn = std::launch; _Args = {ClusterNode::listenerCallback(sensor_msgs::msg::PointCloud2_<std::allocator<void> >::SharedPtr)::<lambda()>}][m[Kâ€™:
[5.512s] [01m[K/home/dev/ws/src/dynamic-box/my_rosbag_reader/cluster_node/src/cluster_node.cpp:194:45:[m[K   required from here
[5.512s] [01m[K/usr/include/c++/11/future:1802:5:[m[K [01;31m[Kerror: [m[Kno type named â€˜[01m[Ktype[m[Kâ€™ in â€˜[01m[Kstruct std::__invoke_result<std::launch, ClusterNode::listenerCallback(sensor_msgs::msg::PointCloud2_<std::allocator<void> >::SharedPtr)::<lambda()> >[m[Kâ€™
[5.647s] [01m[K/home/dev/ws/src/dynamic-box/my_rosbag_reader/cluster_node/src/cluster_node.cpp:[m[K In member function â€˜[01m[Kstd::tuple<std::vector<std::vector<Eigen::Matrix<double, 4, 1, 0, 4, 1>, std::allocator<Eigen::Matrix<double, 4, 1, 0, 4, 1> > >, std::allocator<std::vector<Eigen::Matrix<double, 4, 1, 0, 4, 1>, std::allocator<Eigen::Matrix<double, 4, 1, 0, 4, 1> > > > >, std::vector<Eigen::Matrix<double, 4, 1, 0, 4, 1>, std::allocator<Eigen::Matrix<double, 4, 1, 0, 4, 1> > > > ClusterNode::euclidean_cluster(Eigen::Vector4d, const MatrixXd&, double, int, const string&, const std::vector<Eigen::Matrix<double, 4, 1> >&, bool, double)[m[Kâ€™:
[5.647s] [01m[K/home/dev/ws/src/dynamic-box/my_rosbag_reader/cluster_node/src/cluster_node.cpp:229:29:[m[K [01;35m[Kwarning: [m[Kunused parameter â€˜[01m[KMIN_CLUSTER_SIZE[m[Kâ€™ [[01;35m[K]8;;https://gcc.gnu.org/onlinedocs/gcc/Warning-Options.html#index-Wunused-parameter-Wunused-parameter]8;;[m[K]
[5.647s]   229 |                         [01;35m[Kint MIN_CLUSTER_SIZE = 1[m[K,
[5.647s]       |                         [01;35m[K~~~~^~~~~~~~~~~~~~~~~~~~[m[K
[8.339s] gmake[2]: *** [CMakeFiles/cluster_cpp.dir/build.make:76: CMakeFiles/cluster_cpp.dir/src/cluster_node.cpp.o] Error 1
[8.339s] gmake[1]: *** [CMakeFiles/Makefile2:594: CMakeFiles/cluster_cpp.dir/all] Error 2
[8.339s] gmake: *** [Makefile:146: all] Error 2
[8.341s] Invoked command in '/home/dev/ws/src/dynamic-box/my_rosbag_reader/cluster_node/build/cluster_node' returned '2': CMAKE_PREFIX_PATH=${CMAKE_PREFIX_PATH}:/home/dev/ws/src/dynamic-box/my_rosbag_reader/install/my_rosbag_reader:/opt/ros/humble /usr/bin/cmake --build /home/dev/ws/src/dynamic-box/my_rosbag_reader/cluster_node/build/cluster_node -- -j22 -l22
