[01m[K/home/dev/ws/src/dynamic-box/my_rosbag_reader/cluster_node/src/cluster_node.cpp:48:9:[m[K [01;31m[Kerror: [m[Kâ€˜[01m[Karray[m[Kâ€™ does not name a type
   48 |         [01;31m[Karray[m[K<unique_ptr<Node>, 2> next;
      |         [01;31m[K^~~~~[m[K
[01m[K/home/dev/ws/src/dynamic-box/my_rosbag_reader/cluster_node/src/cluster_node.cpp:61:5:[m[K [01;31m[Kerror: [m[Kâ€˜[01m[Kunique_ptr[m[Kâ€™ does not name a type
   61 |     [01;31m[Kunique_ptr[m[K<Node> build_recursive(int* indices, int npoints, int depth) {
      |     [01;31m[K^~~~~~~~~~[m[K
[01m[K/home/dev/ws/src/dynamic-box/my_rosbag_reader/cluster_node/src/cluster_node.cpp:97:5:[m[K [01;31m[Kerror: [m[Kâ€˜[01m[Kunique_ptr[m[Kâ€™ does not name a type
   97 |     [01;31m[Kunique_ptr[m[K<Node> root_;
      |     [01;31m[K^~~~~~~~~~[m[K
[01m[K/home/dev/ws/src/dynamic-box/my_rosbag_reader/cluster_node/src/cluster_node.cpp:[m[K In member function â€˜[01m[Kvoid KdTree<PointT>::build(const std::vector<BufferT>&, int)[m[Kâ€™:
[01m[K/home/dev/ws/src/dynamic-box/my_rosbag_reader/cluster_node/src/cluster_node.cpp:38:9:[m[K [01;31m[Kerror: [m[Kâ€˜[01m[Kroot_[m[Kâ€™ was not declared in this scope
   38 |         [01;31m[Kroot_[m[K = build_recursive(indices.data(), static_cast<int>(points.size()), 0);
      |         [01;31m[K^~~~~[m[K
[01m[K/home/dev/ws/src/dynamic-box/my_rosbag_reader/cluster_node/src/cluster_node.cpp:38:17:[m[K [01;31m[Kerror: [m[Kthere are no arguments to â€˜[01m[Kbuild_recursive[m[Kâ€™ that depend on a template parameter, so a declaration of â€˜[01m[Kbuild_recursive[m[Kâ€™ must be available [[01;31m[K]8;;https://gcc.gnu.org/onlinedocs/gcc/Warning-Options.html#index-fpermissive-fpermissive]8;;[m[K]
   38 |         root_ = [01;31m[Kbuild_recursive[m[K(indices.data(), static_cast<int>(points.size()), 0);
      |                 [01;31m[K^~~~~~~~~~~~~~~[m[K
[01m[K/home/dev/ws/src/dynamic-box/my_rosbag_reader/cluster_node/src/cluster_node.cpp:38:17:[m[K [01;36m[Knote: [m[K(if you use â€˜[01m[K-fpermissive[m[Kâ€™, G++ will accept your code, but allowing the use of an undeclared name is deprecated)
[01m[K/home/dev/ws/src/dynamic-box/my_rosbag_reader/cluster_node/src/cluster_node.cpp:[m[K In member function â€˜[01m[Kvoid KdTree<PointT>::clear()[m[Kâ€™:
[01m[K/home/dev/ws/src/dynamic-box/my_rosbag_reader/cluster_node/src/cluster_node.cpp:42:9:[m[K [01;31m[Kerror: [m[Kâ€˜[01m[Kroot_[m[Kâ€™ was not declared in this scope
   42 |         [01;31m[Kroot_[m[K.reset();
      |         [01;31m[K^~~~~[m[K
[01m[K/home/dev/ws/src/dynamic-box/my_rosbag_reader/cluster_node/src/cluster_node.cpp:[m[K In member function â€˜[01m[Kint KdTree<PointT>::search(const PointT&, double*) const[m[Kâ€™:
[01m[K/home/dev/ws/src/dynamic-box/my_rosbag_reader/cluster_node/src/cluster_node.cpp:54:27:[m[K [01;31m[Kerror: [m[Kâ€˜[01m[Knumeric_limits[m[Kâ€™ was not declared in this scope
   54 |         double _minDist = [01;31m[Knumeric_limits[m[K<double>::max();
      |                           [01;31m[K^~~~~~~~~~~~~~[m[K
[01m[K/home/dev/ws/src/dynamic-box/my_rosbag_reader/cluster_node/src/cluster_node.cpp:54:27:[m[K [01;36m[Knote: [m[Ksuggested alternatives:
In file included from [01m[K/usr/include/c++/11/chrono:41[m[K,
                 from [01m[K/usr/include/c++/11/mutex:39[m[K,
                 from [01m[K/usr/include/c++/11/future:38[m[K,
                 from [01m[K/opt/ros/humble/include/rclcpp/rclcpp/executors.hpp:18[m[K,
                 from [01m[K/opt/ros/humble/include/rclcpp/rclcpp/rclcpp.hpp:155[m[K,
                 from [01m[K/home/dev/ws/src/dynamic-box/my_rosbag_reader/cluster_node/src/cluster_node.cpp:1[m[K:
[01m[K/usr/include/c++/11/limits:312:12:[m[K [01;36m[Knote: [m[K  â€˜[01m[Kstd::numeric_limits[m[Kâ€™
  312 |     struct [01;36m[Knumeric_limits[m[K : public __numeric_limits_base
      |            [01;36m[K^~~~~~~~~~~~~~[m[K
[01m[K/usr/include/c++/11/limits:312:12:[m[K [01;36m[Knote: [m[K  â€˜[01m[Kstd::numeric_limits[m[Kâ€™
[01m[K/home/dev/ws/src/dynamic-box/my_rosbag_reader/cluster_node/src/cluster_node.cpp:54:42:[m[K [01;31m[Kerror: [m[Kexpected primary-expression before â€˜[01m[Kdouble[m[Kâ€™
   54 |         double _minDist = numeric_limits<[01;31m[Kdouble[m[K>::max();
      |                                          [01;31m[K^~~~~~[m[K
[01m[K/home/dev/ws/src/dynamic-box/my_rosbag_reader/cluster_node/src/cluster_node.cpp:55:33:[m[K [01;31m[Kerror: [m[Kâ€˜[01m[Kroot_[m[Kâ€™ was not declared in this scope
   55 |         search_recursive(query, [01;31m[Kroot_[m[K.get(), &guess, &_minDist);
      |                                 [01;31m[K^~~~~[m[K
gmake[2]: *** [CMakeFiles/cluster_cpp.dir/build.make:76: CMakeFiles/cluster_cpp.dir/src/cluster_node.cpp.o] Error 1
gmake[1]: *** [CMakeFiles/Makefile2:594: CMakeFiles/cluster_cpp.dir/all] Error 2
gmake: *** [Makefile:146: all] Error 2
