[0.011s] Invoking command in '/home/dev/ws/src/dynamic-box/my_rosbag_reader/cluster_node/build/cluster_node': CMAKE_PREFIX_PATH=${CMAKE_PREFIX_PATH}:/home/dev/ws/src/dynamic-box/my_rosbag_reader/install/my_rosbag_reader:/opt/ros/humble /usr/bin/cmake --build /home/dev/ws/src/dynamic-box/my_rosbag_reader/cluster_node/build/cluster_node -- -j22 -l22
[0.046s] [  2%] Built target cluster_node__cpp
[0.047s] [ 12%] Built target cluster_node__rosidl_generator_c
[0.052s] [ 12%] Built target ament_cmake_python_copy_cluster_node
[0.067s] [ 41%] Built target cluster_node__rosidl_typesupport_c
[0.067s] [ 41%] Built target cluster_node__rosidl_typesupport_cpp
[0.067s] [ 41%] Built target cluster_node__rosidl_typesupport_fastrtps_cpp
[0.067s] [ 51%] Built target cluster_node__rosidl_typesupport_fastrtps_c
[0.067s] [ 60%] Built target cluster_node__rosidl_typesupport_introspection_cpp
[0.067s] [ 70%] Built target cluster_node__rosidl_typesupport_introspection_c
[0.079s] [ 70%] Built target cluster_node
[0.090s] [35m[1mConsolidate compiler generated dependencies of target cluster_cpp[0m
[0.092s] [ 73%] Built target cluster_node__py
[0.106s] [ 80%] Built target cluster_node__rosidl_generator_py
[0.109s] [ 82%] [32mBuilding CXX object CMakeFiles/cluster_cpp.dir/src/cluster_node.cpp.o[0m
[0.123s] [ 95%] Built target cluster_node__rosidl_typesupport_fastrtps_c__pyext
[0.123s] [ 95%] Built target cluster_node__rosidl_typesupport_c__pyext
[0.123s] [ 97%] Built target cluster_node__rosidl_typesupport_introspection_c__pyext
[0.175s] running egg_info
[0.181s] writing cluster_node.egg-info/PKG-INFO
[0.182s] writing dependency_links to cluster_node.egg-info/dependency_links.txt
[0.182s] writing top-level names to cluster_node.egg-info/top_level.txt
[0.203s] reading manifest file 'cluster_node.egg-info/SOURCES.txt'
[0.203s] writing manifest file 'cluster_node.egg-info/SOURCES.txt'
[0.222s] [ 97%] Built target ament_cmake_python_build_cluster_node_egg
[4.679s] [01m[K/home/dev/ws/src/dynamic-box/my_rosbag_reader/cluster_node/src/cluster_node.cpp:48:9:[m[K [01;31m[Kerror: [m[Kâ€˜[01m[Karray[m[Kâ€™ does not name a type
[4.679s]    48 |         [01;31m[Karray[m[K<unique_ptr<Node>, 2> next;
[4.679s]       |         [01;31m[K^~~~~[m[K
[4.685s] [01m[K/home/dev/ws/src/dynamic-box/my_rosbag_reader/cluster_node/src/cluster_node.cpp:61:5:[m[K [01;31m[Kerror: [m[Kâ€˜[01m[Kunique_ptr[m[Kâ€™ does not name a type
[4.686s]    61 |     [01;31m[Kunique_ptr[m[K<Node> build_recursive(int* indices, int npoints, int depth) {
[4.686s]       |     [01;31m[K^~~~~~~~~~[m[K
[4.692s] [01m[K/home/dev/ws/src/dynamic-box/my_rosbag_reader/cluster_node/src/cluster_node.cpp:97:5:[m[K [01;31m[Kerror: [m[Kâ€˜[01m[Kunique_ptr[m[Kâ€™ does not name a type
[4.692s]    97 |     [01;31m[Kunique_ptr[m[K<Node> root_;
[4.692s]       |     [01;31m[K^~~~~~~~~~[m[K
[4.702s] [01m[K/home/dev/ws/src/dynamic-box/my_rosbag_reader/cluster_node/src/cluster_node.cpp:[m[K In member function â€˜[01m[Kvoid KdTree<PointT>::build(const std::vector<BufferT>&, int)[m[Kâ€™:
[4.702s] [01m[K/home/dev/ws/src/dynamic-box/my_rosbag_reader/cluster_node/src/cluster_node.cpp:38:9:[m[K [01;31m[Kerror: [m[Kâ€˜[01m[Kroot_[m[Kâ€™ was not declared in this scope
[4.702s]    38 |         [01;31m[Kroot_[m[K = build_recursive(indices.data(), static_cast<int>(points.size()), 0);
[4.702s]       |         [01;31m[K^~~~~[m[K
[4.702s] [01m[K/home/dev/ws/src/dynamic-box/my_rosbag_reader/cluster_node/src/cluster_node.cpp:38:17:[m[K [01;31m[Kerror: [m[Kthere are no arguments to â€˜[01m[Kbuild_recursive[m[Kâ€™ that depend on a template parameter, so a declaration of â€˜[01m[Kbuild_recursive[m[Kâ€™ must be available [[01;31m[K]8;;https://gcc.gnu.org/onlinedocs/gcc/Warning-Options.html#index-fpermissive-fpermissive]8;;[m[K]
[4.702s]    38 |         root_ = [01;31m[Kbuild_recursive[m[K(indices.data(), static_cast<int>(points.size()), 0);
[4.702s]       |                 [01;31m[K^~~~~~~~~~~~~~~[m[K
[4.702s] [01m[K/home/dev/ws/src/dynamic-box/my_rosbag_reader/cluster_node/src/cluster_node.cpp:38:17:[m[K [01;36m[Knote: [m[K(if you use â€˜[01m[K-fpermissive[m[Kâ€™, G++ will accept your code, but allowing the use of an undeclared name is deprecated)
[4.712s] [01m[K/home/dev/ws/src/dynamic-box/my_rosbag_reader/cluster_node/src/cluster_node.cpp:[m[K In member function â€˜[01m[Kvoid KdTree<PointT>::clear()[m[Kâ€™:
[4.712s] [01m[K/home/dev/ws/src/dynamic-box/my_rosbag_reader/cluster_node/src/cluster_node.cpp:42:9:[m[K [01;31m[Kerror: [m[Kâ€˜[01m[Kroot_[m[Kâ€™ was not declared in this scope
[4.712s]    42 |         [01;31m[Kroot_[m[K.reset();
[4.712s]       |         [01;31m[K^~~~~[m[K
[4.713s] [01m[K/home/dev/ws/src/dynamic-box/my_rosbag_reader/cluster_node/src/cluster_node.cpp:[m[K In member function â€˜[01m[Kint KdTree<PointT>::search(const PointT&, double*) const[m[Kâ€™:
[4.713s] [01m[K/home/dev/ws/src/dynamic-box/my_rosbag_reader/cluster_node/src/cluster_node.cpp:54:27:[m[K [01;31m[Kerror: [m[Kâ€˜[01m[Knumeric_limits[m[Kâ€™ was not declared in this scope
[4.714s]    54 |         double _minDist = [01;31m[Knumeric_limits[m[K<double>::max();
[4.714s]       |                           [01;31m[K^~~~~~~~~~~~~~[m[K
[4.714s] [01m[K/home/dev/ws/src/dynamic-box/my_rosbag_reader/cluster_node/src/cluster_node.cpp:54:27:[m[K [01;36m[Knote: [m[Ksuggested alternatives:
[4.714s] In file included from [01m[K/usr/include/c++/11/chrono:41[m[K,
[4.714s]                  from [01m[K/usr/include/c++/11/mutex:39[m[K,
[4.714s]                  from [01m[K/usr/include/c++/11/future:38[m[K,
[4.714s]                  from [01m[K/opt/ros/humble/include/rclcpp/rclcpp/executors.hpp:18[m[K,
[4.714s]                  from [01m[K/opt/ros/humble/include/rclcpp/rclcpp/rclcpp.hpp:155[m[K,
[4.714s]                  from [01m[K/home/dev/ws/src/dynamic-box/my_rosbag_reader/cluster_node/src/cluster_node.cpp:1[m[K:
[4.714s] [01m[K/usr/include/c++/11/limits:312:12:[m[K [01;36m[Knote: [m[K  â€˜[01m[Kstd::numeric_limits[m[Kâ€™
[4.714s]   312 |     struct [01;36m[Knumeric_limits[m[K : public __numeric_limits_base
[4.714s]       |            [01;36m[K^~~~~~~~~~~~~~[m[K
[4.714s] [01m[K/usr/include/c++/11/limits:312:12:[m[K [01;36m[Knote: [m[K  â€˜[01m[Kstd::numeric_limits[m[Kâ€™
[4.714s] [01m[K/home/dev/ws/src/dynamic-box/my_rosbag_reader/cluster_node/src/cluster_node.cpp:54:42:[m[K [01;31m[Kerror: [m[Kexpected primary-expression before â€˜[01m[Kdouble[m[Kâ€™
[4.714s]    54 |         double _minDist = numeric_limits<[01;31m[Kdouble[m[K>::max();
[4.714s]       |                                          [01;31m[K^~~~~~[m[K
[4.722s] [01m[K/home/dev/ws/src/dynamic-box/my_rosbag_reader/cluster_node/src/cluster_node.cpp:55:33:[m[K [01;31m[Kerror: [m[Kâ€˜[01m[Kroot_[m[Kâ€™ was not declared in this scope
[4.722s]    55 |         search_recursive(query, [01;31m[Kroot_[m[K.get(), &guess, &_minDist);
[4.722s]       |                                 [01;31m[K^~~~~[m[K
[7.685s] gmake[2]: *** [CMakeFiles/cluster_cpp.dir/build.make:76: CMakeFiles/cluster_cpp.dir/src/cluster_node.cpp.o] Error 1
[7.685s] gmake[1]: *** [CMakeFiles/Makefile2:594: CMakeFiles/cluster_cpp.dir/all] Error 2
[7.685s] gmake: *** [Makefile:146: all] Error 2
[7.687s] Invoked command in '/home/dev/ws/src/dynamic-box/my_rosbag_reader/cluster_node/build/cluster_node' returned '2': CMAKE_PREFIX_PATH=${CMAKE_PREFIX_PATH}:/home/dev/ws/src/dynamic-box/my_rosbag_reader/install/my_rosbag_reader:/opt/ros/humble /usr/bin/cmake --build /home/dev/ws/src/dynamic-box/my_rosbag_reader/cluster_node/build/cluster_node -- -j22 -l22
