[01m[K/home/dev/ws/src/dynamic-box/my_rosbag_reader/cluster_node/src/cluster_node.cpp:[m[K In member function â€˜[01m[Kvoid ClusterNode::listenerCallback(sensor_msgs::msg::PointCloud2_<std::allocator<void> >::SharedPtr)[m[Kâ€™:
[01m[K/home/dev/ws/src/dynamic-box/my_rosbag_reader/cluster_node/src/cluster_node.cpp:42:70:[m[K [01;31m[Kerror: [m[Kâ€˜[01m[KPoints[m[Kâ€™ is not a member of â€˜[01m[Kopen3d::geometry::PointCloud[m[Kâ€™
   42 |         pcd.points_ = std::make_shared<open3d::geometry::PointCloud::[01;31m[KPoints[m[K>(
      |                                                                      [01;31m[K^~~~~~[m[K
[01m[K/home/dev/ws/src/dynamic-box/my_rosbag_reader/cluster_node/src/cluster_node.cpp:42:77:[m[K [01;31m[Kerror: [m[Kno matching function for call to â€˜[01m[Kmake_shared<<expression error> >(std::vector<Eigen::Matrix<double, 4, 1> >::iterator, std::vector<Eigen::Matrix<double, 4, 1> >::iterator)[m[Kâ€™
   42 |         pcd.points_ = [01;31m[Kstd::make_shared<open3d::geometry::PointCloud::Points>([m[K
      |                       [01;31m[K~~~~~~~~~~~~~~~~~~~~~~~~~~~~~~~~~~~~~~~~~~~~~~~~~~~~~~^[m[K
   43 | [01;31m[K            cloud.begin(), clou[m[Kd.end());
      |             [01;31m[K~~~~~~~~~~~~~~~~~~~[m[K                                              
In file included from [01m[K/usr/include/c++/11/memory:77[m[K,
                 from [01m[K/opt/ros/humble/include/rclcpp/rclcpp/rclcpp.hpp:153[m[K,
                 from [01m[K/home/dev/ws/src/dynamic-box/my_rosbag_reader/cluster_node/src/cluster_node.cpp:1[m[K:
[01m[K/usr/include/c++/11/bits/shared_ptr.h:875:5:[m[K [01;36m[Knote: [m[Kcandidate: â€˜[01m[Ktemplate<class _Tp, class ... _Args> std::shared_ptr<_Tp> std::make_shared(_Args&& ...)[m[Kâ€™
  875 |     [01;36m[Kmake_shared[m[K(_Args&&... __args)
      |     [01;36m[K^~~~~~~~~~~[m[K
[01m[K/usr/include/c++/11/bits/shared_ptr.h:875:5:[m[K [01;36m[Knote: [m[K  template argument deduction/substitution failed:
[01m[K/home/dev/ws/src/dynamic-box/my_rosbag_reader/cluster_node/src/cluster_node.cpp:42:77:[m[K [01;31m[Kerror: [m[Ktemplate argument 1 is invalid
   42 |         pcd.points_ = [01;31m[Kstd::make_shared<open3d::geometry::PointCloud::Points>([m[K
      |                       [01;31m[K~~~~~~~~~~~~~~~~~~~~~~~~~~~~~~~~~~~~~~~~~~~~~~~~~~~~~~^[m[K
   43 | [01;31m[K            cloud.begin(), clou[m[Kd.end());
      |             [01;31m[K~~~~~~~~~~~~~~~~~~~[m[K                                              
gmake[2]: *** [CMakeFiles/cluster_cpp.dir/build.make:76: CMakeFiles/cluster_cpp.dir/src/cluster_node.cpp.o] Error 1
gmake[1]: *** [CMakeFiles/Makefile2:594: CMakeFiles/cluster_cpp.dir/all] Error 2
gmake: *** [Makefile:146: all] Error 2
