[0.022s] Invoking command in '/home/dev/ws/src/dynamic-box/my_rosbag_reader/cluster_node/build/cluster_node': CMAKE_PREFIX_PATH=${CMAKE_PREFIX_PATH}:/home/dev/ws/src/dynamic-box/my_rosbag_reader/install/my_rosbag_reader:/opt/ros/humble /usr/bin/cmake --build /home/dev/ws/src/dynamic-box/my_rosbag_reader/cluster_node/build/cluster_node -- -j22 -l22
[0.109s] [  2%] Built target cluster_node__cpp
[0.111s] [ 12%] Built target cluster_node__rosidl_generator_c
[0.121s] [ 12%] Built target ament_cmake_python_copy_cluster_node
[0.131s] [ 31%] Built target cluster_node__rosidl_typesupport_introspection_cpp
[0.132s] [ 31%] Built target cluster_node__rosidl_typesupport_c
[0.132s] [ 41%] Built target cluster_node__rosidl_typesupport_introspection_c
[0.132s] [ 51%] Built target cluster_node__rosidl_typesupport_fastrtps_cpp
[0.133s] [ 60%] Built target cluster_node__rosidl_typesupport_cpp
[0.133s] [ 70%] Built target cluster_node__rosidl_typesupport_fastrtps_c
[0.145s] [ 70%] Built target cluster_node
[0.159s] [ 73%] Built target cluster_node__py
[0.159s] [35m[1mConsolidate compiler generated dependencies of target cluster_cpp[0m
[0.175s] [ 80%] Built target cluster_node__rosidl_generator_py
[0.178s] [ 82%] [32mBuilding CXX object CMakeFiles/cluster_cpp.dir/src/cluster_node.cpp.o[0m
[0.191s] [ 95%] Built target cluster_node__rosidl_typesupport_c__pyext
[0.192s] [ 95%] Built target cluster_node__rosidl_typesupport_introspection_c__pyext
[0.192s] [ 97%] Built target cluster_node__rosidl_typesupport_fastrtps_c__pyext
[0.250s] running egg_info
[0.258s] writing cluster_node.egg-info/PKG-INFO
[0.258s] writing dependency_links to cluster_node.egg-info/dependency_links.txt
[0.259s] writing top-level names to cluster_node.egg-info/top_level.txt
[0.279s] reading manifest file 'cluster_node.egg-info/SOURCES.txt'
[0.280s] writing manifest file 'cluster_node.egg-info/SOURCES.txt'
[0.298s] [ 97%] Built target ament_cmake_python_build_cluster_node_egg
[5.589s] [01m[K/home/dev/ws/src/dynamic-box/my_rosbag_reader/cluster_node/src/cluster_node.cpp:[m[K In member function â€˜[01m[Kvoid ClusterNode::listenerCallback(sensor_msgs::msg::PointCloud2_<std::allocator<void> >::SharedPtr)[m[Kâ€™:
[5.589s] [01m[K/home/dev/ws/src/dynamic-box/my_rosbag_reader/cluster_node/src/cluster_node.cpp:194:66:[m[K [01;31m[Kerror: [m[Kinvalid use of non-static member function â€˜[01m[Kstd::vector<std::vector<Eigen::Matrix<double, 4, 1> > > ClusterNode::grow_seed(Eigen::Vector4d, const MatrixXd&, int, const std::vector<Eigen::Matrix<double, 4, 1> >&)[m[Kâ€™
[5.589s]   194 |                 futures.push_back(std::async(std::launch::async, [01;31m[Kgrow_seed[m[K, seed, data_, iter_, C_prev_));
[5.589s]       |                                                                  [01;31m[K^~~~~~~~~[m[K
[5.589s] [01m[K/home/dev/ws/src/dynamic-box/my_rosbag_reader/cluster_node/src/cluster_node.cpp:206:37:[m[K [01;36m[Knote: [m[Kdeclared here
[5.589s]   206 |     vector<vector<Eigen::Vector4d>> [01;36m[Kgrow_seed[m[K(const Vector4d seed, const MatrixXd& data, int itr, const vector<Vector4d>& C_prev) {
[5.589s]       |                                     [01;36m[K^~~~~~~~~[m[K
[5.732s] [01m[K/home/dev/ws/src/dynamic-box/my_rosbag_reader/cluster_node/src/cluster_node.cpp:[m[K In member function â€˜[01m[Kstd::tuple<std::vector<std::vector<Eigen::Matrix<double, 4, 1, 0, 4, 1>, std::allocator<Eigen::Matrix<double, 4, 1, 0, 4, 1> > >, std::allocator<std::vector<Eigen::Matrix<double, 4, 1, 0, 4, 1>, std::allocator<Eigen::Matrix<double, 4, 1, 0, 4, 1> > > > >, std::vector<Eigen::Matrix<double, 4, 1, 0, 4, 1>, std::allocator<Eigen::Matrix<double, 4, 1, 0, 4, 1> > > > ClusterNode::euclidean_cluster(Eigen::Vector4d, const MatrixXd&, double, int, const string&, const std::vector<Eigen::Matrix<double, 4, 1> >&, bool, double)[m[Kâ€™:
[5.733s] [01m[K/home/dev/ws/src/dynamic-box/my_rosbag_reader/cluster_node/src/cluster_node.cpp:220:29:[m[K [01;35m[Kwarning: [m[Kunused parameter â€˜[01m[KMIN_CLUSTER_SIZE[m[Kâ€™ [[01;35m[K]8;;https://gcc.gnu.org/onlinedocs/gcc/Warning-Options.html#index-Wunused-parameter-Wunused-parameter]8;;[m[K]
[5.733s]   220 |                         [01;35m[Kint MIN_CLUSTER_SIZE = 1[m[K,
[5.733s]       |                         [01;35m[K~~~~^~~~~~~~~~~~~~~~~~~~[m[K
[8.464s] gmake[2]: *** [CMakeFiles/cluster_cpp.dir/build.make:76: CMakeFiles/cluster_cpp.dir/src/cluster_node.cpp.o] Error 1
[8.465s] gmake[1]: *** [CMakeFiles/Makefile2:594: CMakeFiles/cluster_cpp.dir/all] Error 2
[8.465s] gmake: *** [Makefile:146: all] Error 2
[8.467s] Invoked command in '/home/dev/ws/src/dynamic-box/my_rosbag_reader/cluster_node/build/cluster_node' returned '2': CMAKE_PREFIX_PATH=${CMAKE_PREFIX_PATH}:/home/dev/ws/src/dynamic-box/my_rosbag_reader/install/my_rosbag_reader:/opt/ros/humble /usr/bin/cmake --build /home/dev/ws/src/dynamic-box/my_rosbag_reader/cluster_node/build/cluster_node -- -j22 -l22
