[0.020s] Invoking command in '/home/dev/ws/src/dynamic-box/my_rosbag_reader/cluster_node/build/cluster_node': CMAKE_PREFIX_PATH=${CMAKE_PREFIX_PATH}:/home/dev/ws/src/dynamic-box/my_rosbag_reader/install/my_rosbag_reader:/opt/ros/humble /usr/bin/cmake --build /home/dev/ws/src/dynamic-box/my_rosbag_reader/cluster_node/build/cluster_node -- -j22 -l22
[0.119s] [35m[1mConsolidate compiler generated dependencies of target cluster_cpp[0m
[0.125s] [  2%] Built target cluster_node__cpp
[0.127s] [ 12%] Built target cluster_node__rosidl_generator_c
[0.139s] [ 12%] Built target ament_cmake_python_copy_cluster_node
[0.144s] [ 14%] [32mBuilding CXX object CMakeFiles/cluster_cpp.dir/src/cluster_node.cpp.o[0m
[0.150s] [ 48%] Built target cluster_node__rosidl_typesupport_introspection_c
[0.150s] [ 48%] Built target cluster_node__rosidl_typesupport_c
[0.150s] [ 48%] Built target cluster_node__rosidl_typesupport_introspection_cpp
[0.150s] [ 53%] Built target cluster_node__rosidl_typesupport_cpp
[0.150s] [ 63%] Built target cluster_node__rosidl_typesupport_fastrtps_cpp
[0.151s] [ 73%] Built target cluster_node__rosidl_typesupport_fastrtps_c
[0.166s] [ 73%] Built target cluster_node
[0.181s] [ 75%] Built target cluster_node__py
[0.197s] [ 82%] Built target cluster_node__rosidl_generator_py
[0.215s] [ 95%] Built target cluster_node__rosidl_typesupport_fastrtps_c__pyext
[0.215s] [ 95%] Built target cluster_node__rosidl_typesupport_c__pyext
[0.215s] [ 97%] Built target cluster_node__rosidl_typesupport_introspection_c__pyext
[0.274s] running egg_info
[0.281s] writing cluster_node.egg-info/PKG-INFO
[0.281s] writing dependency_links to cluster_node.egg-info/dependency_links.txt
[0.282s] writing top-level names to cluster_node.egg-info/top_level.txt
[0.303s] reading manifest file 'cluster_node.egg-info/SOURCES.txt'
[0.304s] writing manifest file 'cluster_node.egg-info/SOURCES.txt'
[0.325s] [ 97%] Built target ament_cmake_python_build_cluster_node_egg
[4.054s] In file included from [01m[K/opt/ros/humble/include/rclcpp/rclcpp/client.hpp:40[m[K,
[4.054s]                  from [01m[K/opt/ros/humble/include/rclcpp/rclcpp/callback_group.hpp:24[m[K,
[4.054s]                  from [01m[K/opt/ros/humble/include/rclcpp/rclcpp/any_executable.hpp:20[m[K,
[4.054s]                  from [01m[K/opt/ros/humble/include/rclcpp/rclcpp/memory_strategy.hpp:25[m[K,
[4.054s]                  from [01m[K/opt/ros/humble/include/rclcpp/rclcpp/memory_strategies.hpp:18[m[K,
[4.054s]                  from [01m[K/opt/ros/humble/include/rclcpp/rclcpp/executor_options.hpp:20[m[K,
[4.054s]                  from [01m[K/opt/ros/humble/include/rclcpp/rclcpp/executor.hpp:37[m[K,
[4.054s]                  from [01m[K/opt/ros/humble/include/rclcpp/rclcpp/executors/multi_threaded_executor.hpp:25[m[K,
[4.054s]                  from [01m[K/opt/ros/humble/include/rclcpp/rclcpp/executors.hpp:21[m[K,
[4.054s]                  from [01m[K/opt/ros/humble/include/rclcpp/rclcpp/rclcpp.hpp:155[m[K,
[4.054s]                  from [01m[K/home/dev/ws/src/dynamic-box/my_rosbag_reader/cluster_node/src/cluster_node.cpp:1[m[K:
[4.054s] [01m[K/home/dev/ws/src/dynamic-box/my_rosbag_reader/cluster_node/src/cluster_node.cpp:22:5:[m[K [01;31m[Kerror: [m[Kexpected unqualified-id before â€˜[01m[Kdo[m[Kâ€™
[4.054s]    22 |     [01;31m[KRCLCPP_INFO[m[K(this->get_logger(), "ClusterNode started - waiting for PointCloud2 on '/rslidar_points'");
[4.055s]       |     [01;31m[K^~~~~~~~~~~[m[K
[4.055s] [01m[K/home/dev/ws/src/dynamic-box/my_rosbag_reader/cluster_node/src/cluster_node.cpp:22:5:[m[K [01;31m[Kerror: [m[Kexpected unqualified-id before â€˜[01m[Kwhile[m[Kâ€™
[4.055s]    22 |     [01;31m[KRCLCPP_INFO[m[K(this->get_logger(), "ClusterNode started - waiting for PointCloud2 on '/rslidar_points'");
[4.055s]       |     [01;31m[K^~~~~~~~~~~[m[K
[4.055s] [01m[K/home/dev/ws/src/dynamic-box/my_rosbag_reader/cluster_node/src/cluster_node.cpp:38:2:[m[K [01;31m[Kerror: [m[Kexpected â€˜[01m[K;[m[Kâ€™ after class definition
[4.055s]    38 | }
[4.055s]       |  [01;31m[K^[m[K
[4.055s]       |  [32m[K;[m[K
[4.064s] [01m[K/home/dev/ws/src/dynamic-box/my_rosbag_reader/cluster_node/src/cluster_node.cpp:[m[K In constructor â€˜[01m[KClusterNode::ClusterNode()[m[Kâ€™:
[4.064s] [01m[K/home/dev/ws/src/dynamic-box/my_rosbag_reader/cluster_node/src/cluster_node.cpp:17:9:[m[K [01;31m[Kerror: [m[Kâ€˜[01m[Klidar_sub_[m[Kâ€™ was not declared in this scope
[4.064s]    17 |         [01;31m[Klidar_sub_[m[K = this->create_subscription<sensor_msgs::msg::PointCloud2>(
[4.064s]       |         [01;31m[K^~~~~~~~~~[m[K
[4.107s] [01m[K/home/dev/ws/src/dynamic-box/my_rosbag_reader/cluster_node/src/cluster_node.cpp:[m[K In member function â€˜[01m[Kvoid ClusterNode::listenerCallback(sensor_msgs::msg::PointCloud2_<std::allocator<void> >::SharedPtr)[m[Kâ€™:
[4.107s] [01m[K/home/dev/ws/src/dynamic-box/my_rosbag_reader/cluster_node/src/cluster_node.cpp:30:9:[m[K [01;31m[Kerror: [m[Kâ€˜[01m[Kvector[m[Kâ€™ was not declared in this scope
[4.107s]    30 |         [01;31m[Kvector[m[K<Vector4d> cloud;
[4.107s]       |         [01;31m[K^~~~~~[m[K
[4.109s] [01m[K/home/dev/ws/src/dynamic-box/my_rosbag_reader/cluster_node/src/cluster_node.cpp:30:9:[m[K [01;36m[Knote: [m[Ksuggested alternatives:
[4.109s] In file included from [01m[K/usr/include/c++/11/vector:67[m[K,
[4.109s]                  from [01m[K/usr/include/c++/11/functional:62[m[K,
[4.109s]                  from [01m[K/usr/include/c++/11/pstl/glue_algorithm_defs.h:13[m[K,
[4.109s]                  from [01m[K/usr/include/c++/11/algorithm:74[m[K,
[4.109s]                  from [01m[K/opt/ros/humble/include/rclcpp/rclcpp/executor.hpp:18[m[K,
[4.109s]                  from [01m[K/opt/ros/humble/include/rclcpp/rclcpp/executors/multi_threaded_executor.hpp:25[m[K,
[4.109s]                  from [01m[K/opt/ros/humble/include/rclcpp/rclcpp/executors.hpp:21[m[K,
[4.109s]                  from [01m[K/opt/ros/humble/include/rclcpp/rclcpp/rclcpp.hpp:155[m[K,
[4.109s]                  from [01m[K/home/dev/ws/src/dynamic-box/my_rosbag_reader/cluster_node/src/cluster_node.cpp:1[m[K:
[4.109s] [01m[K/usr/include/c++/11/bits/stl_vector.h:389:11:[m[K [01;36m[Knote: [m[K  â€˜[01m[Kstd::vector[m[Kâ€™
[4.109s]   389 |     class [01;36m[Kvector[m[K : protected _Vector_base<_Tp, _Alloc>
[4.109s]       |           [01;36m[K^~~~~~[m[K
[4.109s] In file included from [01m[K/usr/include/c++/11/functional:62[m[K,
[4.109s]                  from [01m[K/usr/include/c++/11/pstl/glue_algorithm_defs.h:13[m[K,
[4.109s]                  from [01m[K/usr/include/c++/11/algorithm:74[m[K,
[4.109s]                  from [01m[K/opt/ros/humble/include/rclcpp/rclcpp/executor.hpp:18[m[K,
[4.109s]                  from [01m[K/opt/ros/humble/include/rclcpp/rclcpp/executors/multi_threaded_executor.hpp:25[m[K,
[4.109s]                  from [01m[K/opt/ros/humble/include/rclcpp/rclcpp/executors.hpp:21[m[K,
[4.109s]                  from [01m[K/opt/ros/humble/include/rclcpp/rclcpp/rclcpp.hpp:155[m[K,
[4.110s]                  from [01m[K/home/dev/ws/src/dynamic-box/my_rosbag_reader/cluster_node/src/cluster_node.cpp:1[m[K:
[4.110s] [01m[K/usr/include/c++/11/vector:86:13:[m[K [01;36m[Knote: [m[K  â€˜[01m[Kstd::pmr::vector[m[Kâ€™
[4.110s]    86 |       using [01;36m[Kvector[m[K = std::vector<_Tp, polymorphic_allocator<_Tp>>;
[4.110s]       |             [01;36m[K^~~~~~[m[K
[4.110s] In file included from [01m[K/usr/include/boost/mpl/aux_/include_preprocessed.hpp:37[m[K,
[4.110s]                  from [01m[K/usr/include/boost/mpl/vector.hpp:46[m[K,
[4.110s]                  from [01m[K/usr/include/pcl-1.12/pcl/point_struct_traits.h:43[m[K,
[4.110s]                  from [01m[K/usr/include/pcl-1.12/pcl/type_traits.h:40[m[K,
[4.110s]                  from [01m[K/usr/include/pcl-1.12/pcl/memory.h:46[m[K,
[4.110s]                  from [01m[K/usr/include/pcl-1.12/pcl/PCLPointField.h:3[m[K,
[4.110s]                  from [01m[K/usr/include/pcl-1.12/pcl/conversions.h:46[m[K,
[4.110s]                  from [01m[K/opt/ros/humble/include/pcl_conversions/pcl_conversions/pcl_conversions.h:47[m[K,
[4.110s]                  from [01m[K/home/dev/ws/src/dynamic-box/my_rosbag_reader/cluster_node/src/cluster_node.cpp:4[m[K:
[4.110s] [01m[K/usr/include/boost/mpl/aux_/preprocessed/gcc/vector.hpp:22:8:[m[K [01;36m[Knote: [m[K  â€˜[01m[Kboost::mpl::vector[m[Kâ€™
[4.110s]    22 | struct [01;36m[Kvector[m[K;
[4.110s]       |        [01;36m[K^~~~~~[m[K
[4.110s] [01m[K/home/dev/ws/src/dynamic-box/my_rosbag_reader/cluster_node/src/cluster_node.cpp:30:16:[m[K [01;31m[Kerror: [m[Kâ€˜[01m[KVector4d[m[Kâ€™ was not declared in this scope; did you mean â€˜[01m[KEigen::Vector4d[m[Kâ€™?
[4.111s]    30 |         vector<[01;31m[KVector4d[m[K> cloud;
[4.111s]       |                [01;31m[K^~~~~~~~[m[K
[4.111s]       |                [32m[KEigen::Vector4d[m[K
[4.111s] In file included from [01m[K/usr/include/eigen3/Eigen/Core:295[m[K,
[4.111s]                  from [01m[K/usr/include/pcl-1.12/pcl/memory.h:48[m[K,
[4.111s]                  from [01m[K/usr/include/pcl-1.12/pcl/PCLPointField.h:3[m[K,
[4.111s]                  from [01m[K/usr/include/pcl-1.12/pcl/conversions.h:46[m[K,
[4.111s]                  from [01m[K/opt/ros/humble/include/pcl_conversions/pcl_conversions/pcl_conversions.h:47[m[K,
[4.111s]                  from [01m[K/home/dev/ws/src/dynamic-box/my_rosbag_reader/cluster_node/src/cluster_node.cpp:4[m[K:
[4.111s] [01m[K/usr/include/eigen3/Eigen/src/Core/Matrix.h:506:1:[m[K [01;36m[Knote: [m[Kâ€˜[01m[KEigen::Vector4d[m[Kâ€™ declared here
[4.111s]   506 | [01;36m[KEIGEN_MAKE_TYPEDEFS_ALL_SIZES[m[K(double,               d)
[4.111s]       | [01;36m[K^~~~~~~~~~~~~~~~~~~~~~~~~~~~~[m[K
[4.117s] [01m[K/home/dev/ws/src/dynamic-box/my_rosbag_reader/cluster_node/src/cluster_node.cpp:30:26:[m[K [01;31m[Kerror: [m[Kâ€˜[01m[Kcloud[m[Kâ€™ was not declared in this scope
[4.117s]    30 |         vector<Vector4d> [01;31m[Kcloud[m[K;
[4.117s]       |                          [01;31m[K^~~~~[m[K
[6.292s] gmake[2]: *** [CMakeFiles/cluster_cpp.dir/build.make:76: CMakeFiles/cluster_cpp.dir/src/cluster_node.cpp.o] Error 1
[6.293s] gmake[1]: *** [CMakeFiles/Makefile2:592: CMakeFiles/cluster_cpp.dir/all] Error 2
[6.293s] gmake: *** [Makefile:146: all] Error 2
[6.295s] Invoked command in '/home/dev/ws/src/dynamic-box/my_rosbag_reader/cluster_node/build/cluster_node' returned '2': CMAKE_PREFIX_PATH=${CMAKE_PREFIX_PATH}:/home/dev/ws/src/dynamic-box/my_rosbag_reader/install/my_rosbag_reader:/opt/ros/humble /usr/bin/cmake --build /home/dev/ws/src/dynamic-box/my_rosbag_reader/cluster_node/build/cluster_node -- -j22 -l22
