[0.022s] Invoking command in '/home/dev/ws/src/dynamic-box/my_rosbag_reader/cluster_node/build/cluster_node': CMAKE_PREFIX_PATH=${CMAKE_PREFIX_PATH}:/home/dev/ws/src/dynamic-box/my_rosbag_reader/install/my_rosbag_reader:/opt/ros/humble /usr/bin/cmake --build /home/dev/ws/src/dynamic-box/my_rosbag_reader/cluster_node/build/cluster_node -- -j22 -l22
[0.114s] [35m[1mConsolidate compiler generated dependencies of target cluster_cpp[0m
[0.114s] [  2%] Built target cluster_node__cpp
[0.117s] [ 12%] Built target cluster_node__rosidl_generator_c
[0.128s] [ 12%] Built target ament_cmake_python_copy_cluster_node
[0.138s] [ 41%] Built target cluster_node__rosidl_typesupport_cpp
[0.138s] [ 41%] Built target cluster_node__rosidl_typesupport_c
[0.138s] [ 41%] Built target cluster_node__rosidl_typesupport_introspection_cpp
[0.138s] [ 43%] [32mBuilding CXX object CMakeFiles/cluster_cpp.dir/src/cluster_node.cpp.o[0m
[0.139s] [ 63%] Built target cluster_node__rosidl_typesupport_introspection_c
[0.139s] [ 63%] Built target cluster_node__rosidl_typesupport_fastrtps_c
[0.139s] [ 73%] Built target cluster_node__rosidl_typesupport_fastrtps_cpp
[0.152s] [ 73%] Built target cluster_node
[0.167s] [ 75%] Built target cluster_node__py
[0.184s] [ 82%] Built target cluster_node__rosidl_generator_py
[0.201s] [ 92%] Built target cluster_node__rosidl_typesupport_fastrtps_c__pyext
[0.202s] [ 92%] Built target cluster_node__rosidl_typesupport_introspection_c__pyext
[0.202s] [ 97%] Built target cluster_node__rosidl_typesupport_c__pyext
[0.255s] running egg_info
[0.261s] writing cluster_node.egg-info/PKG-INFO
[0.262s] writing dependency_links to cluster_node.egg-info/dependency_links.txt
[0.262s] writing top-level names to cluster_node.egg-info/top_level.txt
[0.283s] reading manifest file 'cluster_node.egg-info/SOURCES.txt'
[0.283s] writing manifest file 'cluster_node.egg-info/SOURCES.txt'
[0.303s] [ 97%] Built target ament_cmake_python_build_cluster_node_egg
[3.792s] In file included from [01m[K/opt/ros/humble/include/rclcpp/rclcpp/client.hpp:40[m[K,
[3.792s]                  from [01m[K/opt/ros/humble/include/rclcpp/rclcpp/callback_group.hpp:24[m[K,
[3.792s]                  from [01m[K/opt/ros/humble/include/rclcpp/rclcpp/any_executable.hpp:20[m[K,
[3.792s]                  from [01m[K/opt/ros/humble/include/rclcpp/rclcpp/memory_strategy.hpp:25[m[K,
[3.792s]                  from [01m[K/opt/ros/humble/include/rclcpp/rclcpp/memory_strategies.hpp:18[m[K,
[3.792s]                  from [01m[K/opt/ros/humble/include/rclcpp/rclcpp/executor_options.hpp:20[m[K,
[3.792s]                  from [01m[K/opt/ros/humble/include/rclcpp/rclcpp/executor.hpp:37[m[K,
[3.792s]                  from [01m[K/opt/ros/humble/include/rclcpp/rclcpp/executors/multi_threaded_executor.hpp:25[m[K,
[3.792s]                  from [01m[K/opt/ros/humble/include/rclcpp/rclcpp/executors.hpp:21[m[K,
[3.792s]                  from [01m[K/opt/ros/humble/include/rclcpp/rclcpp/rclcpp.hpp:155[m[K,
[3.792s]                  from [01m[K/home/dev/ws/src/dynamic-box/my_rosbag_reader/cluster_node/src/cluster_node.cpp:1[m[K:
[3.792s] [01m[K/home/dev/ws/src/dynamic-box/my_rosbag_reader/cluster_node/src/cluster_node.cpp:23:5:[m[K [01;31m[Kerror: [m[Kexpected unqualified-id before â€˜[01m[Kdo[m[Kâ€™
[3.792s]    23 |     [01;31m[KRCLCPP_INFO[m[K(this->get_logger(), "ClusterNode started - waiting for PointCloud2 on '/rslidar_points'");
[3.792s]       |     [01;31m[K^~~~~~~~~~~[m[K
[3.792s] [01m[K/home/dev/ws/src/dynamic-box/my_rosbag_reader/cluster_node/src/cluster_node.cpp:23:5:[m[K [01;31m[Kerror: [m[Kexpected unqualified-id before â€˜[01m[Kwhile[m[Kâ€™
[3.792s]    23 |     [01;31m[KRCLCPP_INFO[m[K(this->get_logger(), "ClusterNode started - waiting for PointCloud2 on '/rslidar_points'");
[3.792s]       |     [01;31m[K^~~~~~~~~~~[m[K
[3.793s] [01m[K/home/dev/ws/src/dynamic-box/my_rosbag_reader/cluster_node/src/cluster_node.cpp:39:2:[m[K [01;31m[Kerror: [m[Kexpected â€˜[01m[K;[m[Kâ€™ after class definition
[3.793s]    39 | }
[3.793s]       |  [01;31m[K^[m[K
[3.793s]       |  [32m[K;[m[K
[3.801s] [01m[K/home/dev/ws/src/dynamic-box/my_rosbag_reader/cluster_node/src/cluster_node.cpp:[m[K In constructor â€˜[01m[KClusterNode::ClusterNode()[m[Kâ€™:
[3.801s] [01m[K/home/dev/ws/src/dynamic-box/my_rosbag_reader/cluster_node/src/cluster_node.cpp:18:9:[m[K [01;31m[Kerror: [m[Kâ€˜[01m[Klidar_sub_[m[Kâ€™ was not declared in this scope
[3.801s]    18 |         [01;31m[Klidar_sub_[m[K = this->create_subscription<sensor_msgs::msg::PointCloud2>(
[3.801s]       |         [01;31m[K^~~~~~~~~~[m[K
[5.884s] gmake[2]: *** [CMakeFiles/cluster_cpp.dir/build.make:76: CMakeFiles/cluster_cpp.dir/src/cluster_node.cpp.o] Error 1
[5.885s] gmake[1]: *** [CMakeFiles/Makefile2:592: CMakeFiles/cluster_cpp.dir/all] Error 2
[5.885s] gmake: *** [Makefile:146: all] Error 2
[5.887s] Invoked command in '/home/dev/ws/src/dynamic-box/my_rosbag_reader/cluster_node/build/cluster_node' returned '2': CMAKE_PREFIX_PATH=${CMAKE_PREFIX_PATH}:/home/dev/ws/src/dynamic-box/my_rosbag_reader/install/my_rosbag_reader:/opt/ros/humble /usr/bin/cmake --build /home/dev/ws/src/dynamic-box/my_rosbag_reader/cluster_node/build/cluster_node -- -j22 -l22
