[01m[K/home/dev/ws/src/dynamic-box/my_rosbag_reader/cluster_node/src/cluster_node.cpp:[m[K In constructor â€˜[01m[KClusterNode::ClusterNode()[m[Kâ€™:
[01m[K/home/dev/ws/src/dynamic-box/my_rosbag_reader/cluster_node/src/cluster_node.cpp:113:9:[m[K [01;35m[Kwarning: [m[Kstatement has no effect [[01;35m[K]8;;https://gcc.gnu.org/onlinedocs/gcc/Warning-Options.html#index-Wunused-value-Wunused-value]8;;[m[K]
  113 |         [01;35m[Ktaken_[m[K;
      |         [01;35m[K^~~~~~[m[K
[01m[K/home/dev/ws/src/dynamic-box/my_rosbag_reader/cluster_node/src/cluster_node.cpp:[m[K In member function â€˜[01m[Kstd::tuple<std::vector<std::vector<Eigen::Matrix<double, 4, 1, 0, 4, 1>, std::allocator<Eigen::Matrix<double, 4, 1, 0, 4, 1> > >, std::allocator<std::vector<Eigen::Matrix<double, 4, 1, 0, 4, 1>, std::allocator<Eigen::Matrix<double, 4, 1, 0, 4, 1> > > > >, std::vector<Eigen::Matrix<double, 4, 1, 0, 4, 1>, std::allocator<Eigen::Matrix<double, 4, 1, 0, 4, 1> > > > ClusterNode::euclidean_cluster(Eigen::Vector4d, const MatrixXd&, double, int, const string&, const std::vector<Eigen::Matrix<double, 4, 1> >&, bool, double)[m[Kâ€™:
[01m[K/home/dev/ws/src/dynamic-box/my_rosbag_reader/cluster_node/src/cluster_node.cpp:244:29:[m[K [01;35m[Kwarning: [m[Kunused parameter â€˜[01m[KMIN_CLUSTER_SIZE[m[Kâ€™ [[01;35m[K]8;;https://gcc.gnu.org/onlinedocs/gcc/Warning-Options.html#index-Wunused-parameter-Wunused-parameter]8;;[m[K]
  244 |                         [01;35m[Kint MIN_CLUSTER_SIZE = 1[m[K,
      |                         [01;35m[K~~~~^~~~~~~~~~~~~~~~~~~~[m[K
In file included from [01m[K/usr/include/c++/11/memory:66[m[K,
                 from [01m[K/opt/ros/humble/include/rclcpp/rclcpp/rclcpp.hpp:153[m[K,
                 from [01m[K/home/dev/ws/src/dynamic-box/my_rosbag_reader/cluster_node/src/cluster_node.cpp:1[m[K:
/usr/include/c++/11/bits/stl_uninitialized.h: In instantiation of â€˜[01m[K_ForwardIterator std::uninitialized_copy(_InputIterator, _InputIterator, _ForwardIterator) [with _InputIterator = std::move_iterator<std::atomic<bool>*>; _ForwardIterator = std::atomic<bool>*][m[Kâ€™:
[01m[K/usr/include/c++/11/bits/stl_uninitialized.h:333:37:[m[K   required from â€˜[01m[K_ForwardIterator std::__uninitialized_copy_a(_InputIterator, _InputIterator, _ForwardIterator, std::allocator<_Tp>&) [with _InputIterator = std::move_iterator<std::atomic<bool>*>; _ForwardIterator = std::atomic<bool>*; _Tp = std::atomic<bool>][m[Kâ€™
[01m[K/usr/include/c++/11/bits/stl_uninitialized.h:355:2:[m[K   required from â€˜[01m[K_ForwardIterator std::__uninitialized_move_if_noexcept_a(_InputIterator, _InputIterator, _ForwardIterator, _Allocator&) [with _InputIterator = std::atomic<bool>*; _ForwardIterator = std::atomic<bool>*; _Allocator = std::allocator<std::atomic<bool> >][m[Kâ€™
[01m[K/usr/include/c++/11/bits/vector.tcc:659:48:[m[K   required from â€˜[01m[Kvoid std::vector<_Tp, _Alloc>::_M_default_append(std::vector<_Tp, _Alloc>::size_type) [with _Tp = std::atomic<bool>; _Alloc = std::allocator<std::atomic<bool> >; std::vector<_Tp, _Alloc>::size_type = long unsigned int][m[Kâ€™
[01m[K/usr/include/c++/11/bits/stl_vector.h:940:4:[m[K   required from â€˜[01m[Kvoid std::vector<_Tp, _Alloc>::resize(std::vector<_Tp, _Alloc>::size_type) [with _Tp = std::atomic<bool>; _Alloc = std::allocator<std::atomic<bool> >; std::vector<_Tp, _Alloc>::size_type = long unsigned int][m[Kâ€™
[01m[K/home/dev/ws/src/dynamic-box/my_rosbag_reader/cluster_node/src/cluster_node.cpp:159:26:[m[K   required from here
[01m[K/usr/include/c++/11/bits/stl_uninitialized.h:138:72:[m[K [01;31m[Kerror: [m[Kstatic assertion failed: result type must be constructible from value type of input range
  138 |       static_assert(is_constructible<_ValueType2, decltype(*__first)>::[01;31m[Kvalue[m[K,
      |                                                                        [01;31m[K^~~~~[m[K
[01m[K/usr/include/c++/11/bits/stl_uninitialized.h:138:72:[m[K [01;36m[Knote: [m[Kâ€˜[01m[Kstd::integral_constant<bool, false>::value[m[Kâ€™ evaluates to false
gmake[2]: *** [CMakeFiles/cluster_cpp.dir/build.make:76: CMakeFiles/cluster_cpp.dir/src/cluster_node.cpp.o] Error 1
gmake[1]: *** [CMakeFiles/Makefile2:594: CMakeFiles/cluster_cpp.dir/all] Error 2
gmake: *** [Makefile:146: all] Error 2
