[0.009s] Invoking command in '/home/dev/ws/src/dynamic-box/my_rosbag_reader/cluster_node/build/cluster_node': CMAKE_PREFIX_PATH=${CMAKE_PREFIX_PATH}:/home/dev/ws/src/dynamic-box/my_rosbag_reader/install/my_rosbag_reader:/opt/ros/humble /usr/bin/cmake --build /home/dev/ws/src/dynamic-box/my_rosbag_reader/cluster_node/build/cluster_node -- -j22 -l22
[0.059s] [  2%] Built target cluster_node__cpp
[0.063s] [ 12%] Built target cluster_node__rosidl_generator_c
[0.072s] [ 12%] Built target ament_cmake_python_copy_cluster_node
[0.081s] [ 21%] Built target cluster_node__rosidl_typesupport_introspection_cpp
[0.082s] [ 31%] Built target cluster_node__rosidl_typesupport_fastrtps_cpp
[0.082s] [ 41%] Built target cluster_node__rosidl_typesupport_fastrtps_c
[0.082s] [ 51%] Built target cluster_node__rosidl_typesupport_introspection_c
[0.082s] [ 60%] Built target cluster_node__rosidl_typesupport_cpp
[0.085s] [ 70%] Built target cluster_node__rosidl_typesupport_c
[0.097s] [ 70%] Built target cluster_node
[0.108s] [35m[1mConsolidate compiler generated dependencies of target cluster_cpp[0m
[0.110s] [ 73%] Built target cluster_node__py
[0.127s] [ 80%] Built target cluster_node__rosidl_generator_py
[0.127s] [ 82%] [32mBuilding CXX object CMakeFiles/cluster_cpp.dir/src/cluster_node.cpp.o[0m
[0.143s] [ 87%] Built target cluster_node__rosidl_typesupport_introspection_c__pyext
[0.144s] [ 97%] Built target cluster_node__rosidl_typesupport_fastrtps_c__pyext
[0.144s] [ 97%] Built target cluster_node__rosidl_typesupport_c__pyext
[0.191s] running egg_info
[0.197s] writing cluster_node.egg-info/PKG-INFO
[0.197s] writing dependency_links to cluster_node.egg-info/dependency_links.txt
[0.197s] writing top-level names to cluster_node.egg-info/top_level.txt
[0.216s] reading manifest file 'cluster_node.egg-info/SOURCES.txt'
[0.217s] writing manifest file 'cluster_node.egg-info/SOURCES.txt'
[0.236s] [ 97%] Built target ament_cmake_python_build_cluster_node_egg
[4.685s] [01m[K/home/dev/ws/src/dynamic-box/my_rosbag_reader/cluster_node/src/cluster_node.cpp:[m[K In constructor â€˜[01m[KClusterNode::ClusterNode()[m[Kâ€™:
[4.685s] [01m[K/home/dev/ws/src/dynamic-box/my_rosbag_reader/cluster_node/src/cluster_node.cpp:113:9:[m[K [01;35m[Kwarning: [m[Kstatement has no effect [[01;35m[K]8;;https://gcc.gnu.org/onlinedocs/gcc/Warning-Options.html#index-Wunused-value-Wunused-value]8;;[m[K]
[4.685s]   113 |         [01;35m[Ktaken_[m[K;
[4.685s]       |         [01;35m[K^~~~~~[m[K
[5.309s] [01m[K/home/dev/ws/src/dynamic-box/my_rosbag_reader/cluster_node/src/cluster_node.cpp:[m[K In member function â€˜[01m[Kstd::tuple<std::vector<std::vector<Eigen::Matrix<double, 4, 1, 0, 4, 1>, std::allocator<Eigen::Matrix<double, 4, 1, 0, 4, 1> > >, std::allocator<std::vector<Eigen::Matrix<double, 4, 1, 0, 4, 1>, std::allocator<Eigen::Matrix<double, 4, 1, 0, 4, 1> > > > >, std::vector<Eigen::Matrix<double, 4, 1, 0, 4, 1>, std::allocator<Eigen::Matrix<double, 4, 1, 0, 4, 1> > > > ClusterNode::euclidean_cluster(Eigen::Vector4d, const MatrixXd&, double, int, const string&, const std::vector<Eigen::Matrix<double, 4, 1> >&, bool, double)[m[Kâ€™:
[5.309s] [01m[K/home/dev/ws/src/dynamic-box/my_rosbag_reader/cluster_node/src/cluster_node.cpp:244:29:[m[K [01;35m[Kwarning: [m[Kunused parameter â€˜[01m[KMIN_CLUSTER_SIZE[m[Kâ€™ [[01;35m[K]8;;https://gcc.gnu.org/onlinedocs/gcc/Warning-Options.html#index-Wunused-parameter-Wunused-parameter]8;;[m[K]
[5.309s]   244 |                         [01;35m[Kint MIN_CLUSTER_SIZE = 1[m[K,
[5.309s]       |                         [01;35m[K~~~~^~~~~~~~~~~~~~~~~~~~[m[K
[6.415s] In file included from [01m[K/usr/include/c++/11/memory:66[m[K,
[6.415s]                  from [01m[K/opt/ros/humble/include/rclcpp/rclcpp/rclcpp.hpp:153[m[K,
[6.415s]                  from [01m[K/home/dev/ws/src/dynamic-box/my_rosbag_reader/cluster_node/src/cluster_node.cpp:1[m[K:
[6.415s] /usr/include/c++/11/bits/stl_uninitialized.h: In instantiation of â€˜[01m[K_ForwardIterator std::uninitialized_copy(_InputIterator, _InputIterator, _ForwardIterator) [with _InputIterator = std::move_iterator<std::atomic<bool>*>; _ForwardIterator = std::atomic<bool>*][m[Kâ€™:
[6.415s] [01m[K/usr/include/c++/11/bits/stl_uninitialized.h:333:37:[m[K   required from â€˜[01m[K_ForwardIterator std::__uninitialized_copy_a(_InputIterator, _InputIterator, _ForwardIterator, std::allocator<_Tp>&) [with _InputIterator = std::move_iterator<std::atomic<bool>*>; _ForwardIterator = std::atomic<bool>*; _Tp = std::atomic<bool>][m[Kâ€™
[6.415s] [01m[K/usr/include/c++/11/bits/stl_uninitialized.h:355:2:[m[K   required from â€˜[01m[K_ForwardIterator std::__uninitialized_move_if_noexcept_a(_InputIterator, _InputIterator, _ForwardIterator, _Allocator&) [with _InputIterator = std::atomic<bool>*; _ForwardIterator = std::atomic<bool>*; _Allocator = std::allocator<std::atomic<bool> >][m[Kâ€™
[6.415s] [01m[K/usr/include/c++/11/bits/vector.tcc:659:48:[m[K   required from â€˜[01m[Kvoid std::vector<_Tp, _Alloc>::_M_default_append(std::vector<_Tp, _Alloc>::size_type) [with _Tp = std::atomic<bool>; _Alloc = std::allocator<std::atomic<bool> >; std::vector<_Tp, _Alloc>::size_type = long unsigned int][m[Kâ€™
[6.416s] [01m[K/usr/include/c++/11/bits/stl_vector.h:940:4:[m[K   required from â€˜[01m[Kvoid std::vector<_Tp, _Alloc>::resize(std::vector<_Tp, _Alloc>::size_type) [with _Tp = std::atomic<bool>; _Alloc = std::allocator<std::atomic<bool> >; std::vector<_Tp, _Alloc>::size_type = long unsigned int][m[Kâ€™
[6.416s] [01m[K/home/dev/ws/src/dynamic-box/my_rosbag_reader/cluster_node/src/cluster_node.cpp:159:26:[m[K   required from here
[6.416s] [01m[K/usr/include/c++/11/bits/stl_uninitialized.h:138:72:[m[K [01;31m[Kerror: [m[Kstatic assertion failed: result type must be constructible from value type of input range
[6.416s]   138 |       static_assert(is_constructible<_ValueType2, decltype(*__first)>::[01;31m[Kvalue[m[K,
[6.416s]       |                                                                        [01;31m[K^~~~~[m[K
[6.416s] [01m[K/usr/include/c++/11/bits/stl_uninitialized.h:138:72:[m[K [01;36m[Knote: [m[Kâ€˜[01m[Kstd::integral_constant<bool, false>::value[m[Kâ€™ evaluates to false
[8.215s] gmake[2]: *** [CMakeFiles/cluster_cpp.dir/build.make:76: CMakeFiles/cluster_cpp.dir/src/cluster_node.cpp.o] Error 1
[8.216s] gmake[1]: *** [CMakeFiles/Makefile2:594: CMakeFiles/cluster_cpp.dir/all] Error 2
[8.216s] gmake: *** [Makefile:146: all] Error 2
[8.218s] Invoked command in '/home/dev/ws/src/dynamic-box/my_rosbag_reader/cluster_node/build/cluster_node' returned '2': CMAKE_PREFIX_PATH=${CMAKE_PREFIX_PATH}:/home/dev/ws/src/dynamic-box/my_rosbag_reader/install/my_rosbag_reader:/opt/ros/humble /usr/bin/cmake --build /home/dev/ws/src/dynamic-box/my_rosbag_reader/cluster_node/build/cluster_node -- -j22 -l22
