[  2%] Built target cluster_node__cpp
[ 12%] Built target cluster_node__rosidl_generator_c
[ 12%] Built target ament_cmake_python_copy_cluster_node
[ 21%] Built target cluster_node__rosidl_typesupport_introspection_c
[ 31%] Built target cluster_node__rosidl_typesupport_fastrtps_cpp
[ 41%] Built target cluster_node__rosidl_typesupport_c
[ 51%] Built target cluster_node__rosidl_typesupport_fastrtps_c
[ 60%] Built target cluster_node__rosidl_typesupport_cpp
[ 70%] Built target cluster_node__rosidl_typesupport_introspection_cpp
[ 70%] Built target cluster_node
[35m[1mConsolidate compiler generated dependencies of target cluster_cpp[0m
[ 73%] Built target cluster_node__py
[ 80%] Built target cluster_node__rosidl_generator_py
[ 82%] [32mBuilding CXX object CMakeFiles/cluster_cpp.dir/src/cluster_node.cpp.o[0m
[ 97%] Built target cluster_node__rosidl_typesupport_c__pyext
[ 97%] Built target cluster_node__rosidl_typesupport_fastrtps_c__pyext
[ 97%] Built target cluster_node__rosidl_typesupport_introspection_c__pyext
running egg_info
writing cluster_node.egg-info/PKG-INFO
writing dependency_links to cluster_node.egg-info/dependency_links.txt
writing top-level names to cluster_node.egg-info/top_level.txt
reading manifest file 'cluster_node.egg-info/SOURCES.txt'
writing manifest file 'cluster_node.egg-info/SOURCES.txt'
[ 97%] Built target ament_cmake_python_build_cluster_node_egg
[01m[K/home/dev/ws/src/dynamic-box/my_rosbag_reader/cluster_node/src/cluster_node.cpp:156:40:[m[K [01;31m[Kerror: [m[Kâ€˜[01m[KVector4d[m[Kâ€™ does not name a type
  156 |     std::tuple euclidean_cluster(const [01;31m[KVector4d[m[K seeds,
      |                                        [01;31m[K^~~~~~~~[m[K
[01m[K/home/dev/ws/src/dynamic-box/my_rosbag_reader/cluster_node/src/cluster_node.cpp:157:39:[m[K [01;31m[Kerror: [m[Kâ€˜[01m[KMatrixXd[m[Kâ€™ does not name a type
  157 |                                 const [01;31m[KMatrixXd[m[K& cloud_input,
      |                                       [01;31m[K^~~~~~~~[m[K
[01m[K/home/dev/ws/src/dynamic-box/my_rosbag_reader/cluster_node/src/cluster_node.cpp:160:39:[m[K [01;31m[Kerror: [m[Kâ€˜[01m[Kstring[m[Kâ€™ does not name a type; did you mean â€˜[01m[Kstdin[m[Kâ€™?
  160 |                                 const [01;31m[Kstring[m[K& mode = "cartesian",
      |                                       [01;31m[K^~~~~~[m[K
      |                                       [32m[Kstdin[m[K
[01m[K/home/dev/ws/src/dynamic-box/my_rosbag_reader/cluster_node/src/cluster_node.cpp:161:39:[m[K [01;31m[Kerror: [m[Kâ€˜[01m[Kvector[m[Kâ€™ does not name a type
  161 |                                 const [01;31m[Kvector[m[K<Vector4d>& cloud_prev = {},
      |                                       [01;31m[K^~~~~~[m[K
[01m[K/home/dev/ws/src/dynamic-box/my_rosbag_reader/cluster_node/src/cluster_node.cpp:161:45:[m[K [01;31m[Kerror: [m[Kexpected â€˜[01m[K,[m[Kâ€™ or â€˜[01m[K...[m[Kâ€™ before â€˜[01m[K<[m[Kâ€™ token
  161 |                                 const vector[01;31m[K<[m[KVector4d>& cloud_prev = {},
      |                                             [01;31m[K^[m[K
[01m[K/home/dev/ws/src/dynamic-box/my_rosbag_reader/cluster_node/src/cluster_node.cpp:156:16:[m[K [01;31m[Kerror: [m[Kdeduced class type â€˜[01m[Ktuple[m[Kâ€™ in function return type
  156 |     std::tuple [01;31m[Keuclidean_cluster[m[K(const Vector4d seeds,
      |                [01;31m[K^~~~~~~~~~~~~~~~~[m[K
In file included from [01m[K/usr/include/c++/11/bits/move.h:57[m[K,
                 from [01m[K/usr/include/c++/11/bits/stl_pair.h:59[m[K,
                 from [01m[K/usr/include/c++/11/bits/stl_algobase.h:64[m[K,
                 from [01m[K/usr/include/c++/11/memory:63[m[K,
                 from [01m[K/opt/ros/humble/include/rclcpp/rclcpp/rclcpp.hpp:153[m[K,
                 from [01m[K/home/dev/ws/src/dynamic-box/my_rosbag_reader/cluster_node/src/cluster_node.cpp:1[m[K:
[01m[K/usr/include/c++/11/type_traits:45:11:[m[K [01;36m[Knote: [m[Kâ€˜[01m[Ktemplate<class ... _Elements> class std::tuple[m[Kâ€™ declared here
   45 |     class [01;36m[Ktuple[m[K;
      |           [01;36m[K^~~~~[m[K
gmake[2]: *** [CMakeFiles/cluster_cpp.dir/build.make:76: CMakeFiles/cluster_cpp.dir/src/cluster_node.cpp.o] Error 1
gmake[1]: *** [CMakeFiles/Makefile2:594: CMakeFiles/cluster_cpp.dir/all] Error 2
gmake: *** [Makefile:146: all] Error 2
