[0.023s] Invoking command in '/home/dev/ws/src/dynamic-box/my_rosbag_reader/cluster_node/build/cluster_node': CMAKE_PREFIX_PATH=${CMAKE_PREFIX_PATH}:/home/dev/ws/src/dynamic-box/my_rosbag_reader/install/my_rosbag_reader:/opt/ros/humble /usr/bin/cmake --build /home/dev/ws/src/dynamic-box/my_rosbag_reader/cluster_node/build/cluster_node -- -j22 -l22
[0.118s] [35m[1mConsolidate compiler generated dependencies of target cluster_cpp[0m
[0.119s] [  2%] Built target cluster_node__cpp
[0.120s] [ 12%] Built target cluster_node__rosidl_generator_c
[0.131s] [ 12%] Built target ament_cmake_python_copy_cluster_node
[0.140s] [ 14%] [32mBuilding CXX object CMakeFiles/cluster_cpp.dir/src/cluster_node.cpp.o[0m
[0.141s] [ 24%] Built target cluster_node__rosidl_typesupport_c
[0.142s] [ 34%] Built target cluster_node__rosidl_typesupport_introspection_c
[0.142s] [ 51%] Built target cluster_node__rosidl_typesupport_fastrtps_c
[0.142s] [ 53%] Built target cluster_node__rosidl_typesupport_cpp
[0.143s] [ 63%] Built target cluster_node__rosidl_typesupport_fastrtps_cpp
[0.143s] [ 73%] Built target cluster_node__rosidl_typesupport_introspection_cpp
[0.156s] [ 73%] Built target cluster_node
[0.170s] [ 75%] Built target cluster_node__py
[0.186s] [ 82%] Built target cluster_node__rosidl_generator_py
[0.203s] [ 97%] Built target cluster_node__rosidl_typesupport_fastrtps_c__pyext
[0.204s] [ 97%] Built target cluster_node__rosidl_typesupport_c__pyext
[0.204s] [ 97%] Built target cluster_node__rosidl_typesupport_introspection_c__pyext
[0.265s] running egg_info
[0.272s] writing cluster_node.egg-info/PKG-INFO
[0.272s] writing dependency_links to cluster_node.egg-info/dependency_links.txt
[0.273s] writing top-level names to cluster_node.egg-info/top_level.txt
[0.292s] reading manifest file 'cluster_node.egg-info/SOURCES.txt'
[0.293s] writing manifest file 'cluster_node.egg-info/SOURCES.txt'
[0.312s] [ 97%] Built target ament_cmake_python_build_cluster_node_egg
[3.896s] [01m[K/home/dev/ws/src/dynamic-box/my_rosbag_reader/cluster_node/src/cluster_node.cpp:41:2:[m[K [01;31m[Kerror: [m[Kexpected â€˜[01m[K;[m[Kâ€™ after class definition
[3.896s]    41 | }
[3.896s]       |  [01;31m[K^[m[K
[3.896s]       |  [32m[K;[m[K
[6.070s] gmake[2]: *** [CMakeFiles/cluster_cpp.dir/build.make:76: CMakeFiles/cluster_cpp.dir/src/cluster_node.cpp.o] Error 1
[6.070s] gmake[1]: *** [CMakeFiles/Makefile2:592: CMakeFiles/cluster_cpp.dir/all] Error 2
[6.070s] gmake: *** [Makefile:146: all] Error 2
[6.071s] Invoked command in '/home/dev/ws/src/dynamic-box/my_rosbag_reader/cluster_node/build/cluster_node' returned '2': CMAKE_PREFIX_PATH=${CMAKE_PREFIX_PATH}:/home/dev/ws/src/dynamic-box/my_rosbag_reader/install/my_rosbag_reader:/opt/ros/humble /usr/bin/cmake --build /home/dev/ws/src/dynamic-box/my_rosbag_reader/cluster_node/build/cluster_node -- -j22 -l22
