[0.021s] Invoking command in '/home/dev/ws/src/dynamic-box/my_rosbag_reader/cluster_node/build/cluster_node': CMAKE_PREFIX_PATH=${CMAKE_PREFIX_PATH}:/home/dev/ws/src/dynamic-box/my_rosbag_reader/install/my_rosbag_reader:/opt/ros/humble /usr/bin/cmake --build /home/dev/ws/src/dynamic-box/my_rosbag_reader/cluster_node/build/cluster_node -- -j22 -l22
[0.120s] [  2%] Built target cluster_node__cpp
[0.120s] [ 12%] Built target cluster_node__rosidl_generator_c
[0.132s] [ 12%] Built target ament_cmake_python_copy_cluster_node
[0.141s] [ 21%] Built target cluster_node__rosidl_typesupport_cpp
[0.141s] [ 31%] Built target cluster_node__rosidl_typesupport_fastrtps_cpp
[0.141s] [ 48%] Built target cluster_node__rosidl_typesupport_fastrtps_c
[0.141s] [ 58%] Built target cluster_node__rosidl_typesupport_c
[0.141s] [ 60%] Built target cluster_node__rosidl_typesupport_introspection_c
[0.142s] [ 70%] Built target cluster_node__rosidl_typesupport_introspection_cpp
[0.154s] [ 70%] Built target cluster_node
[0.168s] [35m[1mConsolidate compiler generated dependencies of target cluster_cpp[0m
[0.168s] [ 73%] Built target cluster_node__py
[0.185s] [ 80%] Built target cluster_node__rosidl_generator_py
[0.186s] [ 82%] [32mBuilding CXX object CMakeFiles/cluster_cpp.dir/src/cluster_node.cpp.o[0m
[0.202s] [ 92%] Built target cluster_node__rosidl_typesupport_introspection_c__pyext
[0.202s] [ 92%] Built target cluster_node__rosidl_typesupport_c__pyext
[0.202s] [ 97%] Built target cluster_node__rosidl_typesupport_fastrtps_c__pyext
[0.264s] running egg_info
[0.270s] writing cluster_node.egg-info/PKG-INFO
[0.270s] writing dependency_links to cluster_node.egg-info/dependency_links.txt
[0.270s] writing top-level names to cluster_node.egg-info/top_level.txt
[0.290s] reading manifest file 'cluster_node.egg-info/SOURCES.txt'
[0.291s] writing manifest file 'cluster_node.egg-info/SOURCES.txt'
[0.309s] [ 97%] Built target ament_cmake_python_build_cluster_node_egg
[5.148s] [01m[K/home/dev/ws/src/dynamic-box/my_rosbag_reader/cluster_node/src/cluster_node.cpp:[m[K In member function â€˜[01m[Kstd::unique_ptr<KdTree<PointT>::Node> KdTree<PointT>::build_recursive(int*, int, int)[m[Kâ€™:
[5.148s] [01m[K/home/dev/ws/src/dynamic-box/my_rosbag_reader/cluster_node/src/cluster_node.cpp:69:21:[m[K [01;31m[Kerror: [m[Kâ€˜[01m[Kmake_unique[m[Kâ€™ was not declared in this scope; did you mean â€˜[01m[Kstd::make_unique[m[Kâ€™?
[5.148s]    69 |         auto node = [01;31m[Kmake_unique[m[K<Node>();
[5.148s]       |                     [01;31m[K^~~~~~~~~~~[m[K
[5.149s]       |                     [32m[Kstd::make_unique[m[K
[5.149s] In file included from [01m[K/usr/include/c++/11/memory:76[m[K,
[5.149s]                  from [01m[K/opt/ros/humble/include/rclcpp/rclcpp/rclcpp.hpp:153[m[K,
[5.149s]                  from [01m[K/home/dev/ws/src/dynamic-box/my_rosbag_reader/cluster_node/src/cluster_node.cpp:1[m[K:
[5.149s] [01m[K/usr/include/c++/11/bits/unique_ptr.h:973:5:[m[K [01;36m[Knote: [m[Kâ€˜[01m[Kstd::make_unique[m[Kâ€™ declared here
[5.149s]   973 |     [01;36m[Kmake_unique[m[K(_Args&&...) = delete;
[5.149s]       |     [01;36m[K^~~~~~~~~~~[m[K
[5.149s] [01m[K/home/dev/ws/src/dynamic-box/my_rosbag_reader/cluster_node/src/cluster_node.cpp:69:37:[m[K [01;31m[Kerror: [m[Kexpected primary-expression before â€˜[01m[K>[m[Kâ€™ token
[5.149s]    69 |         auto node = make_unique<Node[01;31m[K>[m[K();
[5.149s]       |                                     [01;31m[K^[m[K
[5.149s] [01m[K/home/dev/ws/src/dynamic-box/my_rosbag_reader/cluster_node/src/cluster_node.cpp:69:39:[m[K [01;31m[Kerror: [m[Kexpected primary-expression before â€˜[01m[K)[m[Kâ€™ token
[5.149s]    69 |         auto node = make_unique<Node>([01;31m[K)[m[K;
[5.149s]       |                                       [01;31m[K^[m[K
[8.078s] gmake[2]: *** [CMakeFiles/cluster_cpp.dir/build.make:76: CMakeFiles/cluster_cpp.dir/src/cluster_node.cpp.o] Error 1
[8.078s] gmake[1]: *** [CMakeFiles/Makefile2:594: CMakeFiles/cluster_cpp.dir/all] Error 2
[8.078s] gmake: *** [Makefile:146: all] Error 2
[8.079s] Invoked command in '/home/dev/ws/src/dynamic-box/my_rosbag_reader/cluster_node/build/cluster_node' returned '2': CMAKE_PREFIX_PATH=${CMAKE_PREFIX_PATH}:/home/dev/ws/src/dynamic-box/my_rosbag_reader/install/my_rosbag_reader:/opt/ros/humble /usr/bin/cmake --build /home/dev/ws/src/dynamic-box/my_rosbag_reader/cluster_node/build/cluster_node -- -j22 -l22
