[0.010s] Invoking command in '/home/dev/ws/src/dynamic-box/my_rosbag_reader/cluster_node/build/cluster_node': CMAKE_PREFIX_PATH=${CMAKE_PREFIX_PATH}:/home/dev/ws/src/dynamic-box/my_rosbag_reader/install/my_rosbag_reader:/opt/ros/humble /usr/bin/cmake --build /home/dev/ws/src/dynamic-box/my_rosbag_reader/cluster_node/build/cluster_node -- -j22 -l22
[0.046s] [  2%] Built target cluster_node__cpp
[0.046s] [ 12%] Built target cluster_node__rosidl_generator_c
[0.053s] [ 12%] Built target ament_cmake_python_copy_cluster_node
[0.063s] [ 21%] Built target cluster_node__rosidl_typesupport_introspection_c
[0.064s] [ 34%] Built target cluster_node__rosidl_typesupport_cpp
[0.064s] [ 41%] Built target cluster_node__rosidl_typesupport_c
[0.064s] [ 51%] Built target cluster_node__rosidl_typesupport_fastrtps_cpp
[0.065s] [ 60%] Built target cluster_node__rosidl_typesupport_introspection_cpp
[0.069s] [ 70%] Built target cluster_node__rosidl_typesupport_fastrtps_c
[0.081s] [ 70%] Built target cluster_node
[0.092s] [35m[1mConsolidate compiler generated dependencies of target cluster_cpp[0m
[0.094s] [ 73%] Built target cluster_node__py
[0.107s] [ 80%] Built target cluster_node__rosidl_generator_py
[0.110s] [ 82%] [32mBuilding CXX object CMakeFiles/cluster_cpp.dir/src/cluster_node.cpp.o[0m
[0.123s] [ 92%] Built target cluster_node__rosidl_typesupport_introspection_c__pyext
[0.123s] [ 92%] Built target cluster_node__rosidl_typesupport_fastrtps_c__pyext
[0.123s] [ 97%] Built target cluster_node__rosidl_typesupport_c__pyext
[0.175s] running egg_info
[0.181s] writing cluster_node.egg-info/PKG-INFO
[0.182s] writing dependency_links to cluster_node.egg-info/dependency_links.txt
[0.182s] writing top-level names to cluster_node.egg-info/top_level.txt
[0.201s] reading manifest file 'cluster_node.egg-info/SOURCES.txt'
[0.201s] writing manifest file 'cluster_node.egg-info/SOURCES.txt'
[0.221s] [ 97%] Built target ament_cmake_python_build_cluster_node_egg
[4.658s] [01m[K/home/dev/ws/src/dynamic-box/my_rosbag_reader/cluster_node/src/cluster_node.cpp:[m[K In member function â€˜[01m[Kvoid ClusterNode::listenerCallback(sensor_msgs::msg::PointCloud2_<std::allocator<void> >::SharedPtr)[m[Kâ€™:
[4.658s] [01m[K/home/dev/ws/src/dynamic-box/my_rosbag_reader/cluster_node/src/cluster_node.cpp:42:40:[m[K [01;31m[Kerror: [m[Kâ€˜[01m[KVector3dVector[m[Kâ€™ is not a member of â€˜[01m[Kopen3d::utility[m[Kâ€™
[4.658s]    42 |         pcd.points_ = open3d::utility::[01;31m[KVector3dVector[m[K(cloud);
[4.658s]       |                                        [01;31m[K^~~~~~~~~~~~~~[m[K
[7.578s] gmake[2]: *** [CMakeFiles/cluster_cpp.dir/build.make:76: CMakeFiles/cluster_cpp.dir/src/cluster_node.cpp.o] Error 1
[7.578s] gmake[1]: *** [CMakeFiles/Makefile2:594: CMakeFiles/cluster_cpp.dir/all] Error 2
[7.578s] gmake: *** [Makefile:146: all] Error 2
[7.581s] Invoked command in '/home/dev/ws/src/dynamic-box/my_rosbag_reader/cluster_node/build/cluster_node' returned '2': CMAKE_PREFIX_PATH=${CMAKE_PREFIX_PATH}:/home/dev/ws/src/dynamic-box/my_rosbag_reader/install/my_rosbag_reader:/opt/ros/humble /usr/bin/cmake --build /home/dev/ws/src/dynamic-box/my_rosbag_reader/cluster_node/build/cluster_node -- -j22 -l22
