[0.010s] Invoking command in '/home/dev/ws/src/dynamic-box/my_rosbag_reader/cluster_node/build/cluster_node': CMAKE_PREFIX_PATH=${CMAKE_PREFIX_PATH}:/home/dev/ws/src/dynamic-box/my_rosbag_reader/install/my_rosbag_reader:/opt/ros/humble /usr/bin/cmake --build /home/dev/ws/src/dynamic-box/my_rosbag_reader/cluster_node/build/cluster_node -- -j22 -l22
[0.043s] [  4%] Built target cluster_node__cpp
[0.043s] [ 12%] Built target cluster_node__rosidl_generator_c
[0.050s] [ 12%] Built target ament_cmake_python_copy_cluster_node
[0.060s] [ 21%] Built target cluster_node__rosidl_typesupport_cpp
[0.061s] [ 41%] Built target cluster_node__rosidl_typesupport_introspection_c
[0.061s] [ 41%] Built target cluster_node__rosidl_typesupport_c
[0.061s] [ 51%] Built target cluster_node__rosidl_typesupport_introspection_cpp
[0.061s] [ 60%] Built target cluster_node__rosidl_typesupport_fastrtps_cpp
[0.068s] [ 70%] Built target cluster_node__rosidl_typesupport_fastrtps_c
[0.080s] [ 70%] Built target cluster_node
[0.090s] [35m[1mConsolidate compiler generated dependencies of target cluster_cpp[0m
[0.092s] [ 73%] Built target cluster_node__py
[0.106s] [ 80%] Built target cluster_node__rosidl_generator_py
[0.108s] [ 82%] [32mBuilding CXX object CMakeFiles/cluster_cpp.dir/src/cluster_node.cpp.o[0m
[0.124s] [ 87%] Built target cluster_node__rosidl_typesupport_fastrtps_c__pyext
[0.124s] [ 92%] Built target cluster_node__rosidl_typesupport_introspection_c__pyext
[0.124s] [ 97%] Built target cluster_node__rosidl_typesupport_c__pyext
[0.175s] running egg_info
[0.181s] writing cluster_node.egg-info/PKG-INFO
[0.181s] writing dependency_links to cluster_node.egg-info/dependency_links.txt
[0.181s] writing top-level names to cluster_node.egg-info/top_level.txt
[0.201s] reading manifest file 'cluster_node.egg-info/SOURCES.txt'
[0.201s] writing manifest file 'cluster_node.egg-info/SOURCES.txt'
[0.224s] [ 97%] Built target ament_cmake_python_build_cluster_node_egg
[4.608s] [01m[K/home/dev/ws/src/dynamic-box/my_rosbag_reader/cluster_node/src/cluster_node.cpp:[m[K In member function â€˜[01m[Kvoid ClusterNode::listenerCallback(sensor_msgs::msg::PointCloud2_<std::allocator<void> >::SharedPtr)[m[Kâ€™:
[4.608s] [01m[K/home/dev/ws/src/dynamic-box/my_rosbag_reader/cluster_node/src/cluster_node.cpp:54:25:[m[K [01;31m[Kerror: [m[Kconflicting declaration â€˜[01m[KEigen::MatrixXd cloud[m[Kâ€™
[4.609s]    54 |         Eigen::MatrixXd [01;31m[Kcloud[m[K(n, 4);
[4.609s]       |                         [01;31m[K^~~~~[m[K
[4.609s] [01m[K/home/dev/ws/src/dynamic-box/my_rosbag_reader/cluster_node/src/cluster_node.cpp:33:38:[m[K [01;36m[Knote: [m[Kprevious declaration as â€˜[01m[Kstd::vector<Eigen::Matrix<double, 3, 1> > cloud[m[Kâ€™
[4.609s]    33 |         std::vector<Eigen::Vector3d> [01;36m[Kcloud[m[K;
[4.609s]       |                                      [01;36m[K^~~~~[m[K
[7.530s] gmake[2]: *** [CMakeFiles/cluster_cpp.dir/build.make:76: CMakeFiles/cluster_cpp.dir/src/cluster_node.cpp.o] Error 1
[7.530s] gmake[1]: *** [CMakeFiles/Makefile2:594: CMakeFiles/cluster_cpp.dir/all] Error 2
[7.530s] gmake: *** [Makefile:146: all] Error 2
[7.532s] Invoked command in '/home/dev/ws/src/dynamic-box/my_rosbag_reader/cluster_node/build/cluster_node' returned '2': CMAKE_PREFIX_PATH=${CMAKE_PREFIX_PATH}:/home/dev/ws/src/dynamic-box/my_rosbag_reader/install/my_rosbag_reader:/opt/ros/humble /usr/bin/cmake --build /home/dev/ws/src/dynamic-box/my_rosbag_reader/cluster_node/build/cluster_node -- -j22 -l22
