[01m[K/home/dev/ws/src/dynamic-box/my_rosbag_reader/cluster_node/src/cluster_node.cpp:[m[K In member function â€˜[01m[Kvoid ClusterNode::listenerCallback(sensor_msgs::msg::PointCloud2_<std::allocator<void> >::SharedPtr)[m[Kâ€™:
[01m[K/home/dev/ws/src/dynamic-box/my_rosbag_reader/cluster_node/src/cluster_node.cpp:42:13:[m[K [01;31m[Kerror: [m[Kâ€˜[01m[Kclass open3d::geometry::PointCloud[m[Kâ€™ has no member named â€˜[01m[Kpoints[m[Kâ€™; did you mean â€˜[01m[Kpoints_[m[Kâ€™?
   42 |         pcd.[01;31m[Kpoints[m[K = o3d::utility::Vector3dVector(cloud);
      |             [01;31m[K^~~~~~[m[K
      |             [32m[Kpoints_[m[K
[01m[K/home/dev/ws/src/dynamic-box/my_rosbag_reader/cluster_node/src/cluster_node.cpp:42:22:[m[K [01;31m[Kerror: [m[Kâ€˜[01m[Ko3d[m[Kâ€™ has not been declared
   42 |         pcd.points = [01;31m[Ko3d[m[K::utility::Vector3dVector(cloud);
      |                      [01;31m[K^~~[m[K
gmake[2]: *** [CMakeFiles/cluster_cpp.dir/build.make:76: CMakeFiles/cluster_cpp.dir/src/cluster_node.cpp.o] Error 1
gmake[1]: *** [CMakeFiles/Makefile2:594: CMakeFiles/cluster_cpp.dir/all] Error 2
gmake: *** [Makefile:146: all] Error 2
