[0.021s] Invoking command in '/home/dev/ws/src/dynamic-box/my_rosbag_reader/cluster_node/build/cluster_node': CMAKE_PREFIX_PATH=${CMAKE_PREFIX_PATH}:/home/dev/ws/src/dynamic-box/my_rosbag_reader/install/my_rosbag_reader:/opt/ros/humble /usr/bin/cmake --build /home/dev/ws/src/dynamic-box/my_rosbag_reader/cluster_node/build/cluster_node -- -j22 -l22
[0.113s] [  2%] Built target cluster_node__cpp
[0.114s] [ 12%] Built target cluster_node__rosidl_generator_c
[0.125s] [ 12%] Built target ament_cmake_python_copy_cluster_node
[0.134s] [ 21%] Built target cluster_node__rosidl_typesupport_introspection_c
[0.134s] [ 31%] Built target cluster_node__rosidl_typesupport_c
[0.135s] [ 41%] Built target cluster_node__rosidl_typesupport_cpp
[0.135s] [ 51%] Built target cluster_node__rosidl_typesupport_fastrtps_c
[0.135s] [ 65%] Built target cluster_node__rosidl_typesupport_introspection_cpp
[0.135s] [ 70%] Built target cluster_node__rosidl_typesupport_fastrtps_cpp
[0.149s] [ 70%] Built target cluster_node
[0.164s] [35m[1mConsolidate compiler generated dependencies of target cluster_cpp[0m
[0.164s] [ 73%] Built target cluster_node__py
[0.181s] [ 80%] Built target cluster_node__rosidl_generator_py
[0.184s] [ 82%] [32mBuilding CXX object CMakeFiles/cluster_cpp.dir/src/cluster_node.cpp.o[0m
[0.198s] [ 92%] Built target cluster_node__rosidl_typesupport_c__pyext
[0.198s] [ 92%] Built target cluster_node__rosidl_typesupport_fastrtps_c__pyext
[0.198s] [ 97%] Built target cluster_node__rosidl_typesupport_introspection_c__pyext
[0.253s] running egg_info
[0.260s] writing cluster_node.egg-info/PKG-INFO
[0.261s] writing dependency_links to cluster_node.egg-info/dependency_links.txt
[0.261s] writing top-level names to cluster_node.egg-info/top_level.txt
[0.281s] reading manifest file 'cluster_node.egg-info/SOURCES.txt'
[0.282s] writing manifest file 'cluster_node.egg-info/SOURCES.txt'
[0.301s] [ 97%] Built target ament_cmake_python_build_cluster_node_egg
[5.203s] [01m[K/home/dev/ws/src/dynamic-box/my_rosbag_reader/cluster_node/src/cluster_node.cpp:[m[K In member function â€˜[01m[Kvoid ClusterNode::listenerCallback(sensor_msgs::msg::PointCloud2_<std::allocator<void> >::SharedPtr)[m[Kâ€™:
[5.203s] [01m[K/home/dev/ws/src/dynamic-box/my_rosbag_reader/cluster_node/src/cluster_node.cpp:42:13:[m[K [01;31m[Kerror: [m[Kâ€˜[01m[Kclass open3d::geometry::PointCloud[m[Kâ€™ has no member named â€˜[01m[Kpoints[m[Kâ€™; did you mean â€˜[01m[Kpoints_[m[Kâ€™?
[5.203s]    42 |         pcd.[01;31m[Kpoints[m[K = o3d::utility::Vector3dVector(cloud);
[5.203s]       |             [01;31m[K^~~~~~[m[K
[5.203s]       |             [32m[Kpoints_[m[K
[5.203s] [01m[K/home/dev/ws/src/dynamic-box/my_rosbag_reader/cluster_node/src/cluster_node.cpp:42:22:[m[K [01;31m[Kerror: [m[Kâ€˜[01m[Ko3d[m[Kâ€™ has not been declared
[5.203s]    42 |         pcd.points = [01;31m[Ko3d[m[K::utility::Vector3dVector(cloud);
[5.203s]       |                      [01;31m[K^~~[m[K
[8.113s] gmake[2]: *** [CMakeFiles/cluster_cpp.dir/build.make:76: CMakeFiles/cluster_cpp.dir/src/cluster_node.cpp.o] Error 1
[8.113s] gmake[1]: *** [CMakeFiles/Makefile2:594: CMakeFiles/cluster_cpp.dir/all] Error 2
[8.113s] gmake: *** [Makefile:146: all] Error 2
[8.115s] Invoked command in '/home/dev/ws/src/dynamic-box/my_rosbag_reader/cluster_node/build/cluster_node' returned '2': CMAKE_PREFIX_PATH=${CMAKE_PREFIX_PATH}:/home/dev/ws/src/dynamic-box/my_rosbag_reader/install/my_rosbag_reader:/opt/ros/humble /usr/bin/cmake --build /home/dev/ws/src/dynamic-box/my_rosbag_reader/cluster_node/build/cluster_node -- -j22 -l22
