[0.020s] Invoking command in '/home/dev/ws/src/dynamic-box/my_rosbag_reader/cluster_node/build/cluster_node': CMAKE_PREFIX_PATH=${CMAKE_PREFIX_PATH}:/home/dev/ws/src/dynamic-box/my_rosbag_reader/install/my_rosbag_reader:/opt/ros/humble /usr/bin/cmake --build /home/dev/ws/src/dynamic-box/my_rosbag_reader/cluster_node/build/cluster_node -- -j22 -l22
[0.109s] [  2%] Built target cluster_node__cpp
[0.110s] [ 12%] Built target cluster_node__rosidl_generator_c
[0.122s] [ 12%] Built target ament_cmake_python_copy_cluster_node
[0.130s] [ 21%] Built target cluster_node__rosidl_typesupport_introspection_c
[0.130s] [ 31%] Built target cluster_node__rosidl_typesupport_c
[0.131s] [ 43%] Built target cluster_node__rosidl_typesupport_cpp
[0.131s] [ 51%] Built target cluster_node__rosidl_typesupport_fastrtps_cpp
[0.131s] [ 60%] Built target cluster_node__rosidl_typesupport_fastrtps_c
[0.131s] [ 70%] Built target cluster_node__rosidl_typesupport_introspection_cpp
[0.144s] [ 70%] Built target cluster_node
[0.157s] [35m[1mConsolidate compiler generated dependencies of target cluster_cpp[0m
[0.158s] [ 73%] Built target cluster_node__py
[0.173s] [ 80%] Built target cluster_node__rosidl_generator_py
[0.175s] [ 82%] [32mBuilding CXX object CMakeFiles/cluster_cpp.dir/src/cluster_node.cpp.o[0m
[0.189s] [ 92%] Built target cluster_node__rosidl_typesupport_fastrtps_c__pyext
[0.189s] [ 92%] Built target cluster_node__rosidl_typesupport_c__pyext
[0.189s] [ 97%] Built target cluster_node__rosidl_typesupport_introspection_c__pyext
[0.242s] running egg_info
[0.248s] writing cluster_node.egg-info/PKG-INFO
[0.249s] writing dependency_links to cluster_node.egg-info/dependency_links.txt
[0.249s] writing top-level names to cluster_node.egg-info/top_level.txt
[0.268s] reading manifest file 'cluster_node.egg-info/SOURCES.txt'
[0.269s] writing manifest file 'cluster_node.egg-info/SOURCES.txt'
[0.289s] [ 97%] Built target ament_cmake_python_build_cluster_node_egg
[4.883s] [01m[K/home/dev/ws/src/dynamic-box/my_rosbag_reader/cluster_node/src/cluster_node.cpp:159:16:[m[K [01;31m[Kerror: [m[Kdeduced class type â€˜[01m[Ktuple[m[Kâ€™ in function return type
[4.883s]   159 |     std::tuple [01;31m[Keuclidean_cluster[m[K(const Vector4d seeds,
[4.883s]       |                [01;31m[K^~~~~~~~~~~~~~~~~[m[K
[4.883s] In file included from [01m[K/usr/include/c++/11/bits/move.h:57[m[K,
[4.883s]                  from [01m[K/usr/include/c++/11/bits/stl_pair.h:59[m[K,
[4.883s]                  from [01m[K/usr/include/c++/11/bits/stl_algobase.h:64[m[K,
[4.883s]                  from [01m[K/usr/include/c++/11/memory:63[m[K,
[4.883s]                  from [01m[K/opt/ros/humble/include/rclcpp/rclcpp/rclcpp.hpp:153[m[K,
[4.883s]                  from [01m[K/home/dev/ws/src/dynamic-box/my_rosbag_reader/cluster_node/src/cluster_node.cpp:1[m[K:
[4.883s] [01m[K/usr/include/c++/11/type_traits:45:11:[m[K [01;36m[Knote: [m[Kâ€˜[01m[Ktemplate<class ... _Elements> class std::tuple[m[Kâ€™ declared here
[4.883s]    45 |     class [01;36m[Ktuple[m[K;
[4.883s]       |           [01;36m[K^~~~~[m[K
[7.866s] gmake[2]: *** [CMakeFiles/cluster_cpp.dir/build.make:76: CMakeFiles/cluster_cpp.dir/src/cluster_node.cpp.o] Error 1
[7.866s] gmake[1]: *** [CMakeFiles/Makefile2:594: CMakeFiles/cluster_cpp.dir/all] Error 2
[7.866s] gmake: *** [Makefile:146: all] Error 2
[7.868s] Invoked command in '/home/dev/ws/src/dynamic-box/my_rosbag_reader/cluster_node/build/cluster_node' returned '2': CMAKE_PREFIX_PATH=${CMAKE_PREFIX_PATH}:/home/dev/ws/src/dynamic-box/my_rosbag_reader/install/my_rosbag_reader:/opt/ros/humble /usr/bin/cmake --build /home/dev/ws/src/dynamic-box/my_rosbag_reader/cluster_node/build/cluster_node -- -j22 -l22
