[  4%] Built target cluster_node__cpp
[ 12%] Built target cluster_node__rosidl_generator_c
[ 12%] Built target ament_cmake_python_copy_cluster_node
[ 29%] Built target cluster_node__rosidl_typesupport_c
[ 34%] Built target cluster_node__rosidl_typesupport_introspection_c
[ 41%] Built target cluster_node__rosidl_typesupport_cpp
[ 51%] Built target cluster_node__rosidl_typesupport_fastrtps_c
[ 60%] Built target cluster_node__rosidl_typesupport_fastrtps_cpp
[ 70%] Built target cluster_node__rosidl_typesupport_introspection_cpp
[ 70%] Built target cluster_node
[ 73%] Built target cluster_node__py
[35m[1mConsolidate compiler generated dependencies of target cluster_cpp[0m
[ 80%] Built target cluster_node__rosidl_generator_py
[ 82%] [32mBuilding CXX object CMakeFiles/cluster_cpp.dir/src/cluster_node.cpp.o[0m
[ 92%] Built target cluster_node__rosidl_typesupport_c__pyext
[ 92%] Built target cluster_node__rosidl_typesupport_introspection_c__pyext
[ 97%] Built target cluster_node__rosidl_typesupport_fastrtps_c__pyext
running egg_info
writing cluster_node.egg-info/PKG-INFO
writing dependency_links to cluster_node.egg-info/dependency_links.txt
writing top-level names to cluster_node.egg-info/top_level.txt
reading manifest file 'cluster_node.egg-info/SOURCES.txt'
writing manifest file 'cluster_node.egg-info/SOURCES.txt'
[ 97%] Built target ament_cmake_python_build_cluster_node_egg
[01m[K/home/dev/ws/src/dynamic-box/my_rosbag_reader/cluster_node/src/cluster_node.cpp:159:45:[m[K [01;31m[Kerror: [m[Kâ€˜[01m[KVector4d[m[Kâ€™ in namespace â€˜[01m[Kstd[m[Kâ€™ does not name a type; did you mean â€˜[01m[Kvector[m[Kâ€™?
  159 |     std::tuple euclidean_cluster(const std::[01;31m[KVector4d[m[K seeds,
      |                                             [01;31m[K^~~~~~~~[m[K
      |                                             [32m[Kvector[m[K
[01m[K/home/dev/ws/src/dynamic-box/my_rosbag_reader/cluster_node/src/cluster_node.cpp:164:56:[m[K [01;31m[Kerror: [m[Kâ€˜[01m[KVector4d[m[Kâ€™ is not a member of â€˜[01m[Kstd[m[Kâ€™; did you mean â€˜[01m[Kvector[m[Kâ€™?
  164 |                                 const std::vector<std::[01;31m[KVector4d[m[K>& cloud_prev = {},
      |                                                        [01;31m[K^~~~~~~~[m[K
      |                                                        [32m[Kvector[m[K
[01m[K/home/dev/ws/src/dynamic-box/my_rosbag_reader/cluster_node/src/cluster_node.cpp:164:64:[m[K [01;31m[Kerror: [m[Ktemplate argument 1 is invalid
  164 |                                 const std::vector<std::Vector4d[01;31m[K>[m[K& cloud_prev = {},
      |                                                                [01;31m[K^[m[K
[01m[K/home/dev/ws/src/dynamic-box/my_rosbag_reader/cluster_node/src/cluster_node.cpp:164:64:[m[K [01;31m[Kerror: [m[Ktemplate argument 2 is invalid
[01m[K/home/dev/ws/src/dynamic-box/my_rosbag_reader/cluster_node/src/cluster_node.cpp:159:16:[m[K [01;31m[Kerror: [m[Kdeduced class type â€˜[01m[Ktuple[m[Kâ€™ in function return type
  159 |     std::tuple [01;31m[Keuclidean_cluster[m[K(const std::Vector4d seeds,
      |                [01;31m[K^~~~~~~~~~~~~~~~~[m[K
In file included from [01m[K/usr/include/c++/11/bits/move.h:57[m[K,
                 from [01m[K/usr/include/c++/11/bits/stl_pair.h:59[m[K,
                 from [01m[K/usr/include/c++/11/bits/stl_algobase.h:64[m[K,
                 from [01m[K/usr/include/c++/11/memory:63[m[K,
                 from [01m[K/opt/ros/humble/include/rclcpp/rclcpp/rclcpp.hpp:153[m[K,
                 from [01m[K/home/dev/ws/src/dynamic-box/my_rosbag_reader/cluster_node/src/cluster_node.cpp:1[m[K:
[01m[K/usr/include/c++/11/type_traits:45:11:[m[K [01;36m[Knote: [m[Kâ€˜[01m[Ktemplate<class ... _Elements> class std::tuple[m[Kâ€™ declared here
   45 |     class [01;36m[Ktuple[m[K;
      |           [01;36m[K^~~~~[m[K
gmake[2]: *** [CMakeFiles/cluster_cpp.dir/build.make:76: CMakeFiles/cluster_cpp.dir/src/cluster_node.cpp.o] Error 1
gmake[1]: *** [CMakeFiles/Makefile2:594: CMakeFiles/cluster_cpp.dir/all] Error 2
gmake: *** [Makefile:146: all] Error 2
