[0.027s] Invoking command in '/home/dev/ws/src/dynamic-box/my_rosbag_reader/cluster_node/build/cluster_node': CMAKE_PREFIX_PATH=${CMAKE_PREFIX_PATH}:/home/dev/ws/src/dynamic-box/my_rosbag_reader/install/my_rosbag_reader:/opt/ros/humble /usr/bin/cmake --build /home/dev/ws/src/dynamic-box/my_rosbag_reader/cluster_node/build/cluster_node -- -j22 -l22
[0.151s] [  2%] Built target cluster_node__cpp
[0.157s] [ 12%] Built target cluster_node__rosidl_generator_c
[0.173s] [ 12%] Built target ament_cmake_python_copy_cluster_node
[0.173s] [ 21%] Built target cluster_node__rosidl_typesupport_cpp
[0.178s] [ 31%] Built target cluster_node__rosidl_typesupport_introspection_cpp
[0.179s] [ 41%] Built target cluster_node__rosidl_typesupport_introspection_c
[0.183s] [ 51%] Built target cluster_node__rosidl_typesupport_fastrtps_cpp
[0.184s] [ 60%] Built target cluster_node__rosidl_typesupport_fastrtps_c
[0.185s] [ 70%] Built target cluster_node__rosidl_typesupport_c
[0.202s] [ 70%] Built target cluster_node
[0.224s] [ 73%] Built target cluster_node__py
[0.230s] [35m[1mConsolidate compiler generated dependencies of target cluster_cpp[0m
[0.251s] [ 80%] Built target cluster_node__rosidl_generator_py
[0.256s] [ 82%] [32mBuilding CXX object CMakeFiles/cluster_cpp.dir/src/cluster_node.cpp.o[0m
[0.274s] [ 87%] Built target cluster_node__rosidl_typesupport_introspection_c__pyext
[0.276s] [ 92%] Built target cluster_node__rosidl_typesupport_c__pyext
[0.281s] [ 97%] Built target cluster_node__rosidl_typesupport_fastrtps_c__pyext
[0.318s] running egg_info
[0.326s] writing cluster_node.egg-info/PKG-INFO
[0.327s] writing dependency_links to cluster_node.egg-info/dependency_links.txt
[0.328s] writing top-level names to cluster_node.egg-info/top_level.txt
[0.350s] reading manifest file 'cluster_node.egg-info/SOURCES.txt'
[0.351s] writing manifest file 'cluster_node.egg-info/SOURCES.txt'
[0.371s] [ 97%] Built target ament_cmake_python_build_cluster_node_egg
[5.660s] [01m[K/home/dev/ws/src/dynamic-box/my_rosbag_reader/cluster_node/src/cluster_node.cpp:[m[K In constructor â€˜[01m[KClusterNode::ClusterNode()[m[Kâ€™:
[5.660s] [01m[K/home/dev/ws/src/dynamic-box/my_rosbag_reader/cluster_node/src/cluster_node.cpp:113:9:[m[K [01;35m[Kwarning: [m[Kstatement has no effect [[01;35m[K]8;;https://gcc.gnu.org/onlinedocs/gcc/Warning-Options.html#index-Wunused-value-Wunused-value]8;;[m[K]
[5.660s]   113 |         [01;35m[Ktaken_[m[K;
[5.660s]       |         [01;35m[K^~~~~~[m[K
[6.132s] [01m[K/home/dev/ws/src/dynamic-box/my_rosbag_reader/cluster_node/src/cluster_node.cpp:[m[K In member function â€˜[01m[Kvoid ClusterNode::listenerCallback(sensor_msgs::msg::PointCloud2_<std::allocator<void> >::SharedPtr)[m[Kâ€™:
[6.132s] [01m[K/home/dev/ws/src/dynamic-box/my_rosbag_reader/cluster_node/src/cluster_node.cpp:159:31:[m[K [01;31m[Kerror: [m[Kâ€˜[01m[Ktaken[m[Kâ€™ was not declared in this scope; did you mean â€˜[01m[Ktaken_[m[Kâ€™?
[6.132s]   159 |             for (auto &flag : [01;31m[Ktaken[m[K) {
[6.132s]       |                               [01;31m[K^~~~~[m[K
[6.132s]       |                               [32m[Ktaken_[m[K
[6.313s] [01m[K/home/dev/ws/src/dynamic-box/my_rosbag_reader/cluster_node/src/cluster_node.cpp:[m[K In member function â€˜[01m[Kstd::tuple<std::vector<std::vector<Eigen::Matrix<double, 4, 1, 0, 4, 1>, std::allocator<Eigen::Matrix<double, 4, 1, 0, 4, 1> > >, std::allocator<std::vector<Eigen::Matrix<double, 4, 1, 0, 4, 1>, std::allocator<Eigen::Matrix<double, 4, 1, 0, 4, 1> > > > >, std::vector<Eigen::Matrix<double, 4, 1, 0, 4, 1>, std::allocator<Eigen::Matrix<double, 4, 1, 0, 4, 1> > > > ClusterNode::euclidean_cluster(Eigen::Vector4d, const MatrixXd&, double, int, const string&, const std::vector<Eigen::Matrix<double, 4, 1> >&, bool, double)[m[Kâ€™:
[6.313s] [01m[K/home/dev/ws/src/dynamic-box/my_rosbag_reader/cluster_node/src/cluster_node.cpp:242:29:[m[K [01;35m[Kwarning: [m[Kunused parameter â€˜[01m[KMIN_CLUSTER_SIZE[m[Kâ€™ [[01;35m[K]8;;https://gcc.gnu.org/onlinedocs/gcc/Warning-Options.html#index-Wunused-parameter-Wunused-parameter]8;;[m[K]
[6.313s]   242 |                         [01;35m[Kint MIN_CLUSTER_SIZE = 1[m[K,
[6.314s]       |                         [01;35m[K~~~~^~~~~~~~~~~~~~~~~~~~[m[K
[9.388s] gmake[2]: *** [CMakeFiles/cluster_cpp.dir/build.make:76: CMakeFiles/cluster_cpp.dir/src/cluster_node.cpp.o] Error 1
[9.389s] gmake[1]: *** [CMakeFiles/Makefile2:594: CMakeFiles/cluster_cpp.dir/all] Error 2
[9.389s] gmake: *** [Makefile:146: all] Error 2
[9.391s] Invoked command in '/home/dev/ws/src/dynamic-box/my_rosbag_reader/cluster_node/build/cluster_node' returned '2': CMAKE_PREFIX_PATH=${CMAKE_PREFIX_PATH}:/home/dev/ws/src/dynamic-box/my_rosbag_reader/install/my_rosbag_reader:/opt/ros/humble /usr/bin/cmake --build /home/dev/ws/src/dynamic-box/my_rosbag_reader/cluster_node/build/cluster_node -- -j22 -l22
