[0.020s] Invoking command in '/home/dev/ws/src/dynamic-box/my_rosbag_reader/cluster_node/build/cluster_node': CMAKE_PREFIX_PATH=${CMAKE_PREFIX_PATH}:/home/dev/ws/src/dynamic-box/my_rosbag_reader/install/my_rosbag_reader:/opt/ros/humble /usr/bin/cmake --build /home/dev/ws/src/dynamic-box/my_rosbag_reader/cluster_node/build/cluster_node -- -j22 -l22
[0.119s] [35m[1mConsolidate compiler generated dependencies of target cluster_node__rosidl_generator_c[0m
[0.124s] [  2%] Built target cluster_node__cpp
[0.125s] [  4%] [32mBuilding CXX object CMakeFiles/cluster_cpp.dir/src/cluster_node.cpp.o[0m
[0.127s] [ 14%] Built target cluster_node__rosidl_generator_c
[0.135s] [35m[1mConsolidate compiler generated dependencies of target cluster_node__rosidl_typesupport_cpp[0m
[0.136s] [35m[1mConsolidate compiler generated dependencies of target cluster_node__rosidl_typesupport_introspection_cpp[0m
[0.136s] [35m[1mConsolidate compiler generated dependencies of target cluster_node__rosidl_typesupport_fastrtps_cpp[0m
[0.136s] [ 14%] Built target ament_cmake_python_copy_cluster_node
[0.137s] [35m[1mConsolidate compiler generated dependencies of target cluster_node__rosidl_typesupport_c[0m
[0.138s] [35m[1mConsolidate compiler generated dependencies of target cluster_node__rosidl_typesupport_fastrtps_c[0m
[0.138s] [35m[1mConsolidate compiler generated dependencies of target cluster_node__rosidl_typesupport_introspection_c[0m
[0.148s] [ 34%] Built target cluster_node__rosidl_typesupport_c
[0.148s] [ 34%] Built target cluster_node__rosidl_typesupport_cpp
[0.148s] [ 43%] Built target cluster_node__rosidl_typesupport_introspection_cpp
[0.148s] [ 53%] Built target cluster_node__rosidl_typesupport_introspection_c
[0.149s] [ 63%] Built target cluster_node__rosidl_typesupport_fastrtps_c
[0.149s] [ 73%] Built target cluster_node__rosidl_typesupport_fastrtps_cpp
[0.165s] [ 73%] Built target cluster_node
[0.181s] [ 75%] Built target cluster_node__py
[0.189s] [35m[1mConsolidate compiler generated dependencies of target cluster_node__rosidl_generator_py[0m
[0.198s] [ 82%] Built target cluster_node__rosidl_generator_py
[0.207s] [35m[1mConsolidate compiler generated dependencies of target cluster_node__rosidl_typesupport_introspection_c__pyext[0m
[0.208s] [35m[1mConsolidate compiler generated dependencies of target cluster_node__rosidl_typesupport_fastrtps_c__pyext[0m
[0.208s] [35m[1mConsolidate compiler generated dependencies of target cluster_node__rosidl_typesupport_c__pyext[0m
[0.218s] [ 95%] Built target cluster_node__rosidl_typesupport_c__pyext
[0.218s] [ 97%] Built target cluster_node__rosidl_typesupport_fastrtps_c__pyext
[0.218s] [ 97%] Built target cluster_node__rosidl_typesupport_introspection_c__pyext
[0.268s] running egg_info
[0.275s] writing cluster_node.egg-info/PKG-INFO
[0.275s] writing dependency_links to cluster_node.egg-info/dependency_links.txt
[0.275s] writing top-level names to cluster_node.egg-info/top_level.txt
[0.297s] reading manifest file 'cluster_node.egg-info/SOURCES.txt'
[0.298s] writing manifest file 'cluster_node.egg-info/SOURCES.txt'
[0.322s] [ 97%] Built target ament_cmake_python_build_cluster_node_egg
[1.456s] [01m[K/home/dev/ws/src/dynamic-box/my_rosbag_reader/cluster_node/src/cluster_node.cpp:9:10:[m[K [01;31m[Kfatal error: [m[Kcluster_node/msg/obstacle_array.hpp: No such file or directory
[1.456s]     9 | #include [01;31m[K<cluster_node/msg/obstacle_array.hpp>[m[K
[1.456s]       |          [01;31m[K^~~~~~~~~~~~~~~~~~~~~~~~~~~~~~~~~~~~~[m[K
[1.456s] compilation terminated.
[1.461s] gmake[2]: *** [CMakeFiles/cluster_cpp.dir/build.make:76: CMakeFiles/cluster_cpp.dir/src/cluster_node.cpp.o] Error 1
[1.461s] gmake[1]: *** [CMakeFiles/Makefile2:592: CMakeFiles/cluster_cpp.dir/all] Error 2
[1.462s] gmake: *** [Makefile:146: all] Error 2
[1.464s] Invoked command in '/home/dev/ws/src/dynamic-box/my_rosbag_reader/cluster_node/build/cluster_node' returned '2': CMAKE_PREFIX_PATH=${CMAKE_PREFIX_PATH}:/home/dev/ws/src/dynamic-box/my_rosbag_reader/install/my_rosbag_reader:/opt/ros/humble /usr/bin/cmake --build /home/dev/ws/src/dynamic-box/my_rosbag_reader/cluster_node/build/cluster_node -- -j22 -l22
