[0.011s] Invoking command in '/home/dev/ws/src/dynamic-box/my_rosbag_reader/cluster_node/build/cluster_node': CMAKE_PREFIX_PATH=${CMAKE_PREFIX_PATH}:/home/dev/ws/src/dynamic-box/my_rosbag_reader/install/my_rosbag_reader:/opt/ros/humble /usr/bin/cmake --build /home/dev/ws/src/dynamic-box/my_rosbag_reader/cluster_node/build/cluster_node -- -j22 -l22
[0.044s] [  2%] Built target cluster_node__cpp
[0.045s] [ 12%] Built target cluster_node__rosidl_generator_c
[0.050s] [ 12%] Built target ament_cmake_python_copy_cluster_node
[0.063s] [ 21%] Built target cluster_node__rosidl_typesupport_fastrtps_c
[0.063s] [ 31%] Built target cluster_node__rosidl_typesupport_fastrtps_cpp
[0.063s] [ 56%] Built target cluster_node__rosidl_typesupport_introspection_cpp
[0.063s] [ 56%] Built target cluster_node__rosidl_typesupport_cpp
[0.063s] [ 60%] Built target cluster_node__rosidl_typesupport_c
[0.064s] [ 70%] Built target cluster_node__rosidl_typesupport_introspection_c
[0.075s] [ 70%] Built target cluster_node
[0.085s] [35m[1mConsolidate compiler generated dependencies of target cluster_cpp[0m
[0.087s] [ 73%] Built target cluster_node__py
[0.100s] [ 80%] Built target cluster_node__rosidl_generator_py
[0.104s] [ 82%] [32mBuilding CXX object CMakeFiles/cluster_cpp.dir/src/cluster_node.cpp.o[0m
[0.116s] [ 97%] Built target cluster_node__rosidl_typesupport_c__pyext
[0.116s] [ 97%] Built target cluster_node__rosidl_typesupport_fastrtps_c__pyext
[0.116s] [ 97%] Built target cluster_node__rosidl_typesupport_introspection_c__pyext
[0.170s] running egg_info
[0.176s] writing cluster_node.egg-info/PKG-INFO
[0.176s] writing dependency_links to cluster_node.egg-info/dependency_links.txt
[0.177s] writing top-level names to cluster_node.egg-info/top_level.txt
[0.198s] reading manifest file 'cluster_node.egg-info/SOURCES.txt'
[0.198s] writing manifest file 'cluster_node.egg-info/SOURCES.txt'
[0.218s] [ 97%] Built target ament_cmake_python_build_cluster_node_egg
[4.964s] [01m[K/home/dev/ws/src/dynamic-box/my_rosbag_reader/cluster_node/src/cluster_node.cpp:[m[K In member function â€˜[01m[Kvoid ClusterNode::listenerCallback(sensor_msgs::msg::PointCloud2_<std::allocator<void> >::SharedPtr)[m[Kâ€™:
[4.964s] [01m[K/home/dev/ws/src/dynamic-box/my_rosbag_reader/cluster_node/src/cluster_node.cpp:194:66:[m[K [01;31m[Kerror: [m[Kinvalid use of non-static member function â€˜[01m[Kstd::vector<Eigen::Matrix<double, 4, 1> > ClusterNode::grow_seed(Eigen::Vector4d, const MatrixXd&, int, const std::vector<Eigen::Matrix<double, 4, 1> >&)[m[Kâ€™
[4.964s]   194 |                 futures.push_back(std::async(std::launch::async, [01;31m[Kgrow_seed[m[K, seed, data_, iter_, C_prev_));
[4.964s]       |                                                                  [01;31m[K^~~~~~~~~[m[K
[4.964s] [01m[K/home/dev/ws/src/dynamic-box/my_rosbag_reader/cluster_node/src/cluster_node.cpp:206:34:[m[K [01;36m[Knote: [m[Kdeclared here
[4.964s]   206 |     std::vector<Eigen::Vector4d> [01;36m[Kgrow_seed[m[K(const Vector4d seed, const MatrixXd& data, int itr, const vector<Vector4d>& C_prev) {
[4.964s]       |                                  [01;36m[K^~~~~~~~~[m[K
[4.984s] [01m[K/home/dev/ws/src/dynamic-box/my_rosbag_reader/cluster_node/src/cluster_node.cpp:[m[K In member function â€˜[01m[Kstd::vector<Eigen::Matrix<double, 4, 1> > ClusterNode::grow_seed(Eigen::Vector4d, const MatrixXd&, int, const std::vector<Eigen::Matrix<double, 4, 1> >&)[m[Kâ€™:
[4.984s] [01m[K/home/dev/ws/src/dynamic-box/my_rosbag_reader/cluster_node/src/cluster_node.cpp:212:16:[m[K [01;31m[Kerror: [m[Kâ€˜[01m[Kc[m[Kâ€™ was not declared in this scope
[4.984s]   212 |         return [01;31m[Kc[m[K;
[4.984s]       |                [01;31m[K^[m[K
[5.114s] [01m[K/home/dev/ws/src/dynamic-box/my_rosbag_reader/cluster_node/src/cluster_node.cpp:[m[K In member function â€˜[01m[Kstd::tuple<std::vector<std::vector<Eigen::Matrix<double, 4, 1, 0, 4, 1>, std::allocator<Eigen::Matrix<double, 4, 1, 0, 4, 1> > >, std::allocator<std::vector<Eigen::Matrix<double, 4, 1, 0, 4, 1>, std::allocator<Eigen::Matrix<double, 4, 1, 0, 4, 1> > > > >, std::vector<Eigen::Matrix<double, 4, 1, 0, 4, 1>, std::allocator<Eigen::Matrix<double, 4, 1, 0, 4, 1> > > > ClusterNode::euclidean_cluster(Eigen::Vector4d, const MatrixXd&, double, int, const string&, const std::vector<Eigen::Matrix<double, 4, 1> >&, bool, double)[m[Kâ€™:
[5.114s] [01m[K/home/dev/ws/src/dynamic-box/my_rosbag_reader/cluster_node/src/cluster_node.cpp:219:29:[m[K [01;35m[Kwarning: [m[Kunused parameter â€˜[01m[KMIN_CLUSTER_SIZE[m[Kâ€™ [[01;35m[K]8;;https://gcc.gnu.org/onlinedocs/gcc/Warning-Options.html#index-Wunused-parameter-Wunused-parameter]8;;[m[K]
[5.114s]   219 |                         [01;35m[Kint MIN_CLUSTER_SIZE = 1[m[K,
[5.114s]       |                         [01;35m[K~~~~^~~~~~~~~~~~~~~~~~~~[m[K
[7.824s] gmake[2]: *** [CMakeFiles/cluster_cpp.dir/build.make:76: CMakeFiles/cluster_cpp.dir/src/cluster_node.cpp.o] Error 1
[7.824s] gmake[1]: *** [CMakeFiles/Makefile2:594: CMakeFiles/cluster_cpp.dir/all] Error 2
[7.824s] gmake: *** [Makefile:146: all] Error 2
[7.826s] Invoked command in '/home/dev/ws/src/dynamic-box/my_rosbag_reader/cluster_node/build/cluster_node' returned '2': CMAKE_PREFIX_PATH=${CMAKE_PREFIX_PATH}:/home/dev/ws/src/dynamic-box/my_rosbag_reader/install/my_rosbag_reader:/opt/ros/humble /usr/bin/cmake --build /home/dev/ws/src/dynamic-box/my_rosbag_reader/cluster_node/build/cluster_node -- -j22 -l22
