[0.012s] Invoking command in '/home/dev/ws/src/dynamic-box/my_rosbag_reader/cluster_node/build/cluster_node': CMAKE_PREFIX_PATH=${CMAKE_PREFIX_PATH}:/home/dev/ws/src/dynamic-box/my_rosbag_reader/install/my_rosbag_reader:/opt/ros/humble /usr/bin/cmake --build /home/dev/ws/src/dynamic-box/my_rosbag_reader/cluster_node/build/cluster_node -- -j22 -l22
[0.048s] [  4%] Built target cluster_node__cpp
[0.048s] [ 12%] [32mBuilding CXX object CMakeFiles/cluster_cpp.dir/src/cluster_node.cpp.o[0m
[0.048s] [ 14%] Built target cluster_node__rosidl_generator_c
[0.057s] [ 14%] Built target ament_cmake_python_copy_cluster_node
[0.068s] [ 24%] Built target cluster_node__rosidl_typesupport_c
[0.068s] [ 43%] Built target cluster_node__rosidl_typesupport_fastrtps_cpp
[0.068s] [ 43%] Built target cluster_node__rosidl_typesupport_cpp
[0.069s] [ 53%] Built target cluster_node__rosidl_typesupport_introspection_c
[0.069s] [ 63%] Built target cluster_node__rosidl_typesupport_introspection_cpp
[0.077s] [ 73%] Built target cluster_node__rosidl_typesupport_fastrtps_c
[0.090s] [ 73%] Built target cluster_node
[0.102s] [ 75%] Built target cluster_node__py
[0.118s] [ 82%] Built target cluster_node__rosidl_generator_py
[0.134s] [ 92%] Built target cluster_node__rosidl_typesupport_introspection_c__pyext
[0.134s] [ 92%] Built target cluster_node__rosidl_typesupport_c__pyext
[0.134s] [ 97%] Built target cluster_node__rosidl_typesupport_fastrtps_c__pyext
[0.185s] running egg_info
[0.192s] writing cluster_node.egg-info/PKG-INFO
[0.192s] writing dependency_links to cluster_node.egg-info/dependency_links.txt
[0.192s] writing top-level names to cluster_node.egg-info/top_level.txt
[0.212s] reading manifest file 'cluster_node.egg-info/SOURCES.txt'
[0.212s] writing manifest file 'cluster_node.egg-info/SOURCES.txt'
[0.232s] [ 97%] Built target ament_cmake_python_build_cluster_node_egg
[3.425s] In file included from [01m[K/opt/ros/humble/include/rclcpp/rclcpp/client.hpp:40[m[K,
[3.425s]                  from [01m[K/opt/ros/humble/include/rclcpp/rclcpp/callback_group.hpp:24[m[K,
[3.425s]                  from [01m[K/opt/ros/humble/include/rclcpp/rclcpp/any_executable.hpp:20[m[K,
[3.425s]                  from [01m[K/opt/ros/humble/include/rclcpp/rclcpp/memory_strategy.hpp:25[m[K,
[3.425s]                  from [01m[K/opt/ros/humble/include/rclcpp/rclcpp/memory_strategies.hpp:18[m[K,
[3.425s]                  from [01m[K/opt/ros/humble/include/rclcpp/rclcpp/executor_options.hpp:20[m[K,
[3.425s]                  from [01m[K/opt/ros/humble/include/rclcpp/rclcpp/executor.hpp:37[m[K,
[3.425s]                  from [01m[K/opt/ros/humble/include/rclcpp/rclcpp/executors/multi_threaded_executor.hpp:25[m[K,
[3.425s]                  from [01m[K/opt/ros/humble/include/rclcpp/rclcpp/executors.hpp:21[m[K,
[3.425s]                  from [01m[K/opt/ros/humble/include/rclcpp/rclcpp/rclcpp.hpp:155[m[K,
[3.425s]                  from [01m[K/home/dev/ws/src/dynamic-box/my_rosbag_reader/cluster_node/src/cluster_node.cpp:1[m[K:
[3.425s] [01m[K/home/dev/ws/src/dynamic-box/my_rosbag_reader/cluster_node/src/cluster_node.cpp:22:5:[m[K [01;31m[Kerror: [m[Kexpected unqualified-id before â€˜[01m[Kdo[m[Kâ€™
[3.425s]    22 |     [01;31m[KRCLCPP_INFO[m[K(this->get_logger(), "ClusterNode started - waiting for PointCloud2 on '/rslidar_points'");
[3.425s]       |     [01;31m[K^~~~~~~~~~~[m[K
[3.425s] [01m[K/home/dev/ws/src/dynamic-box/my_rosbag_reader/cluster_node/src/cluster_node.cpp:22:5:[m[K [01;31m[Kerror: [m[Kexpected unqualified-id before â€˜[01m[Kwhile[m[Kâ€™
[3.425s]    22 |     [01;31m[KRCLCPP_INFO[m[K(this->get_logger(), "ClusterNode started - waiting for PointCloud2 on '/rslidar_points'");
[3.425s]       |     [01;31m[K^~~~~~~~~~~[m[K
[3.425s] [01m[K/home/dev/ws/src/dynamic-box/my_rosbag_reader/cluster_node/src/cluster_node.cpp:23:2:[m[K [01;31m[Kerror: [m[Kexpected â€˜[01m[K;[m[Kâ€™ after class definition
[3.425s]    23 | }
[3.425s]       |  [01;31m[K^[m[K
[3.425s]       |  [32m[K;[m[K
[3.438s] [01m[K/home/dev/ws/src/dynamic-box/my_rosbag_reader/cluster_node/src/cluster_node.cpp:[m[K In constructor â€˜[01m[KClusterNode::ClusterNode()[m[Kâ€™:
[3.438s] [01m[K/home/dev/ws/src/dynamic-box/my_rosbag_reader/cluster_node/src/cluster_node.cpp:17:9:[m[K [01;31m[Kerror: [m[Kâ€˜[01m[Klidar_sub_[m[Kâ€™ was not declared in this scope
[3.438s]    17 |         [01;31m[Klidar_sub_[m[K = this->create_subscription<sensor_msgs::msg::PointCloud2>(
[3.438s]       |         [01;31m[K^~~~~~~~~~[m[K
[3.438s] [01m[K/home/dev/ws/src/dynamic-box/my_rosbag_reader/cluster_node/src/cluster_node.cpp:19:37:[m[K [01;31m[Kerror: [m[Kâ€˜[01m[KlistenerCallback[m[Kâ€™ is not a member of â€˜[01m[KClusterNode[m[Kâ€™
[3.439s]    19 |             std::bind(&ClusterNode::[01;31m[KlistenerCallback[m[K, this, std::placeholders::_1));
[3.439s]       |                                     [01;31m[K^~~~~~~~~~~~~~~~[m[K
[3.439s] [01m[K/home/dev/ws/src/dynamic-box/my_rosbag_reader/cluster_node/src/cluster_node.cpp:[m[K At global scope:
[3.439s] [01m[K/home/dev/ws/src/dynamic-box/my_rosbag_reader/cluster_node/src/cluster_node.cpp:25:1:[m[K [01;31m[Kerror: [m[Kexpected unqualified-id before â€˜[01m[Kprivate[m[Kâ€™
[3.439s]    25 | [01;31m[Kprivate[m[K:
[3.439s]       | [01;31m[K^~~~~~~[m[K
[4.056s] gmake[2]: *** [CMakeFiles/cluster_cpp.dir/build.make:76: CMakeFiles/cluster_cpp.dir/src/cluster_node.cpp.o] Error 1
[4.056s] gmake[1]: *** [CMakeFiles/Makefile2:592: CMakeFiles/cluster_cpp.dir/all] Error 2
[4.056s] gmake: *** [Makefile:146: all] Error 2
[4.058s] Invoked command in '/home/dev/ws/src/dynamic-box/my_rosbag_reader/cluster_node/build/cluster_node' returned '2': CMAKE_PREFIX_PATH=${CMAKE_PREFIX_PATH}:/home/dev/ws/src/dynamic-box/my_rosbag_reader/install/my_rosbag_reader:/opt/ros/humble /usr/bin/cmake --build /home/dev/ws/src/dynamic-box/my_rosbag_reader/cluster_node/build/cluster_node -- -j22 -l22
