[0.011s] Invoking command in '/home/dev/ws/src/dynamic-box/my_rosbag_reader/cluster_node/build/cluster_node': CMAKE_PREFIX_PATH=${CMAKE_PREFIX_PATH}:/home/dev/ws/src/dynamic-box/my_rosbag_reader/install/my_rosbag_reader:/opt/ros/humble /usr/bin/cmake --build /home/dev/ws/src/dynamic-box/my_rosbag_reader/cluster_node/build/cluster_node -- -j22 -l22
[0.047s] [35m[1mConsolidate compiler generated dependencies of target cluster_cpp[0m
[0.050s] [  2%] Built target cluster_node__cpp
[0.050s] [ 12%] Built target cluster_node__rosidl_generator_c
[0.058s] [ 12%] Built target ament_cmake_python_copy_cluster_node
[0.072s] [ 34%] Built target cluster_node__rosidl_typesupport_introspection_c
[0.073s] [ 41%] Built target cluster_node__rosidl_typesupport_fastrtps_cpp
[0.073s] [ 53%] Built target cluster_node__rosidl_typesupport_c
[0.073s] [ 56%] [32mBuilding CXX object CMakeFiles/cluster_cpp.dir/src/cluster_node.cpp.o[0m
[0.073s] [ 63%] Built target cluster_node__rosidl_typesupport_cpp
[0.073s] [ 63%] Built target cluster_node__rosidl_typesupport_introspection_cpp
[0.075s] [ 73%] Built target cluster_node__rosidl_typesupport_fastrtps_c
[0.105s] [ 73%] Built target cluster_node
[0.123s] [ 75%] Built target cluster_node__py
[0.141s] [ 82%] Built target cluster_node__rosidl_generator_py
[0.157s] [ 92%] Built target cluster_node__rosidl_typesupport_fastrtps_c__pyext
[0.157s] [ 92%] Built target cluster_node__rosidl_typesupport_introspection_c__pyext
[0.157s] [ 97%] Built target cluster_node__rosidl_typesupport_c__pyext
[0.211s] running egg_info
[0.219s] writing cluster_node.egg-info/PKG-INFO
[0.220s] writing dependency_links to cluster_node.egg-info/dependency_links.txt
[0.220s] writing top-level names to cluster_node.egg-info/top_level.txt
[0.239s] reading manifest file 'cluster_node.egg-info/SOURCES.txt'
[0.240s] writing manifest file 'cluster_node.egg-info/SOURCES.txt'
[0.259s] [ 97%] Built target ament_cmake_python_build_cluster_node_egg
[3.374s] [01m[K/home/dev/ws/src/dynamic-box/my_rosbag_reader/cluster_node/src/cluster_node.cpp:39:2:[m[K [01;31m[Kerror: [m[Kexpected â€˜[01m[K;[m[Kâ€™ after class definition
[3.374s]    39 | }
[3.374s]       |  [01;31m[K^[m[K
[3.374s]       |  [32m[K;[m[K
[3.383s] [01m[K/home/dev/ws/src/dynamic-box/my_rosbag_reader/cluster_node/src/cluster_node.cpp:[m[K In constructor â€˜[01m[KClusterNode::ClusterNode()[m[Kâ€™:
[3.383s] [01m[K/home/dev/ws/src/dynamic-box/my_rosbag_reader/cluster_node/src/cluster_node.cpp:18:9:[m[K [01;31m[Kerror: [m[Kâ€˜[01m[Klidar_sub_[m[Kâ€™ was not declared in this scope
[3.383s]    18 |         [01;31m[Klidar_sub_[m[K = this->create_subscription<sensor_msgs::msg::PointCloud2>(
[3.383s]       |         [01;31m[K^~~~~~~~~~[m[K
[5.578s] gmake[2]: *** [CMakeFiles/cluster_cpp.dir/build.make:76: CMakeFiles/cluster_cpp.dir/src/cluster_node.cpp.o] Error 1
[5.578s] gmake[1]: *** [CMakeFiles/Makefile2:592: CMakeFiles/cluster_cpp.dir/all] Error 2
[5.578s] gmake: *** [Makefile:146: all] Error 2
[5.580s] Invoked command in '/home/dev/ws/src/dynamic-box/my_rosbag_reader/cluster_node/build/cluster_node' returned '2': CMAKE_PREFIX_PATH=${CMAKE_PREFIX_PATH}:/home/dev/ws/src/dynamic-box/my_rosbag_reader/install/my_rosbag_reader:/opt/ros/humble /usr/bin/cmake --build /home/dev/ws/src/dynamic-box/my_rosbag_reader/cluster_node/build/cluster_node -- -j22 -l22
